Determining if the _POSIX_TIMERS exist failed with the following output:
Change Dir: C:/oss/third_party/sundials/sundials-3.1.0-build/CMakeFiles/CMakeTmp

Run Build Command:"C:/Program Files (x86)/MSBuild/14.0/bin/MSBuild.exe" "cmTC_ab764.vcxproj" "/p:Configuration=Debug" "/p:VisualStudioVersion=14.0"
Microsoft (R) Build Engine version 14.0.25420.1
Copyright (C) Microsoft Corporation. All rights reserved.

Build started 4/18/2018 4:32:32 PM.
Project "C:\oss\third_party\sundials\sundials-3.1.0-build\CMakeFiles\CMakeTmp\cmTC_ab764.vcxproj" on node 1 (default targets).
PrepareForBuild:
  Creating directory "cmTC_ab764.dir\Debug\".
  Creating directory "C:\oss\third_party\sundials\sundials-3.1.0-build\CMakeFiles\CMakeTmp\Debug\".
  Creating directory "cmTC_ab764.dir\Debug\cmTC_ab764.tlog\".
InitializeBuildStatus:
  Creating "cmTC_ab764.dir\Debug\cmTC_ab764.tlog\unsuccessfulbuild" because "AlwaysCreate" was specified.
ClCompile:
  C:\Program Files (x86)\Microsoft Visual Studio 14.0\VC\bin\x86_amd64\CL.exe /c /Zi /W3 /WX- /Od /Ob0 /D WIN32 /D _WINDOWS /D "CMAKE_INTDIR=\"Debug\"" /D _MBCS /Gm- /RTC1 /MDd /GS /fp:precise /Zc:wchar_t /Zc:forScope /Zc:inline /Fo"cmTC_ab764.dir\Debug\\" /Fd"cmTC_ab764.dir\Debug\vc140.pdb" /Gd /TC /errorReport:queue "C:\oss\third_party\sundials\sundials-3.1.0-build\CMakeFiles\CMakeTmp\CheckSymbolExists.c"
  Microsoft (R) C/C++ Optimizing Compiler Version 19.00.24215.1 for x64
  Copyright (C) Microsoft Corporation.  All rights reserved.
  
  cl /c /Zi /W3 /WX- /Od /Ob0 /D WIN32 /D _WINDOWS /D "CMAKE_INTDIR=\"Debug\"" /D _MBCS /Gm- /RTC1 /MDd /GS /fp:precise /Zc:wchar_t /Zc:forScope /Zc:inline /Fo"cmTC_ab764.dir\Debug\\" /Fd"cmTC_ab764.dir\Debug\vc140.pdb" /Gd /TC /errorReport:queue "C:\oss\third_party\sundials\sundials-3.1.0-build\CMakeFiles\CMakeTmp\CheckSymbolExists.c"
  CheckSymbolExists.c
  
C:\oss\third_party\sundials\sundials-3.1.0-build\CMakeFiles\CMakeTmp\CheckSymbolExists.c(2): fatal error C1083: Cannot open include file: 'unistd.h': No such file or directory [C:\oss\third_party\sundials\sundials-3.1.0-build\CMakeFiles\CMakeTmp\cmTC_ab764.vcxproj]
Done Building Project "C:\oss\third_party\sundials\sundials-3.1.0-build\CMakeFiles\CMakeTmp\cmTC_ab764.vcxproj" (default targets) -- FAILED.

Build FAILED.

"C:\oss\third_party\sundials\sundials-3.1.0-build\CMakeFiles\CMakeTmp\cmTC_ab764.vcxproj" (default target) (1) ->
(ClCompile target) -> 
  C:\oss\third_party\sundials\sundials-3.1.0-build\CMakeFiles\CMakeTmp\CheckSymbolExists.c(2): fatal error C1083: Cannot open include file: 'unistd.h': No such file or directory [C:\oss\third_party\sundials\sundials-3.1.0-build\CMakeFiles\CMakeTmp\cmTC_ab764.vcxproj]

    0 Warning(s)
    1 Error(s)

Time Elapsed 00:00:00.52

File C:/oss/third_party/sundials/sundials-3.1.0-build/CMakeFiles/CMakeTmp/CheckSymbolExists.c:
/* */
#include <unistd.h>
#include <time.h>

int main(int argc, char** argv)
{
  (void)argv;
#ifndef _POSIX_TIMERS
  return ((int*)(&_POSIX_TIMERS))[argc];
#else
  (void)argc;
  return 0;
#endif
}

