Determining if the function gethostname exists in the ucb; failed with the following output:
Change Dir: C:/oss/third_party/matio/CMake-hdf5-1.10.1/build/CMakeFiles/CMakeTmp

Run Build Command:"C:/Program Files (x86)/MSBuild/14.0/bin/MSBuild.exe" "cmTC_ca399.vcxproj" "/p:Configuration=Debug" "/p:VisualStudioVersion=14.0"
Microsoft (R) Build Engine version 14.0.25420.1
Copyright (C) Microsoft Corporation. All rights reserved.

Build started 1/12/2018 1:52:56 PM.
Project "C:\oss\third_party\matio\CMake-hdf5-1.10.1\build\CMakeFiles\CMakeTmp\cmTC_ca399.vcxproj" on node 1 (default targets).
PrepareForBuild:
  Creating directory "cmTC_ca399.dir\Debug\".
  Creating directory "C:\oss\third_party\matio\CMake-hdf5-1.10.1\build\CMakeFiles\CMakeTmp\Debug\".
  Creating directory "cmTC_ca399.dir\Debug\cmTC_ca399.tlog\".
InitializeBuildStatus:
  Creating "cmTC_ca399.dir\Debug\cmTC_ca399.tlog\unsuccessfulbuild" because "AlwaysCreate" was specified.
ClCompile:
  C:\Program Files (x86)\Microsoft Visual Studio 14.0\VC\bin\x86_amd64\CL.exe /c /Zi /W3 /WX- /Od /Ob0 /D WIN32 /D _WINDOWS /D CHECK_FUNCTION_EXISTS=gethostname /D WIN32_LEAN_AND_MEAN=1 /D NOGDI=1 /D "CMAKE_INTDIR=\"Debug\"" /D _MBCS /Gm- /RTC1 /MDd /GS /fp:precise /Zc:wchar_t /Zc:forScope /Zc:inline /Fo"cmTC_ca399.dir\Debug\\" /Fd"cmTC_ca399.dir\Debug\vc140.pdb" /Gd /TC /errorReport:queue "C:\CMake\share\cmake-3.9\Modules\CheckFunctionExists.c"
  Microsoft (R) C/C++ Optimizing Compiler Version 19.00.24215.1 for x64
  Copyright (C) Microsoft Corporation.  All rights reserved.
  
  cl /c /Zi /W3 /WX- /Od /Ob0 /D WIN32 /D _WINDOWS /D CHECK_FUNCTION_EXISTS=gethostname /D WIN32_LEAN_AND_MEAN=1 /D NOGDI=1 /D "CMAKE_INTDIR=\"Debug\"" /D _MBCS /Gm- /RTC1 /MDd /GS /fp:precise /Zc:wchar_t /Zc:forScope /Zc:inline /Fo"cmTC_ca399.dir\Debug\\" /Fd"cmTC_ca399.dir\Debug\vc140.pdb" /Gd /TC /errorReport:queue "C:\CMake\share\cmake-3.9\Modules\CheckFunctionExists.c"
  CheckFunctionExists.c
  
Link:
  C:\Program Files (x86)\Microsoft Visual Studio 14.0\VC\bin\x86_amd64\link.exe /ERRORREPORT:QUEUE /OUT:"C:\oss\third_party\matio\CMake-hdf5-1.10.1\build\CMakeFiles\CMakeTmp\Debug\cmTC_ca399.exe" /INCREMENTAL /NOLOGO ucb.lib ws2_32.lib wsock32.lib kernel32.lib user32.lib gdi32.lib winspool.lib shell32.lib ole32.lib oleaut32.lib uuid.lib comdlg32.lib advapi32.lib /MANIFEST /MANIFESTUAC:"level='asInvoker' uiAccess='false'" /manifest:embed /DEBUG /PDB:"C:/oss/third_party/matio/CMake-hdf5-1.10.1/build/CMakeFiles/CMakeTmp/Debug/cmTC_ca399.pdb" /SUBSYSTEM:CONSOLE /TLBID:1 /DYNAMICBASE /NXCOMPAT /IMPLIB:"C:/oss/third_party/matio/CMake-hdf5-1.10.1/build/CMakeFiles/CMakeTmp/Debug/cmTC_ca399.lib" /MACHINE:X64  /machine:x64 cmTC_ca399.dir\Debug\CheckFunctionExists.obj
LINK : fatal error LNK1104: cannot open file 'ucb.lib' [C:\oss\third_party\matio\CMake-hdf5-1.10.1\build\CMakeFiles\CMakeTmp\cmTC_ca399.vcxproj]
Done Building Project "C:\oss\third_party\matio\CMake-hdf5-1.10.1\build\CMakeFiles\CMakeTmp\cmTC_ca399.vcxproj" (default targets) -- FAILED.

Build FAILED.

"C:\oss\third_party\matio\CMake-hdf5-1.10.1\build\CMakeFiles\CMakeTmp\cmTC_ca399.vcxproj" (default target) (1) ->
(Link target) -> 
  LINK : fatal error LNK1104: cannot open file 'ucb.lib' [C:\oss\third_party\matio\CMake-hdf5-1.10.1\build\CMakeFiles\CMakeTmp\cmTC_ca399.vcxproj]

    0 Warning(s)
    1 Error(s)

Time Elapsed 00:00:00.64


Determining if files windows.h;sys/file.h exist failed with the following output:
Change Dir: C:/oss/third_party/matio/CMake-hdf5-1.10.1/build/CMakeFiles/CMakeTmp

Run Build Command:"C:/Program Files (x86)/MSBuild/14.0/bin/MSBuild.exe" "cmTC_75c4c.vcxproj" "/p:Configuration=Debug" "/p:VisualStudioVersion=14.0"
Microsoft (R) Build Engine version 14.0.25420.1
Copyright (C) Microsoft Corporation. All rights reserved.

Build started 1/12/2018 1:52:58 PM.
Project "C:\oss\third_party\matio\CMake-hdf5-1.10.1\build\CMakeFiles\CMakeTmp\cmTC_75c4c.vcxproj" on node 1 (default targets).
PrepareForBuild:
  Creating directory "cmTC_75c4c.dir\Debug\".
  Creating directory "C:\oss\third_party\matio\CMake-hdf5-1.10.1\build\CMakeFiles\CMakeTmp\Debug\".
  Creating directory "cmTC_75c4c.dir\Debug\cmTC_75c4c.tlog\".
InitializeBuildStatus:
  Creating "cmTC_75c4c.dir\Debug\cmTC_75c4c.tlog\unsuccessfulbuild" because "AlwaysCreate" was specified.
ClCompile:
  C:\Program Files (x86)\Microsoft Visual Studio 14.0\VC\bin\x86_amd64\CL.exe /c /Zi /W3 /WX- /Od /Ob0 /D WIN32 /D _WINDOWS /D WIN32_LEAN_AND_MEAN=1 /D NOGDI=1 /D "CMAKE_INTDIR=\"Debug\"" /D _MBCS /Gm- /RTC1 /MDd /GS /fp:precise /Zc:wchar_t /Zc:forScope /Zc:inline /Fo"cmTC_75c4c.dir\Debug\\" /Fd"cmTC_75c4c.dir\Debug\vc140.pdb" /Gd /TC /errorReport:queue "C:\oss\third_party\matio\CMake-hdf5-1.10.1\build\CMakeFiles\CMakeTmp\CheckIncludeFiles.c"
  Microsoft (R) C/C++ Optimizing Compiler Version 19.00.24215.1 for x64
  Copyright (C) Microsoft Corporation.  All rights reserved.
  
  cl /c /Zi /W3 /WX- /Od /Ob0 /D WIN32 /D _WINDOWS /D WIN32_LEAN_AND_MEAN=1 /D NOGDI=1 /D "CMAKE_INTDIR=\"Debug\"" /D _MBCS /Gm- /RTC1 /MDd /GS /fp:precise /Zc:wchar_t /Zc:forScope /Zc:inline /Fo"cmTC_75c4c.dir\Debug\\" /Fd"cmTC_75c4c.dir\Debug\vc140.pdb" /Gd /TC /errorReport:queue "C:\oss\third_party\matio\CMake-hdf5-1.10.1\build\CMakeFiles\CMakeTmp\CheckIncludeFiles.c"
  CheckIncludeFiles.c
  
C:\oss\third_party\matio\CMake-hdf5-1.10.1\build\CMakeFiles\CMakeTmp\CheckIncludeFiles.c(3): fatal error C1083: Cannot open include file: 'sys/file.h': No such file or directory [C:\oss\third_party\matio\CMake-hdf5-1.10.1\build\CMakeFiles\CMakeTmp\cmTC_75c4c.vcxproj]
Done Building Project "C:\oss\third_party\matio\CMake-hdf5-1.10.1\build\CMakeFiles\CMakeTmp\cmTC_75c4c.vcxproj" (default targets) -- FAILED.

Build FAILED.

"C:\oss\third_party\matio\CMake-hdf5-1.10.1\build\CMakeFiles\CMakeTmp\cmTC_75c4c.vcxproj" (default target) (1) ->
(ClCompile target) -> 
  C:\oss\third_party\matio\CMake-hdf5-1.10.1\build\CMakeFiles\CMakeTmp\CheckIncludeFiles.c(3): fatal error C1083: Cannot open include file: 'sys/file.h': No such file or directory [C:\oss\third_party\matio\CMake-hdf5-1.10.1\build\CMakeFiles\CMakeTmp\cmTC_75c4c.vcxproj]

    0 Warning(s)
    1 Error(s)

Time Elapsed 00:00:00.68

Source:
/* */
#include <windows.h>
#include <sys/file.h>


int main(void){return 0;}

Determining if files windows.h;sys/ioctl.h exist failed with the following output:
Change Dir: C:/oss/third_party/matio/CMake-hdf5-1.10.1/build/CMakeFiles/CMakeTmp

Run Build Command:"C:/Program Files (x86)/MSBuild/14.0/bin/MSBuild.exe" "cmTC_0f5dc.vcxproj" "/p:Configuration=Debug" "/p:VisualStudioVersion=14.0"
Microsoft (R) Build Engine version 14.0.25420.1
Copyright (C) Microsoft Corporation. All rights reserved.

Build started 1/12/2018 1:52:59 PM.
Project "C:\oss\third_party\matio\CMake-hdf5-1.10.1\build\CMakeFiles\CMakeTmp\cmTC_0f5dc.vcxproj" on node 1 (default targets).
PrepareForBuild:
  Creating directory "cmTC_0f5dc.dir\Debug\".
  Creating directory "C:\oss\third_party\matio\CMake-hdf5-1.10.1\build\CMakeFiles\CMakeTmp\Debug\".
  Creating directory "cmTC_0f5dc.dir\Debug\cmTC_0f5dc.tlog\".
InitializeBuildStatus:
  Creating "cmTC_0f5dc.dir\Debug\cmTC_0f5dc.tlog\unsuccessfulbuild" because "AlwaysCreate" was specified.
ClCompile:
  C:\Program Files (x86)\Microsoft Visual Studio 14.0\VC\bin\x86_amd64\CL.exe /c /Zi /W3 /WX- /Od /Ob0 /D WIN32 /D _WINDOWS /D WIN32_LEAN_AND_MEAN=1 /D NOGDI=1 /D "CMAKE_INTDIR=\"Debug\"" /D _MBCS /Gm- /RTC1 /MDd /GS /fp:precise /Zc:wchar_t /Zc:forScope /Zc:inline /Fo"cmTC_0f5dc.dir\Debug\\" /Fd"cmTC_0f5dc.dir\Debug\vc140.pdb" /Gd /TC /errorReport:queue "C:\oss\third_party\matio\CMake-hdf5-1.10.1\build\CMakeFiles\CMakeTmp\CheckIncludeFiles.c"
  Microsoft (R) C/C++ Optimizing Compiler Version 19.00.24215.1 for x64
  Copyright (C) Microsoft Corporation.  All rights reserved.
  
  cl /c /Zi /W3 /WX- /Od /Ob0 /D WIN32 /D _WINDOWS /D WIN32_LEAN_AND_MEAN=1 /D NOGDI=1 /D "CMAKE_INTDIR=\"Debug\"" /D _MBCS /Gm- /RTC1 /MDd /GS /fp:precise /Zc:wchar_t /Zc:forScope /Zc:inline /Fo"cmTC_0f5dc.dir\Debug\\" /Fd"cmTC_0f5dc.dir\Debug\vc140.pdb" /Gd /TC /errorReport:queue "C:\oss\third_party\matio\CMake-hdf5-1.10.1\build\CMakeFiles\CMakeTmp\CheckIncludeFiles.c"
  CheckIncludeFiles.c
  
C:\oss\third_party\matio\CMake-hdf5-1.10.1\build\CMakeFiles\CMakeTmp\CheckIncludeFiles.c(3): fatal error C1083: Cannot open include file: 'sys/ioctl.h': No such file or directory [C:\oss\third_party\matio\CMake-hdf5-1.10.1\build\CMakeFiles\CMakeTmp\cmTC_0f5dc.vcxproj]
Done Building Project "C:\oss\third_party\matio\CMake-hdf5-1.10.1\build\CMakeFiles\CMakeTmp\cmTC_0f5dc.vcxproj" (default targets) -- FAILED.

Build FAILED.

"C:\oss\third_party\matio\CMake-hdf5-1.10.1\build\CMakeFiles\CMakeTmp\cmTC_0f5dc.vcxproj" (default target) (1) ->
(ClCompile target) -> 
  C:\oss\third_party\matio\CMake-hdf5-1.10.1\build\CMakeFiles\CMakeTmp\CheckIncludeFiles.c(3): fatal error C1083: Cannot open include file: 'sys/ioctl.h': No such file or directory [C:\oss\third_party\matio\CMake-hdf5-1.10.1\build\CMakeFiles\CMakeTmp\cmTC_0f5dc.vcxproj]

    0 Warning(s)
    1 Error(s)

Time Elapsed 00:00:01.55

Source:
/* */
#include <windows.h>
#include <sys/ioctl.h>


int main(void){return 0;}

Determining if files windows.h;sys/resource.h exist failed with the following output:
Change Dir: C:/oss/third_party/matio/CMake-hdf5-1.10.1/build/CMakeFiles/CMakeTmp

Run Build Command:"C:/Program Files (x86)/MSBuild/14.0/bin/MSBuild.exe" "cmTC_07526.vcxproj" "/p:Configuration=Debug" "/p:VisualStudioVersion=14.0"
Microsoft (R) Build Engine version 14.0.25420.1
Copyright (C) Microsoft Corporation. All rights reserved.

Build started 1/12/2018 1:53:01 PM.
Project "C:\oss\third_party\matio\CMake-hdf5-1.10.1\build\CMakeFiles\CMakeTmp\cmTC_07526.vcxproj" on node 1 (default targets).
PrepareForBuild:
  Creating directory "cmTC_07526.dir\Debug\".
  Creating directory "C:\oss\third_party\matio\CMake-hdf5-1.10.1\build\CMakeFiles\CMakeTmp\Debug\".
  Creating directory "cmTC_07526.dir\Debug\cmTC_07526.tlog\".
InitializeBuildStatus:
  Creating "cmTC_07526.dir\Debug\cmTC_07526.tlog\unsuccessfulbuild" because "AlwaysCreate" was specified.
ClCompile:
  C:\Program Files (x86)\Microsoft Visual Studio 14.0\VC\bin\x86_amd64\CL.exe /c /Zi /W3 /WX- /Od /Ob0 /D WIN32 /D _WINDOWS /D WIN32_LEAN_AND_MEAN=1 /D NOGDI=1 /D "CMAKE_INTDIR=\"Debug\"" /D _MBCS /Gm- /RTC1 /MDd /GS /fp:precise /Zc:wchar_t /Zc:forScope /Zc:inline /Fo"cmTC_07526.dir\Debug\\" /Fd"cmTC_07526.dir\Debug\vc140.pdb" /Gd /TC /errorReport:queue "C:\oss\third_party\matio\CMake-hdf5-1.10.1\build\CMakeFiles\CMakeTmp\CheckIncludeFiles.c"
  Microsoft (R) C/C++ Optimizing Compiler Version 19.00.24215.1 for x64
  Copyright (C) Microsoft Corporation.  All rights reserved.
  
  cl /c /Zi /W3 /WX- /Od /Ob0 /D WIN32 /D _WINDOWS /D WIN32_LEAN_AND_MEAN=1 /D NOGDI=1 /D "CMAKE_INTDIR=\"Debug\"" /D _MBCS /Gm- /RTC1 /MDd /GS /fp:precise /Zc:wchar_t /Zc:forScope /Zc:inline /Fo"cmTC_07526.dir\Debug\\" /Fd"cmTC_07526.dir\Debug\vc140.pdb" /Gd /TC /errorReport:queue "C:\oss\third_party\matio\CMake-hdf5-1.10.1\build\CMakeFiles\CMakeTmp\CheckIncludeFiles.c"
  CheckIncludeFiles.c
  
C:\oss\third_party\matio\CMake-hdf5-1.10.1\build\CMakeFiles\CMakeTmp\CheckIncludeFiles.c(3): fatal error C1083: Cannot open include file: 'sys/resource.h': No such file or directory [C:\oss\third_party\matio\CMake-hdf5-1.10.1\build\CMakeFiles\CMakeTmp\cmTC_07526.vcxproj]
Done Building Project "C:\oss\third_party\matio\CMake-hdf5-1.10.1\build\CMakeFiles\CMakeTmp\cmTC_07526.vcxproj" (default targets) -- FAILED.

Build FAILED.

"C:\oss\third_party\matio\CMake-hdf5-1.10.1\build\CMakeFiles\CMakeTmp\cmTC_07526.vcxproj" (default target) (1) ->
(ClCompile target) -> 
  C:\oss\third_party\matio\CMake-hdf5-1.10.1\build\CMakeFiles\CMakeTmp\CheckIncludeFiles.c(3): fatal error C1083: Cannot open include file: 'sys/resource.h': No such file or directory [C:\oss\third_party\matio\CMake-hdf5-1.10.1\build\CMakeFiles\CMakeTmp\cmTC_07526.vcxproj]

    0 Warning(s)
    1 Error(s)

Time Elapsed 00:00:00.61

Source:
/* */
#include <windows.h>
#include <sys/resource.h>


int main(void){return 0;}

Determining if files windows.h;sys/socket.h exist failed with the following output:
Change Dir: C:/oss/third_party/matio/CMake-hdf5-1.10.1/build/CMakeFiles/CMakeTmp

Run Build Command:"C:/Program Files (x86)/MSBuild/14.0/bin/MSBuild.exe" "cmTC_a4a2a.vcxproj" "/p:Configuration=Debug" "/p:VisualStudioVersion=14.0"
Microsoft (R) Build Engine version 14.0.25420.1
Copyright (C) Microsoft Corporation. All rights reserved.

Build started 1/12/2018 1:53:01 PM.
Project "C:\oss\third_party\matio\CMake-hdf5-1.10.1\build\CMakeFiles\CMakeTmp\cmTC_a4a2a.vcxproj" on node 1 (default targets).
PrepareForBuild:
  Creating directory "cmTC_a4a2a.dir\Debug\".
  Creating directory "C:\oss\third_party\matio\CMake-hdf5-1.10.1\build\CMakeFiles\CMakeTmp\Debug\".
  Creating directory "cmTC_a4a2a.dir\Debug\cmTC_a4a2a.tlog\".
InitializeBuildStatus:
  Creating "cmTC_a4a2a.dir\Debug\cmTC_a4a2a.tlog\unsuccessfulbuild" because "AlwaysCreate" was specified.
ClCompile:
  C:\Program Files (x86)\Microsoft Visual Studio 14.0\VC\bin\x86_amd64\CL.exe /c /Zi /W3 /WX- /Od /Ob0 /D WIN32 /D _WINDOWS /D WIN32_LEAN_AND_MEAN=1 /D NOGDI=1 /D "CMAKE_INTDIR=\"Debug\"" /D _MBCS /Gm- /RTC1 /MDd /GS /fp:precise /Zc:wchar_t /Zc:forScope /Zc:inline /Fo"cmTC_a4a2a.dir\Debug\\" /Fd"cmTC_a4a2a.dir\Debug\vc140.pdb" /Gd /TC /errorReport:queue "C:\oss\third_party\matio\CMake-hdf5-1.10.1\build\CMakeFiles\CMakeTmp\CheckIncludeFiles.c"
  Microsoft (R) C/C++ Optimizing Compiler Version 19.00.24215.1 for x64
  Copyright (C) Microsoft Corporation.  All rights reserved.
  
  cl /c /Zi /W3 /WX- /Od /Ob0 /D WIN32 /D _WINDOWS /D WIN32_LEAN_AND_MEAN=1 /D NOGDI=1 /D "CMAKE_INTDIR=\"Debug\"" /D _MBCS /Gm- /RTC1 /MDd /GS /fp:precise /Zc:wchar_t /Zc:forScope /Zc:inline /Fo"cmTC_a4a2a.dir\Debug\\" /Fd"cmTC_a4a2a.dir\Debug\vc140.pdb" /Gd /TC /errorReport:queue "C:\oss\third_party\matio\CMake-hdf5-1.10.1\build\CMakeFiles\CMakeTmp\CheckIncludeFiles.c"
  CheckIncludeFiles.c
  
C:\oss\third_party\matio\CMake-hdf5-1.10.1\build\CMakeFiles\CMakeTmp\CheckIncludeFiles.c(3): fatal error C1083: Cannot open include file: 'sys/socket.h': No such file or directory [C:\oss\third_party\matio\CMake-hdf5-1.10.1\build\CMakeFiles\CMakeTmp\cmTC_a4a2a.vcxproj]
Done Building Project "C:\oss\third_party\matio\CMake-hdf5-1.10.1\build\CMakeFiles\CMakeTmp\cmTC_a4a2a.vcxproj" (default targets) -- FAILED.

Build FAILED.

"C:\oss\third_party\matio\CMake-hdf5-1.10.1\build\CMakeFiles\CMakeTmp\cmTC_a4a2a.vcxproj" (default target) (1) ->
(ClCompile target) -> 
  C:\oss\third_party\matio\CMake-hdf5-1.10.1\build\CMakeFiles\CMakeTmp\CheckIncludeFiles.c(3): fatal error C1083: Cannot open include file: 'sys/socket.h': No such file or directory [C:\oss\third_party\matio\CMake-hdf5-1.10.1\build\CMakeFiles\CMakeTmp\cmTC_a4a2a.vcxproj]

    0 Warning(s)
    1 Error(s)

Time Elapsed 00:00:00.59

Source:
/* */
#include <windows.h>
#include <sys/socket.h>


int main(void){return 0;}

Determining if files windows.h;sys/stat.h;sys/time.h exist failed with the following output:
Change Dir: C:/oss/third_party/matio/CMake-hdf5-1.10.1/build/CMakeFiles/CMakeTmp

Run Build Command:"C:/Program Files (x86)/MSBuild/14.0/bin/MSBuild.exe" "cmTC_5d8b2.vcxproj" "/p:Configuration=Debug" "/p:VisualStudioVersion=14.0"
Microsoft (R) Build Engine version 14.0.25420.1
Copyright (C) Microsoft Corporation. All rights reserved.

Build started 1/12/2018 1:53:02 PM.
Project "C:\oss\third_party\matio\CMake-hdf5-1.10.1\build\CMakeFiles\CMakeTmp\cmTC_5d8b2.vcxproj" on node 1 (default targets).
PrepareForBuild:
  Creating directory "cmTC_5d8b2.dir\Debug\".
  Creating directory "C:\oss\third_party\matio\CMake-hdf5-1.10.1\build\CMakeFiles\CMakeTmp\Debug\".
  Creating directory "cmTC_5d8b2.dir\Debug\cmTC_5d8b2.tlog\".
InitializeBuildStatus:
  Creating "cmTC_5d8b2.dir\Debug\cmTC_5d8b2.tlog\unsuccessfulbuild" because "AlwaysCreate" was specified.
ClCompile:
  C:\Program Files (x86)\Microsoft Visual Studio 14.0\VC\bin\x86_amd64\CL.exe /c /Zi /W3 /WX- /Od /Ob0 /D WIN32 /D _WINDOWS /D WIN32_LEAN_AND_MEAN=1 /D NOGDI=1 /D "CMAKE_INTDIR=\"Debug\"" /D _MBCS /Gm- /RTC1 /MDd /GS /fp:precise /Zc:wchar_t /Zc:forScope /Zc:inline /Fo"cmTC_5d8b2.dir\Debug\\" /Fd"cmTC_5d8b2.dir\Debug\vc140.pdb" /Gd /TC /errorReport:queue "C:\oss\third_party\matio\CMake-hdf5-1.10.1\build\CMakeFiles\CMakeTmp\CheckIncludeFiles.c"
  Microsoft (R) C/C++ Optimizing Compiler Version 19.00.24215.1 for x64
  Copyright (C) Microsoft Corporation.  All rights reserved.
  
  cl /c /Zi /W3 /WX- /Od /Ob0 /D WIN32 /D _WINDOWS /D WIN32_LEAN_AND_MEAN=1 /D NOGDI=1 /D "CMAKE_INTDIR=\"Debug\"" /D _MBCS /Gm- /RTC1 /MDd /GS /fp:precise /Zc:wchar_t /Zc:forScope /Zc:inline /Fo"cmTC_5d8b2.dir\Debug\\" /Fd"cmTC_5d8b2.dir\Debug\vc140.pdb" /Gd /TC /errorReport:queue "C:\oss\third_party\matio\CMake-hdf5-1.10.1\build\CMakeFiles\CMakeTmp\CheckIncludeFiles.c"
  CheckIncludeFiles.c
  
C:\oss\third_party\matio\CMake-hdf5-1.10.1\build\CMakeFiles\CMakeTmp\CheckIncludeFiles.c(4): fatal error C1083: Cannot open include file: 'sys/time.h': No such file or directory [C:\oss\third_party\matio\CMake-hdf5-1.10.1\build\CMakeFiles\CMakeTmp\cmTC_5d8b2.vcxproj]
Done Building Project "C:\oss\third_party\matio\CMake-hdf5-1.10.1\build\CMakeFiles\CMakeTmp\cmTC_5d8b2.vcxproj" (default targets) -- FAILED.

Build FAILED.

"C:\oss\third_party\matio\CMake-hdf5-1.10.1\build\CMakeFiles\CMakeTmp\cmTC_5d8b2.vcxproj" (default target) (1) ->
(ClCompile target) -> 
  C:\oss\third_party\matio\CMake-hdf5-1.10.1\build\CMakeFiles\CMakeTmp\CheckIncludeFiles.c(4): fatal error C1083: Cannot open include file: 'sys/time.h': No such file or directory [C:\oss\third_party\matio\CMake-hdf5-1.10.1\build\CMakeFiles\CMakeTmp\cmTC_5d8b2.vcxproj]

    0 Warning(s)
    1 Error(s)

Time Elapsed 00:00:00.63

Source:
/* */
#include <windows.h>
#include <sys/stat.h>
#include <sys/time.h>


int main(void){return 0;}

Determining if files windows.h;sys/stat.h;sys/types.h;features.h exist failed with the following output:
Change Dir: C:/oss/third_party/matio/CMake-hdf5-1.10.1/build/CMakeFiles/CMakeTmp

Run Build Command:"C:/Program Files (x86)/MSBuild/14.0/bin/MSBuild.exe" "cmTC_62da3.vcxproj" "/p:Configuration=Debug" "/p:VisualStudioVersion=14.0"
Microsoft (R) Build Engine version 14.0.25420.1
Copyright (C) Microsoft Corporation. All rights reserved.

Build started 1/12/2018 1:53:03 PM.
Project "C:\oss\third_party\matio\CMake-hdf5-1.10.1\build\CMakeFiles\CMakeTmp\cmTC_62da3.vcxproj" on node 1 (default targets).
PrepareForBuild:
  Creating directory "cmTC_62da3.dir\Debug\".
  Creating directory "C:\oss\third_party\matio\CMake-hdf5-1.10.1\build\CMakeFiles\CMakeTmp\Debug\".
  Creating directory "cmTC_62da3.dir\Debug\cmTC_62da3.tlog\".
InitializeBuildStatus:
  Creating "cmTC_62da3.dir\Debug\cmTC_62da3.tlog\unsuccessfulbuild" because "AlwaysCreate" was specified.
ClCompile:
  C:\Program Files (x86)\Microsoft Visual Studio 14.0\VC\bin\x86_amd64\CL.exe /c /Zi /W3 /WX- /Od /Ob0 /D WIN32 /D _WINDOWS /D WIN32_LEAN_AND_MEAN=1 /D NOGDI=1 /D "CMAKE_INTDIR=\"Debug\"" /D _MBCS /Gm- /RTC1 /MDd /GS /fp:precise /Zc:wchar_t /Zc:forScope /Zc:inline /Fo"cmTC_62da3.dir\Debug\\" /Fd"cmTC_62da3.dir\Debug\vc140.pdb" /Gd /TC /errorReport:queue "C:\oss\third_party\matio\CMake-hdf5-1.10.1\build\CMakeFiles\CMakeTmp\CheckIncludeFiles.c"
  Microsoft (R) C/C++ Optimizing Compiler Version 19.00.24215.1 for x64
  Copyright (C) Microsoft Corporation.  All rights reserved.
  
  cl /c /Zi /W3 /WX- /Od /Ob0 /D WIN32 /D _WINDOWS /D WIN32_LEAN_AND_MEAN=1 /D NOGDI=1 /D "CMAKE_INTDIR=\"Debug\"" /D _MBCS /Gm- /RTC1 /MDd /GS /fp:precise /Zc:wchar_t /Zc:forScope /Zc:inline /Fo"cmTC_62da3.dir\Debug\\" /Fd"cmTC_62da3.dir\Debug\vc140.pdb" /Gd /TC /errorReport:queue "C:\oss\third_party\matio\CMake-hdf5-1.10.1\build\CMakeFiles\CMakeTmp\CheckIncludeFiles.c"
  CheckIncludeFiles.c
  
C:\oss\third_party\matio\CMake-hdf5-1.10.1\build\CMakeFiles\CMakeTmp\CheckIncludeFiles.c(5): fatal error C1083: Cannot open include file: 'features.h': No such file or directory [C:\oss\third_party\matio\CMake-hdf5-1.10.1\build\CMakeFiles\CMakeTmp\cmTC_62da3.vcxproj]
Done Building Project "C:\oss\third_party\matio\CMake-hdf5-1.10.1\build\CMakeFiles\CMakeTmp\cmTC_62da3.vcxproj" (default targets) -- FAILED.

Build FAILED.

"C:\oss\third_party\matio\CMake-hdf5-1.10.1\build\CMakeFiles\CMakeTmp\cmTC_62da3.vcxproj" (default target) (1) ->
(ClCompile target) -> 
  C:\oss\third_party\matio\CMake-hdf5-1.10.1\build\CMakeFiles\CMakeTmp\CheckIncludeFiles.c(5): fatal error C1083: Cannot open include file: 'features.h': No such file or directory [C:\oss\third_party\matio\CMake-hdf5-1.10.1\build\CMakeFiles\CMakeTmp\cmTC_62da3.vcxproj]

    0 Warning(s)
    1 Error(s)

Time Elapsed 00:00:00.62

Source:
/* */
#include <windows.h>
#include <sys/stat.h>
#include <sys/types.h>
#include <features.h>


int main(void){return 0;}

Determining if files windows.h;sys/stat.h;sys/types.h;dirent.h exist failed with the following output:
Change Dir: C:/oss/third_party/matio/CMake-hdf5-1.10.1/build/CMakeFiles/CMakeTmp

Run Build Command:"C:/Program Files (x86)/MSBuild/14.0/bin/MSBuild.exe" "cmTC_07812.vcxproj" "/p:Configuration=Debug" "/p:VisualStudioVersion=14.0"
Microsoft (R) Build Engine version 14.0.25420.1
Copyright (C) Microsoft Corporation. All rights reserved.

Build started 1/12/2018 1:53:04 PM.
Project "C:\oss\third_party\matio\CMake-hdf5-1.10.1\build\CMakeFiles\CMakeTmp\cmTC_07812.vcxproj" on node 1 (default targets).
PrepareForBuild:
  Creating directory "cmTC_07812.dir\Debug\".
  Creating directory "C:\oss\third_party\matio\CMake-hdf5-1.10.1\build\CMakeFiles\CMakeTmp\Debug\".
  Creating directory "cmTC_07812.dir\Debug\cmTC_07812.tlog\".
InitializeBuildStatus:
  Creating "cmTC_07812.dir\Debug\cmTC_07812.tlog\unsuccessfulbuild" because "AlwaysCreate" was specified.
ClCompile:
  C:\Program Files (x86)\Microsoft Visual Studio 14.0\VC\bin\x86_amd64\CL.exe /c /Zi /W3 /WX- /Od /Ob0 /D WIN32 /D _WINDOWS /D WIN32_LEAN_AND_MEAN=1 /D NOGDI=1 /D "CMAKE_INTDIR=\"Debug\"" /D _MBCS /Gm- /RTC1 /MDd /GS /fp:precise /Zc:wchar_t /Zc:forScope /Zc:inline /Fo"cmTC_07812.dir\Debug\\" /Fd"cmTC_07812.dir\Debug\vc140.pdb" /Gd /TC /errorReport:queue "C:\oss\third_party\matio\CMake-hdf5-1.10.1\build\CMakeFiles\CMakeTmp\CheckIncludeFiles.c"
  Microsoft (R) C/C++ Optimizing Compiler Version 19.00.24215.1 for x64
  Copyright (C) Microsoft Corporation.  All rights reserved.
  
  cl /c /Zi /W3 /WX- /Od /Ob0 /D WIN32 /D _WINDOWS /D WIN32_LEAN_AND_MEAN=1 /D NOGDI=1 /D "CMAKE_INTDIR=\"Debug\"" /D _MBCS /Gm- /RTC1 /MDd /GS /fp:precise /Zc:wchar_t /Zc:forScope /Zc:inline /Fo"cmTC_07812.dir\Debug\\" /Fd"cmTC_07812.dir\Debug\vc140.pdb" /Gd /TC /errorReport:queue "C:\oss\third_party\matio\CMake-hdf5-1.10.1\build\CMakeFiles\CMakeTmp\CheckIncludeFiles.c"
  CheckIncludeFiles.c
  
C:\oss\third_party\matio\CMake-hdf5-1.10.1\build\CMakeFiles\CMakeTmp\CheckIncludeFiles.c(5): fatal error C1083: Cannot open include file: 'dirent.h': No such file or directory [C:\oss\third_party\matio\CMake-hdf5-1.10.1\build\CMakeFiles\CMakeTmp\cmTC_07812.vcxproj]
Done Building Project "C:\oss\third_party\matio\CMake-hdf5-1.10.1\build\CMakeFiles\CMakeTmp\cmTC_07812.vcxproj" (default targets) -- FAILED.

Build FAILED.

"C:\oss\third_party\matio\CMake-hdf5-1.10.1\build\CMakeFiles\CMakeTmp\cmTC_07812.vcxproj" (default target) (1) ->
(ClCompile target) -> 
  C:\oss\third_party\matio\CMake-hdf5-1.10.1\build\CMakeFiles\CMakeTmp\CheckIncludeFiles.c(5): fatal error C1083: Cannot open include file: 'dirent.h': No such file or directory [C:\oss\third_party\matio\CMake-hdf5-1.10.1\build\CMakeFiles\CMakeTmp\cmTC_07812.vcxproj]

    0 Warning(s)
    1 Error(s)

Time Elapsed 00:00:00.62

Source:
/* */
#include <windows.h>
#include <sys/stat.h>
#include <sys/types.h>
#include <dirent.h>


int main(void){return 0;}

Determining if files windows.h;sys/stat.h;sys/types.h;setjmp.h;stddef.h;stdint.h;unistd.h exist failed with the following output:
Change Dir: C:/oss/third_party/matio/CMake-hdf5-1.10.1/build/CMakeFiles/CMakeTmp

Run Build Command:"C:/Program Files (x86)/MSBuild/14.0/bin/MSBuild.exe" "cmTC_2a1bb.vcxproj" "/p:Configuration=Debug" "/p:VisualStudioVersion=14.0"
Microsoft (R) Build Engine version 14.0.25420.1
Copyright (C) Microsoft Corporation. All rights reserved.

Build started 1/12/2018 1:53:07 PM.
Project "C:\oss\third_party\matio\CMake-hdf5-1.10.1\build\CMakeFiles\CMakeTmp\cmTC_2a1bb.vcxproj" on node 1 (default targets).
PrepareForBuild:
  Creating directory "cmTC_2a1bb.dir\Debug\".
  Creating directory "C:\oss\third_party\matio\CMake-hdf5-1.10.1\build\CMakeFiles\CMakeTmp\Debug\".
  Creating directory "cmTC_2a1bb.dir\Debug\cmTC_2a1bb.tlog\".
InitializeBuildStatus:
  Creating "cmTC_2a1bb.dir\Debug\cmTC_2a1bb.tlog\unsuccessfulbuild" because "AlwaysCreate" was specified.
ClCompile:
  C:\Program Files (x86)\Microsoft Visual Studio 14.0\VC\bin\x86_amd64\CL.exe /c /Zi /W3 /WX- /Od /Ob0 /D WIN32 /D _WINDOWS /D WIN32_LEAN_AND_MEAN=1 /D NOGDI=1 /D "CMAKE_INTDIR=\"Debug\"" /D _MBCS /Gm- /RTC1 /MDd /GS /fp:precise /Zc:wchar_t /Zc:forScope /Zc:inline /Fo"cmTC_2a1bb.dir\Debug\\" /Fd"cmTC_2a1bb.dir\Debug\vc140.pdb" /Gd /TC /errorReport:queue "C:\oss\third_party\matio\CMake-hdf5-1.10.1\build\CMakeFiles\CMakeTmp\CheckIncludeFiles.c"
  Microsoft (R) C/C++ Optimizing Compiler Version 19.00.24215.1 for x64
  Copyright (C) Microsoft Corporation.  All rights reserved.
  
  cl /c /Zi /W3 /WX- /Od /Ob0 /D WIN32 /D _WINDOWS /D WIN32_LEAN_AND_MEAN=1 /D NOGDI=1 /D "CMAKE_INTDIR=\"Debug\"" /D _MBCS /Gm- /RTC1 /MDd /GS /fp:precise /Zc:wchar_t /Zc:forScope /Zc:inline /Fo"cmTC_2a1bb.dir\Debug\\" /Fd"cmTC_2a1bb.dir\Debug\vc140.pdb" /Gd /TC /errorReport:queue "C:\oss\third_party\matio\CMake-hdf5-1.10.1\build\CMakeFiles\CMakeTmp\CheckIncludeFiles.c"
  CheckIncludeFiles.c
  
C:\oss\third_party\matio\CMake-hdf5-1.10.1\build\CMakeFiles\CMakeTmp\CheckIncludeFiles.c(8): fatal error C1083: Cannot open include file: 'unistd.h': No such file or directory [C:\oss\third_party\matio\CMake-hdf5-1.10.1\build\CMakeFiles\CMakeTmp\cmTC_2a1bb.vcxproj]
Done Building Project "C:\oss\third_party\matio\CMake-hdf5-1.10.1\build\CMakeFiles\CMakeTmp\cmTC_2a1bb.vcxproj" (default targets) -- FAILED.

Build FAILED.

"C:\oss\third_party\matio\CMake-hdf5-1.10.1\build\CMakeFiles\CMakeTmp\cmTC_2a1bb.vcxproj" (default target) (1) ->
(ClCompile target) -> 
  C:\oss\third_party\matio\CMake-hdf5-1.10.1\build\CMakeFiles\CMakeTmp\CheckIncludeFiles.c(8): fatal error C1083: Cannot open include file: 'unistd.h': No such file or directory [C:\oss\third_party\matio\CMake-hdf5-1.10.1\build\CMakeFiles\CMakeTmp\cmTC_2a1bb.vcxproj]

    0 Warning(s)
    1 Error(s)

Time Elapsed 00:00:00.60

Source:
/* */
#include <windows.h>
#include <sys/stat.h>
#include <sys/types.h>
#include <setjmp.h>
#include <stddef.h>
#include <stdint.h>
#include <unistd.h>


int main(void){return 0;}

Determining if files windows.h;sys/stat.h;sys/types.h;setjmp.h;stddef.h;stdint.h;mach/mach_time.h exist failed with the following output:
Change Dir: C:/oss/third_party/matio/CMake-hdf5-1.10.1/build/CMakeFiles/CMakeTmp

Run Build Command:"C:/Program Files (x86)/MSBuild/14.0/bin/MSBuild.exe" "cmTC_2a29a.vcxproj" "/p:Configuration=Debug" "/p:VisualStudioVersion=14.0"
Microsoft (R) Build Engine version 14.0.25420.1
Copyright (C) Microsoft Corporation. All rights reserved.

Build started 1/12/2018 1:53:09 PM.
Project "C:\oss\third_party\matio\CMake-hdf5-1.10.1\build\CMakeFiles\CMakeTmp\cmTC_2a29a.vcxproj" on node 1 (default targets).
PrepareForBuild:
  Creating directory "cmTC_2a29a.dir\Debug\".
  Creating directory "C:\oss\third_party\matio\CMake-hdf5-1.10.1\build\CMakeFiles\CMakeTmp\Debug\".
  Creating directory "cmTC_2a29a.dir\Debug\cmTC_2a29a.tlog\".
InitializeBuildStatus:
  Creating "cmTC_2a29a.dir\Debug\cmTC_2a29a.tlog\unsuccessfulbuild" because "AlwaysCreate" was specified.
ClCompile:
  C:\Program Files (x86)\Microsoft Visual Studio 14.0\VC\bin\x86_amd64\CL.exe /c /Zi /W3 /WX- /Od /Ob0 /D WIN32 /D _WINDOWS /D WIN32_LEAN_AND_MEAN=1 /D NOGDI=1 /D "CMAKE_INTDIR=\"Debug\"" /D _MBCS /Gm- /RTC1 /MDd /GS /fp:precise /Zc:wchar_t /Zc:forScope /Zc:inline /Fo"cmTC_2a29a.dir\Debug\\" /Fd"cmTC_2a29a.dir\Debug\vc140.pdb" /Gd /TC /errorReport:queue "C:\oss\third_party\matio\CMake-hdf5-1.10.1\build\CMakeFiles\CMakeTmp\CheckIncludeFiles.c"
  Microsoft (R) C/C++ Optimizing Compiler Version 19.00.24215.1 for x64
  Copyright (C) Microsoft Corporation.  All rights reserved.
  
  cl /c /Zi /W3 /WX- /Od /Ob0 /D WIN32 /D _WINDOWS /D WIN32_LEAN_AND_MEAN=1 /D NOGDI=1 /D "CMAKE_INTDIR=\"Debug\"" /D _MBCS /Gm- /RTC1 /MDd /GS /fp:precise /Zc:wchar_t /Zc:forScope /Zc:inline /Fo"cmTC_2a29a.dir\Debug\\" /Fd"cmTC_2a29a.dir\Debug\vc140.pdb" /Gd /TC /errorReport:queue "C:\oss\third_party\matio\CMake-hdf5-1.10.1\build\CMakeFiles\CMakeTmp\CheckIncludeFiles.c"
  CheckIncludeFiles.c
  
C:\oss\third_party\matio\CMake-hdf5-1.10.1\build\CMakeFiles\CMakeTmp\CheckIncludeFiles.c(8): fatal error C1083: Cannot open include file: 'mach/mach_time.h': No such file or directory [C:\oss\third_party\matio\CMake-hdf5-1.10.1\build\CMakeFiles\CMakeTmp\cmTC_2a29a.vcxproj]
Done Building Project "C:\oss\third_party\matio\CMake-hdf5-1.10.1\build\CMakeFiles\CMakeTmp\cmTC_2a29a.vcxproj" (default targets) -- FAILED.

Build FAILED.

"C:\oss\third_party\matio\CMake-hdf5-1.10.1\build\CMakeFiles\CMakeTmp\cmTC_2a29a.vcxproj" (default target) (1) ->
(ClCompile target) -> 
  C:\oss\third_party\matio\CMake-hdf5-1.10.1\build\CMakeFiles\CMakeTmp\CheckIncludeFiles.c(8): fatal error C1083: Cannot open include file: 'mach/mach_time.h': No such file or directory [C:\oss\third_party\matio\CMake-hdf5-1.10.1\build\CMakeFiles\CMakeTmp\cmTC_2a29a.vcxproj]

    0 Warning(s)
    1 Error(s)

Time Elapsed 00:00:00.60

Source:
/* */
#include <windows.h>
#include <sys/stat.h>
#include <sys/types.h>
#include <setjmp.h>
#include <stddef.h>
#include <stdint.h>
#include <mach/mach_time.h>


int main(void){return 0;}

Determining if files windows.h;sys/stat.h;sys/types.h;setjmp.h;stddef.h;stdint.h;io.h;winsock2.h;sys/timeb.h;globus/common.h exist failed with the following output:
Change Dir: C:/oss/third_party/matio/CMake-hdf5-1.10.1/build/CMakeFiles/CMakeTmp

Run Build Command:"C:/Program Files (x86)/MSBuild/14.0/bin/MSBuild.exe" "cmTC_788a7.vcxproj" "/p:Configuration=Debug" "/p:VisualStudioVersion=14.0"
Microsoft (R) Build Engine version 14.0.25420.1
Copyright (C) Microsoft Corporation. All rights reserved.

Build started 1/12/2018 1:53:13 PM.
Project "C:\oss\third_party\matio\CMake-hdf5-1.10.1\build\CMakeFiles\CMakeTmp\cmTC_788a7.vcxproj" on node 1 (default targets).
PrepareForBuild:
  Creating directory "cmTC_788a7.dir\Debug\".
  Creating directory "C:\oss\third_party\matio\CMake-hdf5-1.10.1\build\CMakeFiles\CMakeTmp\Debug\".
  Creating directory "cmTC_788a7.dir\Debug\cmTC_788a7.tlog\".
InitializeBuildStatus:
  Creating "cmTC_788a7.dir\Debug\cmTC_788a7.tlog\unsuccessfulbuild" because "AlwaysCreate" was specified.
ClCompile:
  C:\Program Files (x86)\Microsoft Visual Studio 14.0\VC\bin\x86_amd64\CL.exe /c /Zi /W3 /WX- /Od /Ob0 /D WIN32 /D _WINDOWS /D WIN32_LEAN_AND_MEAN=1 /D NOGDI=1 /D "CMAKE_INTDIR=\"Debug\"" /D _MBCS /Gm- /RTC1 /MDd /GS /fp:precise /Zc:wchar_t /Zc:forScope /Zc:inline /Fo"cmTC_788a7.dir\Debug\\" /Fd"cmTC_788a7.dir\Debug\vc140.pdb" /Gd /TC /errorReport:queue "C:\oss\third_party\matio\CMake-hdf5-1.10.1\build\CMakeFiles\CMakeTmp\CheckIncludeFiles.c"
  Microsoft (R) C/C++ Optimizing Compiler Version 19.00.24215.1 for x64
  Copyright (C) Microsoft Corporation.  All rights reserved.
  
  cl /c /Zi /W3 /WX- /Od /Ob0 /D WIN32 /D _WINDOWS /D WIN32_LEAN_AND_MEAN=1 /D NOGDI=1 /D "CMAKE_INTDIR=\"Debug\"" /D _MBCS /Gm- /RTC1 /MDd /GS /fp:precise /Zc:wchar_t /Zc:forScope /Zc:inline /Fo"cmTC_788a7.dir\Debug\\" /Fd"cmTC_788a7.dir\Debug\vc140.pdb" /Gd /TC /errorReport:queue "C:\oss\third_party\matio\CMake-hdf5-1.10.1\build\CMakeFiles\CMakeTmp\CheckIncludeFiles.c"
  CheckIncludeFiles.c
  
C:\oss\third_party\matio\CMake-hdf5-1.10.1\build\CMakeFiles\CMakeTmp\CheckIncludeFiles.c(11): fatal error C1083: Cannot open include file: 'globus/common.h': No such file or directory [C:\oss\third_party\matio\CMake-hdf5-1.10.1\build\CMakeFiles\CMakeTmp\cmTC_788a7.vcxproj]
Done Building Project "C:\oss\third_party\matio\CMake-hdf5-1.10.1\build\CMakeFiles\CMakeTmp\cmTC_788a7.vcxproj" (default targets) -- FAILED.

Build FAILED.

"C:\oss\third_party\matio\CMake-hdf5-1.10.1\build\CMakeFiles\CMakeTmp\cmTC_788a7.vcxproj" (default target) (1) ->
(ClCompile target) -> 
  C:\oss\third_party\matio\CMake-hdf5-1.10.1\build\CMakeFiles\CMakeTmp\CheckIncludeFiles.c(11): fatal error C1083: Cannot open include file: 'globus/common.h': No such file or directory [C:\oss\third_party\matio\CMake-hdf5-1.10.1\build\CMakeFiles\CMakeTmp\cmTC_788a7.vcxproj]

    0 Warning(s)
    1 Error(s)

Time Elapsed 00:00:00.62

Source:
/* */
#include <windows.h>
#include <sys/stat.h>
#include <sys/types.h>
#include <setjmp.h>
#include <stddef.h>
#include <stdint.h>
#include <io.h>
#include <winsock2.h>
#include <sys/timeb.h>
#include <globus/common.h>


int main(void){return 0;}

Determining if files windows.h;sys/stat.h;sys/types.h;setjmp.h;stddef.h;stdint.h;io.h;winsock2.h;sys/timeb.h;pdb.h exist failed with the following output:
Change Dir: C:/oss/third_party/matio/CMake-hdf5-1.10.1/build/CMakeFiles/CMakeTmp

Run Build Command:"C:/Program Files (x86)/MSBuild/14.0/bin/MSBuild.exe" "cmTC_dfc44.vcxproj" "/p:Configuration=Debug" "/p:VisualStudioVersion=14.0"
Microsoft (R) Build Engine version 14.0.25420.1
Copyright (C) Microsoft Corporation. All rights reserved.

Build started 1/12/2018 1:53:14 PM.
Project "C:\oss\third_party\matio\CMake-hdf5-1.10.1\build\CMakeFiles\CMakeTmp\cmTC_dfc44.vcxproj" on node 1 (default targets).
PrepareForBuild:
  Creating directory "cmTC_dfc44.dir\Debug\".
  Creating directory "C:\oss\third_party\matio\CMake-hdf5-1.10.1\build\CMakeFiles\CMakeTmp\Debug\".
  Creating directory "cmTC_dfc44.dir\Debug\cmTC_dfc44.tlog\".
InitializeBuildStatus:
  Creating "cmTC_dfc44.dir\Debug\cmTC_dfc44.tlog\unsuccessfulbuild" because "AlwaysCreate" was specified.
ClCompile:
  C:\Program Files (x86)\Microsoft Visual Studio 14.0\VC\bin\x86_amd64\CL.exe /c /Zi /W3 /WX- /Od /Ob0 /D WIN32 /D _WINDOWS /D WIN32_LEAN_AND_MEAN=1 /D NOGDI=1 /D "CMAKE_INTDIR=\"Debug\"" /D _MBCS /Gm- /RTC1 /MDd /GS /fp:precise /Zc:wchar_t /Zc:forScope /Zc:inline /Fo"cmTC_dfc44.dir\Debug\\" /Fd"cmTC_dfc44.dir\Debug\vc140.pdb" /Gd /TC /errorReport:queue "C:\oss\third_party\matio\CMake-hdf5-1.10.1\build\CMakeFiles\CMakeTmp\CheckIncludeFiles.c"
  Microsoft (R) C/C++ Optimizing Compiler Version 19.00.24215.1 for x64
  Copyright (C) Microsoft Corporation.  All rights reserved.
  
  cl /c /Zi /W3 /WX- /Od /Ob0 /D WIN32 /D _WINDOWS /D WIN32_LEAN_AND_MEAN=1 /D NOGDI=1 /D "CMAKE_INTDIR=\"Debug\"" /D _MBCS /Gm- /RTC1 /MDd /GS /fp:precise /Zc:wchar_t /Zc:forScope /Zc:inline /Fo"cmTC_dfc44.dir\Debug\\" /Fd"cmTC_dfc44.dir\Debug\vc140.pdb" /Gd /TC /errorReport:queue "C:\oss\third_party\matio\CMake-hdf5-1.10.1\build\CMakeFiles\CMakeTmp\CheckIncludeFiles.c"
  CheckIncludeFiles.c
  
C:\oss\third_party\matio\CMake-hdf5-1.10.1\build\CMakeFiles\CMakeTmp\CheckIncludeFiles.c(11): fatal error C1083: Cannot open include file: 'pdb.h': No such file or directory [C:\oss\third_party\matio\CMake-hdf5-1.10.1\build\CMakeFiles\CMakeTmp\cmTC_dfc44.vcxproj]
Done Building Project "C:\oss\third_party\matio\CMake-hdf5-1.10.1\build\CMakeFiles\CMakeTmp\cmTC_dfc44.vcxproj" (default targets) -- FAILED.

Build FAILED.

"C:\oss\third_party\matio\CMake-hdf5-1.10.1\build\CMakeFiles\CMakeTmp\cmTC_dfc44.vcxproj" (default target) (1) ->
(ClCompile target) -> 
  C:\oss\third_party\matio\CMake-hdf5-1.10.1\build\CMakeFiles\CMakeTmp\CheckIncludeFiles.c(11): fatal error C1083: Cannot open include file: 'pdb.h': No such file or directory [C:\oss\third_party\matio\CMake-hdf5-1.10.1\build\CMakeFiles\CMakeTmp\cmTC_dfc44.vcxproj]

    0 Warning(s)
    1 Error(s)

Time Elapsed 00:00:00.62

Source:
/* */
#include <windows.h>
#include <sys/stat.h>
#include <sys/types.h>
#include <setjmp.h>
#include <stddef.h>
#include <stdint.h>
#include <io.h>
#include <winsock2.h>
#include <sys/timeb.h>
#include <pdb.h>


int main(void){return 0;}

Determining if files windows.h;sys/stat.h;sys/types.h;setjmp.h;stddef.h;stdint.h;io.h;winsock2.h;sys/timeb.h;pthread.h exist failed with the following output:
Change Dir: C:/oss/third_party/matio/CMake-hdf5-1.10.1/build/CMakeFiles/CMakeTmp

Run Build Command:"C:/Program Files (x86)/MSBuild/14.0/bin/MSBuild.exe" "cmTC_a9d73.vcxproj" "/p:Configuration=Debug" "/p:VisualStudioVersion=14.0"
Microsoft (R) Build Engine version 14.0.25420.1
Copyright (C) Microsoft Corporation. All rights reserved.

Build started 1/12/2018 1:53:15 PM.
Project "C:\oss\third_party\matio\CMake-hdf5-1.10.1\build\CMakeFiles\CMakeTmp\cmTC_a9d73.vcxproj" on node 1 (default targets).
PrepareForBuild:
  Creating directory "cmTC_a9d73.dir\Debug\".
  Creating directory "C:\oss\third_party\matio\CMake-hdf5-1.10.1\build\CMakeFiles\CMakeTmp\Debug\".
  Creating directory "cmTC_a9d73.dir\Debug\cmTC_a9d73.tlog\".
InitializeBuildStatus:
  Creating "cmTC_a9d73.dir\Debug\cmTC_a9d73.tlog\unsuccessfulbuild" because "AlwaysCreate" was specified.
ClCompile:
  C:\Program Files (x86)\Microsoft Visual Studio 14.0\VC\bin\x86_amd64\CL.exe /c /Zi /W3 /WX- /Od /Ob0 /D WIN32 /D _WINDOWS /D WIN32_LEAN_AND_MEAN=1 /D NOGDI=1 /D "CMAKE_INTDIR=\"Debug\"" /D _MBCS /Gm- /RTC1 /MDd /GS /fp:precise /Zc:wchar_t /Zc:forScope /Zc:inline /Fo"cmTC_a9d73.dir\Debug\\" /Fd"cmTC_a9d73.dir\Debug\vc140.pdb" /Gd /TC /errorReport:queue "C:\oss\third_party\matio\CMake-hdf5-1.10.1\build\CMakeFiles\CMakeTmp\CheckIncludeFiles.c"
  Microsoft (R) C/C++ Optimizing Compiler Version 19.00.24215.1 for x64
  Copyright (C) Microsoft Corporation.  All rights reserved.
  
  cl /c /Zi /W3 /WX- /Od /Ob0 /D WIN32 /D _WINDOWS /D WIN32_LEAN_AND_MEAN=1 /D NOGDI=1 /D "CMAKE_INTDIR=\"Debug\"" /D _MBCS /Gm- /RTC1 /MDd /GS /fp:precise /Zc:wchar_t /Zc:forScope /Zc:inline /Fo"cmTC_a9d73.dir\Debug\\" /Fd"cmTC_a9d73.dir\Debug\vc140.pdb" /Gd /TC /errorReport:queue "C:\oss\third_party\matio\CMake-hdf5-1.10.1\build\CMakeFiles\CMakeTmp\CheckIncludeFiles.c"
  CheckIncludeFiles.c
  
C:\oss\third_party\matio\CMake-hdf5-1.10.1\build\CMakeFiles\CMakeTmp\CheckIncludeFiles.c(11): fatal error C1083: Cannot open include file: 'pthread.h': No such file or directory [C:\oss\third_party\matio\CMake-hdf5-1.10.1\build\CMakeFiles\CMakeTmp\cmTC_a9d73.vcxproj]
Done Building Project "C:\oss\third_party\matio\CMake-hdf5-1.10.1\build\CMakeFiles\CMakeTmp\cmTC_a9d73.vcxproj" (default targets) -- FAILED.

Build FAILED.

"C:\oss\third_party\matio\CMake-hdf5-1.10.1\build\CMakeFiles\CMakeTmp\cmTC_a9d73.vcxproj" (default target) (1) ->
(ClCompile target) -> 
  C:\oss\third_party\matio\CMake-hdf5-1.10.1\build\CMakeFiles\CMakeTmp\CheckIncludeFiles.c(11): fatal error C1083: Cannot open include file: 'pthread.h': No such file or directory [C:\oss\third_party\matio\CMake-hdf5-1.10.1\build\CMakeFiles\CMakeTmp\cmTC_a9d73.vcxproj]

    0 Warning(s)
    1 Error(s)

Time Elapsed 00:00:00.63

Source:
/* */
#include <windows.h>
#include <sys/stat.h>
#include <sys/types.h>
#include <setjmp.h>
#include <stddef.h>
#include <stdint.h>
#include <io.h>
#include <winsock2.h>
#include <sys/timeb.h>
#include <pthread.h>


int main(void){return 0;}

Determining if files windows.h;sys/stat.h;sys/types.h;setjmp.h;stddef.h;stdint.h;io.h;winsock2.h;sys/timeb.h;srbclient.h exist failed with the following output:
Change Dir: C:/oss/third_party/matio/CMake-hdf5-1.10.1/build/CMakeFiles/CMakeTmp

Run Build Command:"C:/Program Files (x86)/MSBuild/14.0/bin/MSBuild.exe" "cmTC_4a222.vcxproj" "/p:Configuration=Debug" "/p:VisualStudioVersion=14.0"
Microsoft (R) Build Engine version 14.0.25420.1
Copyright (C) Microsoft Corporation. All rights reserved.

Build started 1/12/2018 1:53:16 PM.
Project "C:\oss\third_party\matio\CMake-hdf5-1.10.1\build\CMakeFiles\CMakeTmp\cmTC_4a222.vcxproj" on node 1 (default targets).
PrepareForBuild:
  Creating directory "cmTC_4a222.dir\Debug\".
  Creating directory "C:\oss\third_party\matio\CMake-hdf5-1.10.1\build\CMakeFiles\CMakeTmp\Debug\".
  Creating directory "cmTC_4a222.dir\Debug\cmTC_4a222.tlog\".
InitializeBuildStatus:
  Creating "cmTC_4a222.dir\Debug\cmTC_4a222.tlog\unsuccessfulbuild" because "AlwaysCreate" was specified.
ClCompile:
  C:\Program Files (x86)\Microsoft Visual Studio 14.0\VC\bin\x86_amd64\CL.exe /c /Zi /W3 /WX- /Od /Ob0 /D WIN32 /D _WINDOWS /D WIN32_LEAN_AND_MEAN=1 /D NOGDI=1 /D "CMAKE_INTDIR=\"Debug\"" /D _MBCS /Gm- /RTC1 /MDd /GS /fp:precise /Zc:wchar_t /Zc:forScope /Zc:inline /Fo"cmTC_4a222.dir\Debug\\" /Fd"cmTC_4a222.dir\Debug\vc140.pdb" /Gd /TC /errorReport:queue "C:\oss\third_party\matio\CMake-hdf5-1.10.1\build\CMakeFiles\CMakeTmp\CheckIncludeFiles.c"
  Microsoft (R) C/C++ Optimizing Compiler Version 19.00.24215.1 for x64
  Copyright (C) Microsoft Corporation.  All rights reserved.
  
  cl /c /Zi /W3 /WX- /Od /Ob0 /D WIN32 /D _WINDOWS /D WIN32_LEAN_AND_MEAN=1 /D NOGDI=1 /D "CMAKE_INTDIR=\"Debug\"" /D _MBCS /Gm- /RTC1 /MDd /GS /fp:precise /Zc:wchar_t /Zc:forScope /Zc:inline /Fo"cmTC_4a222.dir\Debug\\" /Fd"cmTC_4a222.dir\Debug\vc140.pdb" /Gd /TC /errorReport:queue "C:\oss\third_party\matio\CMake-hdf5-1.10.1\build\CMakeFiles\CMakeTmp\CheckIncludeFiles.c"
  CheckIncludeFiles.c
  
C:\oss\third_party\matio\CMake-hdf5-1.10.1\build\CMakeFiles\CMakeTmp\CheckIncludeFiles.c(11): fatal error C1083: Cannot open include file: 'srbclient.h': No such file or directory [C:\oss\third_party\matio\CMake-hdf5-1.10.1\build\CMakeFiles\CMakeTmp\cmTC_4a222.vcxproj]
Done Building Project "C:\oss\third_party\matio\CMake-hdf5-1.10.1\build\CMakeFiles\CMakeTmp\cmTC_4a222.vcxproj" (default targets) -- FAILED.

Build FAILED.

"C:\oss\third_party\matio\CMake-hdf5-1.10.1\build\CMakeFiles\CMakeTmp\cmTC_4a222.vcxproj" (default target) (1) ->
(ClCompile target) -> 
  C:\oss\third_party\matio\CMake-hdf5-1.10.1\build\CMakeFiles\CMakeTmp\CheckIncludeFiles.c(11): fatal error C1083: Cannot open include file: 'srbclient.h': No such file or directory [C:\oss\third_party\matio\CMake-hdf5-1.10.1\build\CMakeFiles\CMakeTmp\cmTC_4a222.vcxproj]

    0 Warning(s)
    1 Error(s)

Time Elapsed 00:00:01.30

Source:
/* */
#include <windows.h>
#include <sys/stat.h>
#include <sys/types.h>
#include <setjmp.h>
#include <stddef.h>
#include <stdint.h>
#include <io.h>
#include <winsock2.h>
#include <sys/timeb.h>
#include <srbclient.h>


int main(void){return 0;}

Determining if files windows.h;sys/stat.h;sys/types.h;setjmp.h;stddef.h;stdint.h;io.h;winsock2.h;sys/timeb.h;string.h;strings.h exist failed with the following output:
Change Dir: C:/oss/third_party/matio/CMake-hdf5-1.10.1/build/CMakeFiles/CMakeTmp

Run Build Command:"C:/Program Files (x86)/MSBuild/14.0/bin/MSBuild.exe" "cmTC_9ff17.vcxproj" "/p:Configuration=Debug" "/p:VisualStudioVersion=14.0"
Microsoft (R) Build Engine version 14.0.25420.1
Copyright (C) Microsoft Corporation. All rights reserved.

Build started 1/12/2018 1:53:18 PM.
Project "C:\oss\third_party\matio\CMake-hdf5-1.10.1\build\CMakeFiles\CMakeTmp\cmTC_9ff17.vcxproj" on node 1 (default targets).
PrepareForBuild:
  Creating directory "cmTC_9ff17.dir\Debug\".
  Creating directory "C:\oss\third_party\matio\CMake-hdf5-1.10.1\build\CMakeFiles\CMakeTmp\Debug\".
  Creating directory "cmTC_9ff17.dir\Debug\cmTC_9ff17.tlog\".
InitializeBuildStatus:
  Creating "cmTC_9ff17.dir\Debug\cmTC_9ff17.tlog\unsuccessfulbuild" because "AlwaysCreate" was specified.
ClCompile:
  C:\Program Files (x86)\Microsoft Visual Studio 14.0\VC\bin\x86_amd64\CL.exe /c /Zi /W3 /WX- /Od /Ob0 /D WIN32 /D _WINDOWS /D WIN32_LEAN_AND_MEAN=1 /D NOGDI=1 /D "CMAKE_INTDIR=\"Debug\"" /D _MBCS /Gm- /RTC1 /MDd /GS /fp:precise /Zc:wchar_t /Zc:forScope /Zc:inline /Fo"cmTC_9ff17.dir\Debug\\" /Fd"cmTC_9ff17.dir\Debug\vc140.pdb" /Gd /TC /errorReport:queue "C:\oss\third_party\matio\CMake-hdf5-1.10.1\build\CMakeFiles\CMakeTmp\CheckIncludeFiles.c"
  Microsoft (R) C/C++ Optimizing Compiler Version 19.00.24215.1 for x64
  Copyright (C) Microsoft Corporation.  All rights reserved.
  
  cl /c /Zi /W3 /WX- /Od /Ob0 /D WIN32 /D _WINDOWS /D WIN32_LEAN_AND_MEAN=1 /D NOGDI=1 /D "CMAKE_INTDIR=\"Debug\"" /D _MBCS /Gm- /RTC1 /MDd /GS /fp:precise /Zc:wchar_t /Zc:forScope /Zc:inline /Fo"cmTC_9ff17.dir\Debug\\" /Fd"cmTC_9ff17.dir\Debug\vc140.pdb" /Gd /TC /errorReport:queue "C:\oss\third_party\matio\CMake-hdf5-1.10.1\build\CMakeFiles\CMakeTmp\CheckIncludeFiles.c"
  CheckIncludeFiles.c
  
C:\oss\third_party\matio\CMake-hdf5-1.10.1\build\CMakeFiles\CMakeTmp\CheckIncludeFiles.c(12): fatal error C1083: Cannot open include file: 'strings.h': No such file or directory [C:\oss\third_party\matio\CMake-hdf5-1.10.1\build\CMakeFiles\CMakeTmp\cmTC_9ff17.vcxproj]
Done Building Project "C:\oss\third_party\matio\CMake-hdf5-1.10.1\build\CMakeFiles\CMakeTmp\cmTC_9ff17.vcxproj" (default targets) -- FAILED.

Build FAILED.

"C:\oss\third_party\matio\CMake-hdf5-1.10.1\build\CMakeFiles\CMakeTmp\cmTC_9ff17.vcxproj" (default target) (1) ->
(ClCompile target) -> 
  C:\oss\third_party\matio\CMake-hdf5-1.10.1\build\CMakeFiles\CMakeTmp\CheckIncludeFiles.c(12): fatal error C1083: Cannot open include file: 'strings.h': No such file or directory [C:\oss\third_party\matio\CMake-hdf5-1.10.1\build\CMakeFiles\CMakeTmp\cmTC_9ff17.vcxproj]

    0 Warning(s)
    1 Error(s)

Time Elapsed 00:00:00.64

Source:
/* */
#include <windows.h>
#include <sys/stat.h>
#include <sys/types.h>
#include <setjmp.h>
#include <stddef.h>
#include <stdint.h>
#include <io.h>
#include <winsock2.h>
#include <sys/timeb.h>
#include <string.h>
#include <strings.h>


int main(void){return 0;}

Determining if files windows.h;sys/stat.h;sys/types.h;setjmp.h;stddef.h;stdint.h;io.h;winsock2.h;sys/timeb.h;string.h;stdlib.h;memory.h;dlfcn.h exist failed with the following output:
Change Dir: C:/oss/third_party/matio/CMake-hdf5-1.10.1/build/CMakeFiles/CMakeTmp

Run Build Command:"C:/Program Files (x86)/MSBuild/14.0/bin/MSBuild.exe" "cmTC_f0221.vcxproj" "/p:Configuration=Debug" "/p:VisualStudioVersion=14.0"
Microsoft (R) Build Engine version 14.0.25420.1
Copyright (C) Microsoft Corporation. All rights reserved.

Build started 1/12/2018 1:53:21 PM.
Project "C:\oss\third_party\matio\CMake-hdf5-1.10.1\build\CMakeFiles\CMakeTmp\cmTC_f0221.vcxproj" on node 1 (default targets).
PrepareForBuild:
  Creating directory "cmTC_f0221.dir\Debug\".
  Creating directory "C:\oss\third_party\matio\CMake-hdf5-1.10.1\build\CMakeFiles\CMakeTmp\Debug\".
  Creating directory "cmTC_f0221.dir\Debug\cmTC_f0221.tlog\".
InitializeBuildStatus:
  Creating "cmTC_f0221.dir\Debug\cmTC_f0221.tlog\unsuccessfulbuild" because "AlwaysCreate" was specified.
ClCompile:
  C:\Program Files (x86)\Microsoft Visual Studio 14.0\VC\bin\x86_amd64\CL.exe /c /Zi /W3 /WX- /Od /Ob0 /D WIN32 /D _WINDOWS /D WIN32_LEAN_AND_MEAN=1 /D NOGDI=1 /D "CMAKE_INTDIR=\"Debug\"" /D _MBCS /Gm- /RTC1 /MDd /GS /fp:precise /Zc:wchar_t /Zc:forScope /Zc:inline /Fo"cmTC_f0221.dir\Debug\\" /Fd"cmTC_f0221.dir\Debug\vc140.pdb" /Gd /TC /errorReport:queue "C:\oss\third_party\matio\CMake-hdf5-1.10.1\build\CMakeFiles\CMakeTmp\CheckIncludeFiles.c"
  Microsoft (R) C/C++ Optimizing Compiler Version 19.00.24215.1 for x64
  Copyright (C) Microsoft Corporation.  All rights reserved.
  
  cl /c /Zi /W3 /WX- /Od /Ob0 /D WIN32 /D _WINDOWS /D WIN32_LEAN_AND_MEAN=1 /D NOGDI=1 /D "CMAKE_INTDIR=\"Debug\"" /D _MBCS /Gm- /RTC1 /MDd /GS /fp:precise /Zc:wchar_t /Zc:forScope /Zc:inline /Fo"cmTC_f0221.dir\Debug\\" /Fd"cmTC_f0221.dir\Debug\vc140.pdb" /Gd /TC /errorReport:queue "C:\oss\third_party\matio\CMake-hdf5-1.10.1\build\CMakeFiles\CMakeTmp\CheckIncludeFiles.c"
  CheckIncludeFiles.c
  
C:\oss\third_party\matio\CMake-hdf5-1.10.1\build\CMakeFiles\CMakeTmp\CheckIncludeFiles.c(14): fatal error C1083: Cannot open include file: 'dlfcn.h': No such file or directory [C:\oss\third_party\matio\CMake-hdf5-1.10.1\build\CMakeFiles\CMakeTmp\cmTC_f0221.vcxproj]
Done Building Project "C:\oss\third_party\matio\CMake-hdf5-1.10.1\build\CMakeFiles\CMakeTmp\cmTC_f0221.vcxproj" (default targets) -- FAILED.

Build FAILED.

"C:\oss\third_party\matio\CMake-hdf5-1.10.1\build\CMakeFiles\CMakeTmp\cmTC_f0221.vcxproj" (default target) (1) ->
(ClCompile target) -> 
  C:\oss\third_party\matio\CMake-hdf5-1.10.1\build\CMakeFiles\CMakeTmp\CheckIncludeFiles.c(14): fatal error C1083: Cannot open include file: 'dlfcn.h': No such file or directory [C:\oss\third_party\matio\CMake-hdf5-1.10.1\build\CMakeFiles\CMakeTmp\cmTC_f0221.vcxproj]

    0 Warning(s)
    1 Error(s)

Time Elapsed 00:00:00.65

Source:
/* */
#include <windows.h>
#include <sys/stat.h>
#include <sys/types.h>
#include <setjmp.h>
#include <stddef.h>
#include <stdint.h>
#include <io.h>
#include <winsock2.h>
#include <sys/timeb.h>
#include <string.h>
#include <stdlib.h>
#include <memory.h>
#include <dlfcn.h>


int main(void){return 0;}

Determining if files windows.h;sys/stat.h;sys/types.h;setjmp.h;stddef.h;stdint.h;io.h;winsock2.h;sys/timeb.h;string.h;stdlib.h;memory.h;inttypes.h;netinet/in.h exist failed with the following output:
Change Dir: C:/oss/third_party/matio/CMake-hdf5-1.10.1/build/CMakeFiles/CMakeTmp

Run Build Command:"C:/Program Files (x86)/MSBuild/14.0/bin/MSBuild.exe" "cmTC_d3b4f.vcxproj" "/p:Configuration=Debug" "/p:VisualStudioVersion=14.0"
Microsoft (R) Build Engine version 14.0.25420.1
Copyright (C) Microsoft Corporation. All rights reserved.

Build started 1/12/2018 1:53:23 PM.
Project "C:\oss\third_party\matio\CMake-hdf5-1.10.1\build\CMakeFiles\CMakeTmp\cmTC_d3b4f.vcxproj" on node 1 (default targets).
PrepareForBuild:
  Creating directory "cmTC_d3b4f.dir\Debug\".
  Creating directory "C:\oss\third_party\matio\CMake-hdf5-1.10.1\build\CMakeFiles\CMakeTmp\Debug\".
  Creating directory "cmTC_d3b4f.dir\Debug\cmTC_d3b4f.tlog\".
InitializeBuildStatus:
  Creating "cmTC_d3b4f.dir\Debug\cmTC_d3b4f.tlog\unsuccessfulbuild" because "AlwaysCreate" was specified.
ClCompile:
  C:\Program Files (x86)\Microsoft Visual Studio 14.0\VC\bin\x86_amd64\CL.exe /c /Zi /W3 /WX- /Od /Ob0 /D WIN32 /D _WINDOWS /D WIN32_LEAN_AND_MEAN=1 /D NOGDI=1 /D "CMAKE_INTDIR=\"Debug\"" /D _MBCS /Gm- /RTC1 /MDd /GS /fp:precise /Zc:wchar_t /Zc:forScope /Zc:inline /Fo"cmTC_d3b4f.dir\Debug\\" /Fd"cmTC_d3b4f.dir\Debug\vc140.pdb" /Gd /TC /errorReport:queue "C:\oss\third_party\matio\CMake-hdf5-1.10.1\build\CMakeFiles\CMakeTmp\CheckIncludeFiles.c"
  Microsoft (R) C/C++ Optimizing Compiler Version 19.00.24215.1 for x64
  Copyright (C) Microsoft Corporation.  All rights reserved.
  
  cl /c /Zi /W3 /WX- /Od /Ob0 /D WIN32 /D _WINDOWS /D WIN32_LEAN_AND_MEAN=1 /D NOGDI=1 /D "CMAKE_INTDIR=\"Debug\"" /D _MBCS /Gm- /RTC1 /MDd /GS /fp:precise /Zc:wchar_t /Zc:forScope /Zc:inline /Fo"cmTC_d3b4f.dir\Debug\\" /Fd"cmTC_d3b4f.dir\Debug\vc140.pdb" /Gd /TC /errorReport:queue "C:\oss\third_party\matio\CMake-hdf5-1.10.1\build\CMakeFiles\CMakeTmp\CheckIncludeFiles.c"
  CheckIncludeFiles.c
  
C:\oss\third_party\matio\CMake-hdf5-1.10.1\build\CMakeFiles\CMakeTmp\CheckIncludeFiles.c(15): fatal error C1083: Cannot open include file: 'netinet/in.h': No such file or directory [C:\oss\third_party\matio\CMake-hdf5-1.10.1\build\CMakeFiles\CMakeTmp\cmTC_d3b4f.vcxproj]
Done Building Project "C:\oss\third_party\matio\CMake-hdf5-1.10.1\build\CMakeFiles\CMakeTmp\cmTC_d3b4f.vcxproj" (default targets) -- FAILED.

Build FAILED.

"C:\oss\third_party\matio\CMake-hdf5-1.10.1\build\CMakeFiles\CMakeTmp\cmTC_d3b4f.vcxproj" (default target) (1) ->
(ClCompile target) -> 
  C:\oss\third_party\matio\CMake-hdf5-1.10.1\build\CMakeFiles\CMakeTmp\CheckIncludeFiles.c(15): fatal error C1083: Cannot open include file: 'netinet/in.h': No such file or directory [C:\oss\third_party\matio\CMake-hdf5-1.10.1\build\CMakeFiles\CMakeTmp\cmTC_d3b4f.vcxproj]

    0 Warning(s)
    1 Error(s)

Time Elapsed 00:00:00.63

Source:
/* */
#include <windows.h>
#include <sys/stat.h>
#include <sys/types.h>
#include <setjmp.h>
#include <stddef.h>
#include <stdint.h>
#include <io.h>
#include <winsock2.h>
#include <sys/timeb.h>
#include <string.h>
#include <stdlib.h>
#include <memory.h>
#include <inttypes.h>
#include <netinet/in.h>


int main(void){return 0;}

Determining size of ssize_t failed with the following output:
Change Dir: C:/oss/third_party/matio/CMake-hdf5-1.10.1/build/CMakeFiles/CMakeTmp

Run Build Command:"C:/Program Files (x86)/MSBuild/14.0/bin/MSBuild.exe" "cmTC_9158f.vcxproj" "/p:Configuration=Debug" "/p:VisualStudioVersion=14.0"
Microsoft (R) Build Engine version 14.0.25420.1
Copyright (C) Microsoft Corporation. All rights reserved.

Build started 1/12/2018 1:54:12 PM.
Project "C:\oss\third_party\matio\CMake-hdf5-1.10.1\build\CMakeFiles\CMakeTmp\cmTC_9158f.vcxproj" on node 1 (default targets).
PrepareForBuild:
  Creating directory "cmTC_9158f.dir\Debug\".
  Creating directory "C:\oss\third_party\matio\CMake-hdf5-1.10.1\build\CMakeFiles\CMakeTmp\Debug\".
  Creating directory "cmTC_9158f.dir\Debug\cmTC_9158f.tlog\".
InitializeBuildStatus:
  Creating "cmTC_9158f.dir\Debug\cmTC_9158f.tlog\unsuccessfulbuild" because "AlwaysCreate" was specified.
ClCompile:
  C:\Program Files (x86)\Microsoft Visual Studio 14.0\VC\bin\x86_amd64\CL.exe /c /Zi /W3 /WX- /Od /Ob0 /D WIN32 /D _WINDOWS /D WIN32_LEAN_AND_MEAN=1 /D NOGDI=1 /D "CMAKE_INTDIR=\"Debug\"" /D _MBCS /Gm- /RTC1 /MDd /GS /fp:precise /Zc:wchar_t /Zc:forScope /Zc:inline /Fo"cmTC_9158f.dir\Debug\\" /Fd"cmTC_9158f.dir\Debug\vc140.pdb" /Gd /TC /errorReport:queue "C:\oss\third_party\matio\CMake-hdf5-1.10.1\build\CMakeFiles\CheckTypeSize\H5_SIZEOF_SSIZE_T.c"
  Microsoft (R) C/C++ Optimizing Compiler Version 19.00.24215.1 for x64
  Copyright (C) Microsoft Corporation.  All rights reserved.
  
  cl /c /Zi /W3 /WX- /Od /Ob0 /D WIN32 /D _WINDOWS /D WIN32_LEAN_AND_MEAN=1 /D NOGDI=1 /D "CMAKE_INTDIR=\"Debug\"" /D _MBCS /Gm- /RTC1 /MDd /GS /fp:precise /Zc:wchar_t /Zc:forScope /Zc:inline /Fo"cmTC_9158f.dir\Debug\\" /Fd"cmTC_9158f.dir\Debug\vc140.pdb" /Gd /TC /errorReport:queue "C:\oss\third_party\matio\CMake-hdf5-1.10.1\build\CMakeFiles\CheckTypeSize\H5_SIZEOF_SSIZE_T.c"
  H5_SIZEOF_SSIZE_T.c
  
C:\oss\third_party\matio\CMake-hdf5-1.10.1\build\CMakeFiles\CheckTypeSize\H5_SIZEOF_SSIZE_T.c(19): error C2065: 'ssize_t': undeclared identifier [C:\oss\third_party\matio\CMake-hdf5-1.10.1\build\CMakeFiles\CMakeTmp\cmTC_9158f.vcxproj]
C:\oss\third_party\matio\CMake-hdf5-1.10.1\build\CMakeFiles\CheckTypeSize\H5_SIZEOF_SSIZE_T.c(20): error C2065: 'ssize_t': undeclared identifier [C:\oss\third_party\matio\CMake-hdf5-1.10.1\build\CMakeFiles\CMakeTmp\cmTC_9158f.vcxproj]
C:\oss\third_party\matio\CMake-hdf5-1.10.1\build\CMakeFiles\CheckTypeSize\H5_SIZEOF_SSIZE_T.c(21): error C2065: 'ssize_t': undeclared identifier [C:\oss\third_party\matio\CMake-hdf5-1.10.1\build\CMakeFiles\CMakeTmp\cmTC_9158f.vcxproj]
C:\oss\third_party\matio\CMake-hdf5-1.10.1\build\CMakeFiles\CheckTypeSize\H5_SIZEOF_SSIZE_T.c(22): error C2065: 'ssize_t': undeclared identifier [C:\oss\third_party\matio\CMake-hdf5-1.10.1\build\CMakeFiles\CMakeTmp\cmTC_9158f.vcxproj]
C:\oss\third_party\matio\CMake-hdf5-1.10.1\build\CMakeFiles\CheckTypeSize\H5_SIZEOF_SSIZE_T.c(23): error C2065: 'ssize_t': undeclared identifier [C:\oss\third_party\matio\CMake-hdf5-1.10.1\build\CMakeFiles\CMakeTmp\cmTC_9158f.vcxproj]
Done Building Project "C:\oss\third_party\matio\CMake-hdf5-1.10.1\build\CMakeFiles\CMakeTmp\cmTC_9158f.vcxproj" (default targets) -- FAILED.

Build FAILED.

"C:\oss\third_party\matio\CMake-hdf5-1.10.1\build\CMakeFiles\CMakeTmp\cmTC_9158f.vcxproj" (default target) (1) ->
(ClCompile target) -> 
  C:\oss\third_party\matio\CMake-hdf5-1.10.1\build\CMakeFiles\CheckTypeSize\H5_SIZEOF_SSIZE_T.c(19): error C2065: 'ssize_t': undeclared identifier [C:\oss\third_party\matio\CMake-hdf5-1.10.1\build\CMakeFiles\CMakeTmp\cmTC_9158f.vcxproj]
  C:\oss\third_party\matio\CMake-hdf5-1.10.1\build\CMakeFiles\CheckTypeSize\H5_SIZEOF_SSIZE_T.c(20): error C2065: 'ssize_t': undeclared identifier [C:\oss\third_party\matio\CMake-hdf5-1.10.1\build\CMakeFiles\CMakeTmp\cmTC_9158f.vcxproj]
  C:\oss\third_party\matio\CMake-hdf5-1.10.1\build\CMakeFiles\CheckTypeSize\H5_SIZEOF_SSIZE_T.c(21): error C2065: 'ssize_t': undeclared identifier [C:\oss\third_party\matio\CMake-hdf5-1.10.1\build\CMakeFiles\CMakeTmp\cmTC_9158f.vcxproj]
  C:\oss\third_party\matio\CMake-hdf5-1.10.1\build\CMakeFiles\CheckTypeSize\H5_SIZEOF_SSIZE_T.c(22): error C2065: 'ssize_t': undeclared identifier [C:\oss\third_party\matio\CMake-hdf5-1.10.1\build\CMakeFiles\CMakeTmp\cmTC_9158f.vcxproj]
  C:\oss\third_party\matio\CMake-hdf5-1.10.1\build\CMakeFiles\CheckTypeSize\H5_SIZEOF_SSIZE_T.c(23): error C2065: 'ssize_t': undeclared identifier [C:\oss\third_party\matio\CMake-hdf5-1.10.1\build\CMakeFiles\CMakeTmp\cmTC_9158f.vcxproj]

    0 Warning(s)
    5 Error(s)

Time Elapsed 00:00:00.65

C:/oss/third_party/matio/CMake-hdf5-1.10.1/build/CMakeFiles/CheckTypeSize/H5_SIZEOF_SSIZE_T.c:
#include <sys/types.h>
#include <stdint.h>
#include <stddef.h>


#undef KEY
#if defined(__i386)
# define KEY '_','_','i','3','8','6'
#elif defined(__x86_64)
# define KEY '_','_','x','8','6','_','6','4'
#elif defined(__ppc__)
# define KEY '_','_','p','p','c','_','_'
#elif defined(__ppc64__)
# define KEY '_','_','p','p','c','6','4','_','_'
#endif

#define SIZE (sizeof(ssize_t))
char info_size[] =  {'I', 'N', 'F', 'O', ':', 's','i','z','e','[',
  ('0' + ((SIZE / 10000)%10)),
  ('0' + ((SIZE / 1000)%10)),
  ('0' + ((SIZE / 100)%10)),
  ('0' + ((SIZE / 10)%10)),
  ('0' +  (SIZE    % 10)),
  ']',
#ifdef KEY
  ' ','k','e','y','[', KEY, ']',
#endif
  '\0'};

#ifdef __CLASSIC_C__
int main(argc, argv) int argc; char *argv[];
#else
int main(int argc, char *argv[])
#endif
{
  int require = 0;
  require += info_size[argc];
  (void)argv;
  return require;
}


Determining size of off64_t failed with the following output:
Change Dir: C:/oss/third_party/matio/CMake-hdf5-1.10.1/build/CMakeFiles/CMakeTmp

Run Build Command:"C:/Program Files (x86)/MSBuild/14.0/bin/MSBuild.exe" "cmTC_d3e96.vcxproj" "/p:Configuration=Debug" "/p:VisualStudioVersion=14.0"
Microsoft (R) Build Engine version 14.0.25420.1
Copyright (C) Microsoft Corporation. All rights reserved.

Build started 1/12/2018 1:54:14 PM.
Project "C:\oss\third_party\matio\CMake-hdf5-1.10.1\build\CMakeFiles\CMakeTmp\cmTC_d3e96.vcxproj" on node 1 (default targets).
PrepareForBuild:
  Creating directory "cmTC_d3e96.dir\Debug\".
  Creating directory "C:\oss\third_party\matio\CMake-hdf5-1.10.1\build\CMakeFiles\CMakeTmp\Debug\".
  Creating directory "cmTC_d3e96.dir\Debug\cmTC_d3e96.tlog\".
InitializeBuildStatus:
  Creating "cmTC_d3e96.dir\Debug\cmTC_d3e96.tlog\unsuccessfulbuild" because "AlwaysCreate" was specified.
ClCompile:
  C:\Program Files (x86)\Microsoft Visual Studio 14.0\VC\bin\x86_amd64\CL.exe /c /Zi /W3 /WX- /Od /Ob0 /D WIN32 /D _WINDOWS /D WIN32_LEAN_AND_MEAN=1 /D NOGDI=1 /D "CMAKE_INTDIR=\"Debug\"" /D _MBCS /Gm- /RTC1 /MDd /GS /fp:precise /Zc:wchar_t /Zc:forScope /Zc:inline /Fo"cmTC_d3e96.dir\Debug\\" /Fd"cmTC_d3e96.dir\Debug\vc140.pdb" /Gd /TC /errorReport:queue "C:\oss\third_party\matio\CMake-hdf5-1.10.1\build\CMakeFiles\CheckTypeSize\H5_SIZEOF_OFF64_T.c"
  Microsoft (R) C/C++ Optimizing Compiler Version 19.00.24215.1 for x64
  Copyright (C) Microsoft Corporation.  All rights reserved.
  
  cl /c /Zi /W3 /WX- /Od /Ob0 /D WIN32 /D _WINDOWS /D WIN32_LEAN_AND_MEAN=1 /D NOGDI=1 /D "CMAKE_INTDIR=\"Debug\"" /D _MBCS /Gm- /RTC1 /MDd /GS /fp:precise /Zc:wchar_t /Zc:forScope /Zc:inline /Fo"cmTC_d3e96.dir\Debug\\" /Fd"cmTC_d3e96.dir\Debug\vc140.pdb" /Gd /TC /errorReport:queue "C:\oss\third_party\matio\CMake-hdf5-1.10.1\build\CMakeFiles\CheckTypeSize\H5_SIZEOF_OFF64_T.c"
  H5_SIZEOF_OFF64_T.c
  
C:\oss\third_party\matio\CMake-hdf5-1.10.1\build\CMakeFiles\CheckTypeSize\H5_SIZEOF_OFF64_T.c(19): error C2065: 'off64_t': undeclared identifier [C:\oss\third_party\matio\CMake-hdf5-1.10.1\build\CMakeFiles\CMakeTmp\cmTC_d3e96.vcxproj]
C:\oss\third_party\matio\CMake-hdf5-1.10.1\build\CMakeFiles\CheckTypeSize\H5_SIZEOF_OFF64_T.c(20): error C2065: 'off64_t': undeclared identifier [C:\oss\third_party\matio\CMake-hdf5-1.10.1\build\CMakeFiles\CMakeTmp\cmTC_d3e96.vcxproj]
C:\oss\third_party\matio\CMake-hdf5-1.10.1\build\CMakeFiles\CheckTypeSize\H5_SIZEOF_OFF64_T.c(21): error C2065: 'off64_t': undeclared identifier [C:\oss\third_party\matio\CMake-hdf5-1.10.1\build\CMakeFiles\CMakeTmp\cmTC_d3e96.vcxproj]
C:\oss\third_party\matio\CMake-hdf5-1.10.1\build\CMakeFiles\CheckTypeSize\H5_SIZEOF_OFF64_T.c(22): error C2065: 'off64_t': undeclared identifier [C:\oss\third_party\matio\CMake-hdf5-1.10.1\build\CMakeFiles\CMakeTmp\cmTC_d3e96.vcxproj]
C:\oss\third_party\matio\CMake-hdf5-1.10.1\build\CMakeFiles\CheckTypeSize\H5_SIZEOF_OFF64_T.c(23): error C2065: 'off64_t': undeclared identifier [C:\oss\third_party\matio\CMake-hdf5-1.10.1\build\CMakeFiles\CMakeTmp\cmTC_d3e96.vcxproj]
Done Building Project "C:\oss\third_party\matio\CMake-hdf5-1.10.1\build\CMakeFiles\CMakeTmp\cmTC_d3e96.vcxproj" (default targets) -- FAILED.

Build FAILED.

"C:\oss\third_party\matio\CMake-hdf5-1.10.1\build\CMakeFiles\CMakeTmp\cmTC_d3e96.vcxproj" (default target) (1) ->
(ClCompile target) -> 
  C:\oss\third_party\matio\CMake-hdf5-1.10.1\build\CMakeFiles\CheckTypeSize\H5_SIZEOF_OFF64_T.c(19): error C2065: 'off64_t': undeclared identifier [C:\oss\third_party\matio\CMake-hdf5-1.10.1\build\CMakeFiles\CMakeTmp\cmTC_d3e96.vcxproj]
  C:\oss\third_party\matio\CMake-hdf5-1.10.1\build\CMakeFiles\CheckTypeSize\H5_SIZEOF_OFF64_T.c(20): error C2065: 'off64_t': undeclared identifier [C:\oss\third_party\matio\CMake-hdf5-1.10.1\build\CMakeFiles\CMakeTmp\cmTC_d3e96.vcxproj]
  C:\oss\third_party\matio\CMake-hdf5-1.10.1\build\CMakeFiles\CheckTypeSize\H5_SIZEOF_OFF64_T.c(21): error C2065: 'off64_t': undeclared identifier [C:\oss\third_party\matio\CMake-hdf5-1.10.1\build\CMakeFiles\CMakeTmp\cmTC_d3e96.vcxproj]
  C:\oss\third_party\matio\CMake-hdf5-1.10.1\build\CMakeFiles\CheckTypeSize\H5_SIZEOF_OFF64_T.c(22): error C2065: 'off64_t': undeclared identifier [C:\oss\third_party\matio\CMake-hdf5-1.10.1\build\CMakeFiles\CMakeTmp\cmTC_d3e96.vcxproj]
  C:\oss\third_party\matio\CMake-hdf5-1.10.1\build\CMakeFiles\CheckTypeSize\H5_SIZEOF_OFF64_T.c(23): error C2065: 'off64_t': undeclared identifier [C:\oss\third_party\matio\CMake-hdf5-1.10.1\build\CMakeFiles\CMakeTmp\cmTC_d3e96.vcxproj]

    0 Warning(s)
    5 Error(s)

Time Elapsed 00:00:00.51

C:/oss/third_party/matio/CMake-hdf5-1.10.1/build/CMakeFiles/CheckTypeSize/H5_SIZEOF_OFF64_T.c:
#include <sys/types.h>
#include <stdint.h>
#include <stddef.h>


#undef KEY
#if defined(__i386)
# define KEY '_','_','i','3','8','6'
#elif defined(__x86_64)
# define KEY '_','_','x','8','6','_','6','4'
#elif defined(__ppc__)
# define KEY '_','_','p','p','c','_','_'
#elif defined(__ppc64__)
# define KEY '_','_','p','p','c','6','4','_','_'
#endif

#define SIZE (sizeof(off64_t))
char info_size[] =  {'I', 'N', 'F', 'O', ':', 's','i','z','e','[',
  ('0' + ((SIZE / 10000)%10)),
  ('0' + ((SIZE / 1000)%10)),
  ('0' + ((SIZE / 100)%10)),
  ('0' + ((SIZE / 10)%10)),
  ('0' +  (SIZE    % 10)),
  ']',
#ifdef KEY
  ' ','k','e','y','[', KEY, ']',
#endif
  '\0'};

#ifdef __CLASSIC_C__
int main(argc, argv) int argc; char *argv[];
#else
int main(int argc, char *argv[])
#endif
{
  int require = 0;
  require += info_size[argc];
  (void)argv;
  return require;
}


Determining if the function alarm exists failed with the following output:
Change Dir: C:/oss/third_party/matio/CMake-hdf5-1.10.1/build/CMakeFiles/CMakeTmp

Run Build Command:"C:/Program Files (x86)/MSBuild/14.0/bin/MSBuild.exe" "cmTC_163db.vcxproj" "/p:Configuration=Debug" "/p:VisualStudioVersion=14.0"
Microsoft (R) Build Engine version 14.0.25420.1
Copyright (C) Microsoft Corporation. All rights reserved.

Build started 1/12/2018 1:54:17 PM.
Project "C:\oss\third_party\matio\CMake-hdf5-1.10.1\build\CMakeFiles\CMakeTmp\cmTC_163db.vcxproj" on node 1 (default targets).
PrepareForBuild:
  Creating directory "cmTC_163db.dir\Debug\".
  Creating directory "C:\oss\third_party\matio\CMake-hdf5-1.10.1\build\CMakeFiles\CMakeTmp\Debug\".
  Creating directory "cmTC_163db.dir\Debug\cmTC_163db.tlog\".
InitializeBuildStatus:
  Creating "cmTC_163db.dir\Debug\cmTC_163db.tlog\unsuccessfulbuild" because "AlwaysCreate" was specified.
ClCompile:
  C:\Program Files (x86)\Microsoft Visual Studio 14.0\VC\bin\x86_amd64\CL.exe /c /Zi /W3 /WX- /Od /Ob0 /D WIN32 /D _WINDOWS /D CHECK_FUNCTION_EXISTS=alarm /D WIN32_LEAN_AND_MEAN=1 /D NOGDI=1 /D "CMAKE_INTDIR=\"Debug\"" /D _MBCS /Gm- /RTC1 /MDd /GS /fp:precise /Zc:wchar_t /Zc:forScope /Zc:inline /Fo"cmTC_163db.dir\Debug\\" /Fd"cmTC_163db.dir\Debug\vc140.pdb" /Gd /TC /errorReport:queue "C:\CMake\share\cmake-3.9\Modules\CheckFunctionExists.c"
  Microsoft (R) C/C++ Optimizing Compiler Version 19.00.24215.1 for x64
  Copyright (C) Microsoft Corporation.  All rights reserved.
  
  cl /c /Zi /W3 /WX- /Od /Ob0 /D WIN32 /D _WINDOWS /D CHECK_FUNCTION_EXISTS=alarm /D WIN32_LEAN_AND_MEAN=1 /D NOGDI=1 /D "CMAKE_INTDIR=\"Debug\"" /D _MBCS /Gm- /RTC1 /MDd /GS /fp:precise /Zc:wchar_t /Zc:forScope /Zc:inline /Fo"cmTC_163db.dir\Debug\\" /Fd"cmTC_163db.dir\Debug\vc140.pdb" /Gd /TC /errorReport:queue "C:\CMake\share\cmake-3.9\Modules\CheckFunctionExists.c"
  CheckFunctionExists.c
  
Link:
  C:\Program Files (x86)\Microsoft Visual Studio 14.0\VC\bin\x86_amd64\link.exe /ERRORREPORT:QUEUE /OUT:"C:\oss\third_party\matio\CMake-hdf5-1.10.1\build\CMakeFiles\CMakeTmp\Debug\cmTC_163db.exe" /INCREMENTAL /NOLOGO ws2_32.lib wsock32.lib kernel32.lib user32.lib gdi32.lib winspool.lib shell32.lib ole32.lib oleaut32.lib uuid.lib comdlg32.lib advapi32.lib /MANIFEST /MANIFESTUAC:"level='asInvoker' uiAccess='false'" /manifest:embed /DEBUG /PDB:"C:/oss/third_party/matio/CMake-hdf5-1.10.1/build/CMakeFiles/CMakeTmp/Debug/cmTC_163db.pdb" /SUBSYSTEM:CONSOLE /TLBID:1 /DYNAMICBASE /NXCOMPAT /IMPLIB:"C:/oss/third_party/matio/CMake-hdf5-1.10.1/build/CMakeFiles/CMakeTmp/Debug/cmTC_163db.lib" /MACHINE:X64  /machine:x64 cmTC_163db.dir\Debug\CheckFunctionExists.obj
CheckFunctionExists.obj : error LNK2019: unresolved external symbol alarm referenced in function main [C:\oss\third_party\matio\CMake-hdf5-1.10.1\build\CMakeFiles\CMakeTmp\cmTC_163db.vcxproj]
C:\oss\third_party\matio\CMake-hdf5-1.10.1\build\CMakeFiles\CMakeTmp\Debug\cmTC_163db.exe : fatal error LNK1120: 1 unresolved externals [C:\oss\third_party\matio\CMake-hdf5-1.10.1\build\CMakeFiles\CMakeTmp\cmTC_163db.vcxproj]
Done Building Project "C:\oss\third_party\matio\CMake-hdf5-1.10.1\build\CMakeFiles\CMakeTmp\cmTC_163db.vcxproj" (default targets) -- FAILED.

Build FAILED.

"C:\oss\third_party\matio\CMake-hdf5-1.10.1\build\CMakeFiles\CMakeTmp\cmTC_163db.vcxproj" (default target) (1) ->
(Link target) -> 
  CheckFunctionExists.obj : error LNK2019: unresolved external symbol alarm referenced in function main [C:\oss\third_party\matio\CMake-hdf5-1.10.1\build\CMakeFiles\CMakeTmp\cmTC_163db.vcxproj]
  C:\oss\third_party\matio\CMake-hdf5-1.10.1\build\CMakeFiles\CMakeTmp\Debug\cmTC_163db.exe : fatal error LNK1120: 1 unresolved externals [C:\oss\third_party\matio\CMake-hdf5-1.10.1\build\CMakeFiles\CMakeTmp\cmTC_163db.vcxproj]

    0 Warning(s)
    2 Error(s)

Time Elapsed 00:00:00.81


Determining if the function fcntl exists failed with the following output:
Change Dir: C:/oss/third_party/matio/CMake-hdf5-1.10.1/build/CMakeFiles/CMakeTmp

Run Build Command:"C:/Program Files (x86)/MSBuild/14.0/bin/MSBuild.exe" "cmTC_8f63d.vcxproj" "/p:Configuration=Debug" "/p:VisualStudioVersion=14.0"
Microsoft (R) Build Engine version 14.0.25420.1
Copyright (C) Microsoft Corporation. All rights reserved.

Build started 1/12/2018 1:54:18 PM.
Project "C:\oss\third_party\matio\CMake-hdf5-1.10.1\build\CMakeFiles\CMakeTmp\cmTC_8f63d.vcxproj" on node 1 (default targets).
PrepareForBuild:
  Creating directory "cmTC_8f63d.dir\Debug\".
  Creating directory "C:\oss\third_party\matio\CMake-hdf5-1.10.1\build\CMakeFiles\CMakeTmp\Debug\".
  Creating directory "cmTC_8f63d.dir\Debug\cmTC_8f63d.tlog\".
InitializeBuildStatus:
  Creating "cmTC_8f63d.dir\Debug\cmTC_8f63d.tlog\unsuccessfulbuild" because "AlwaysCreate" was specified.
ClCompile:
  C:\Program Files (x86)\Microsoft Visual Studio 14.0\VC\bin\x86_amd64\CL.exe /c /Zi /W3 /WX- /Od /Ob0 /D WIN32 /D _WINDOWS /D CHECK_FUNCTION_EXISTS=fcntl /D WIN32_LEAN_AND_MEAN=1 /D NOGDI=1 /D "CMAKE_INTDIR=\"Debug\"" /D _MBCS /Gm- /RTC1 /MDd /GS /fp:precise /Zc:wchar_t /Zc:forScope /Zc:inline /Fo"cmTC_8f63d.dir\Debug\\" /Fd"cmTC_8f63d.dir\Debug\vc140.pdb" /Gd /TC /errorReport:queue "C:\CMake\share\cmake-3.9\Modules\CheckFunctionExists.c"
  Microsoft (R) C/C++ Optimizing Compiler Version 19.00.24215.1 for x64
  Copyright (C) Microsoft Corporation.  All rights reserved.
  
  cl /c /Zi /W3 /WX- /Od /Ob0 /D WIN32 /D _WINDOWS /D CHECK_FUNCTION_EXISTS=fcntl /D WIN32_LEAN_AND_MEAN=1 /D NOGDI=1 /D "CMAKE_INTDIR=\"Debug\"" /D _MBCS /Gm- /RTC1 /MDd /GS /fp:precise /Zc:wchar_t /Zc:forScope /Zc:inline /Fo"cmTC_8f63d.dir\Debug\\" /Fd"cmTC_8f63d.dir\Debug\vc140.pdb" /Gd /TC /errorReport:queue "C:\CMake\share\cmake-3.9\Modules\CheckFunctionExists.c"
  CheckFunctionExists.c
  
Link:
  C:\Program Files (x86)\Microsoft Visual Studio 14.0\VC\bin\x86_amd64\link.exe /ERRORREPORT:QUEUE /OUT:"C:\oss\third_party\matio\CMake-hdf5-1.10.1\build\CMakeFiles\CMakeTmp\Debug\cmTC_8f63d.exe" /INCREMENTAL /NOLOGO ws2_32.lib wsock32.lib kernel32.lib user32.lib gdi32.lib winspool.lib shell32.lib ole32.lib oleaut32.lib uuid.lib comdlg32.lib advapi32.lib /MANIFEST /MANIFESTUAC:"level='asInvoker' uiAccess='false'" /manifest:embed /DEBUG /PDB:"C:/oss/third_party/matio/CMake-hdf5-1.10.1/build/CMakeFiles/CMakeTmp/Debug/cmTC_8f63d.pdb" /SUBSYSTEM:CONSOLE /TLBID:1 /DYNAMICBASE /NXCOMPAT /IMPLIB:"C:/oss/third_party/matio/CMake-hdf5-1.10.1/build/CMakeFiles/CMakeTmp/Debug/cmTC_8f63d.lib" /MACHINE:X64  /machine:x64 cmTC_8f63d.dir\Debug\CheckFunctionExists.obj
CheckFunctionExists.obj : error LNK2019: unresolved external symbol fcntl referenced in function main [C:\oss\third_party\matio\CMake-hdf5-1.10.1\build\CMakeFiles\CMakeTmp\cmTC_8f63d.vcxproj]
C:\oss\third_party\matio\CMake-hdf5-1.10.1\build\CMakeFiles\CMakeTmp\Debug\cmTC_8f63d.exe : fatal error LNK1120: 1 unresolved externals [C:\oss\third_party\matio\CMake-hdf5-1.10.1\build\CMakeFiles\CMakeTmp\cmTC_8f63d.vcxproj]
Done Building Project "C:\oss\third_party\matio\CMake-hdf5-1.10.1\build\CMakeFiles\CMakeTmp\cmTC_8f63d.vcxproj" (default targets) -- FAILED.

Build FAILED.

"C:\oss\third_party\matio\CMake-hdf5-1.10.1\build\CMakeFiles\CMakeTmp\cmTC_8f63d.vcxproj" (default target) (1) ->
(Link target) -> 
  CheckFunctionExists.obj : error LNK2019: unresolved external symbol fcntl referenced in function main [C:\oss\third_party\matio\CMake-hdf5-1.10.1\build\CMakeFiles\CMakeTmp\cmTC_8f63d.vcxproj]
  C:\oss\third_party\matio\CMake-hdf5-1.10.1\build\CMakeFiles\CMakeTmp\Debug\cmTC_8f63d.exe : fatal error LNK1120: 1 unresolved externals [C:\oss\third_party\matio\CMake-hdf5-1.10.1\build\CMakeFiles\CMakeTmp\cmTC_8f63d.vcxproj]

    0 Warning(s)
    2 Error(s)

Time Elapsed 00:00:00.85


Determining if the function flock exists failed with the following output:
Change Dir: C:/oss/third_party/matio/CMake-hdf5-1.10.1/build/CMakeFiles/CMakeTmp

Run Build Command:"C:/Program Files (x86)/MSBuild/14.0/bin/MSBuild.exe" "cmTC_a817f.vcxproj" "/p:Configuration=Debug" "/p:VisualStudioVersion=14.0"
Microsoft (R) Build Engine version 14.0.25420.1
Copyright (C) Microsoft Corporation. All rights reserved.

Build started 1/12/2018 1:54:19 PM.
Project "C:\oss\third_party\matio\CMake-hdf5-1.10.1\build\CMakeFiles\CMakeTmp\cmTC_a817f.vcxproj" on node 1 (default targets).
PrepareForBuild:
  Creating directory "cmTC_a817f.dir\Debug\".
  Creating directory "C:\oss\third_party\matio\CMake-hdf5-1.10.1\build\CMakeFiles\CMakeTmp\Debug\".
  Creating directory "cmTC_a817f.dir\Debug\cmTC_a817f.tlog\".
InitializeBuildStatus:
  Creating "cmTC_a817f.dir\Debug\cmTC_a817f.tlog\unsuccessfulbuild" because "AlwaysCreate" was specified.
ClCompile:
  C:\Program Files (x86)\Microsoft Visual Studio 14.0\VC\bin\x86_amd64\CL.exe /c /Zi /W3 /WX- /Od /Ob0 /D WIN32 /D _WINDOWS /D CHECK_FUNCTION_EXISTS=flock /D WIN32_LEAN_AND_MEAN=1 /D NOGDI=1 /D "CMAKE_INTDIR=\"Debug\"" /D _MBCS /Gm- /RTC1 /MDd /GS /fp:precise /Zc:wchar_t /Zc:forScope /Zc:inline /Fo"cmTC_a817f.dir\Debug\\" /Fd"cmTC_a817f.dir\Debug\vc140.pdb" /Gd /TC /errorReport:queue "C:\CMake\share\cmake-3.9\Modules\CheckFunctionExists.c"
  Microsoft (R) C/C++ Optimizing Compiler Version 19.00.24215.1 for x64
  Copyright (C) Microsoft Corporation.  All rights reserved.
  
  cl /c /Zi /W3 /WX- /Od /Ob0 /D WIN32 /D _WINDOWS /D CHECK_FUNCTION_EXISTS=flock /D WIN32_LEAN_AND_MEAN=1 /D NOGDI=1 /D "CMAKE_INTDIR=\"Debug\"" /D _MBCS /Gm- /RTC1 /MDd /GS /fp:precise /Zc:wchar_t /Zc:forScope /Zc:inline /Fo"cmTC_a817f.dir\Debug\\" /Fd"cmTC_a817f.dir\Debug\vc140.pdb" /Gd /TC /errorReport:queue "C:\CMake\share\cmake-3.9\Modules\CheckFunctionExists.c"
  CheckFunctionExists.c
  
Link:
  C:\Program Files (x86)\Microsoft Visual Studio 14.0\VC\bin\x86_amd64\link.exe /ERRORREPORT:QUEUE /OUT:"C:\oss\third_party\matio\CMake-hdf5-1.10.1\build\CMakeFiles\CMakeTmp\Debug\cmTC_a817f.exe" /INCREMENTAL /NOLOGO ws2_32.lib wsock32.lib kernel32.lib user32.lib gdi32.lib winspool.lib shell32.lib ole32.lib oleaut32.lib uuid.lib comdlg32.lib advapi32.lib /MANIFEST /MANIFESTUAC:"level='asInvoker' uiAccess='false'" /manifest:embed /DEBUG /PDB:"C:/oss/third_party/matio/CMake-hdf5-1.10.1/build/CMakeFiles/CMakeTmp/Debug/cmTC_a817f.pdb" /SUBSYSTEM:CONSOLE /TLBID:1 /DYNAMICBASE /NXCOMPAT /IMPLIB:"C:/oss/third_party/matio/CMake-hdf5-1.10.1/build/CMakeFiles/CMakeTmp/Debug/cmTC_a817f.lib" /MACHINE:X64  /machine:x64 cmTC_a817f.dir\Debug\CheckFunctionExists.obj
CheckFunctionExists.obj : error LNK2019: unresolved external symbol flock referenced in function main [C:\oss\third_party\matio\CMake-hdf5-1.10.1\build\CMakeFiles\CMakeTmp\cmTC_a817f.vcxproj]
C:\oss\third_party\matio\CMake-hdf5-1.10.1\build\CMakeFiles\CMakeTmp\Debug\cmTC_a817f.exe : fatal error LNK1120: 1 unresolved externals [C:\oss\third_party\matio\CMake-hdf5-1.10.1\build\CMakeFiles\CMakeTmp\cmTC_a817f.vcxproj]
Done Building Project "C:\oss\third_party\matio\CMake-hdf5-1.10.1\build\CMakeFiles\CMakeTmp\cmTC_a817f.vcxproj" (default targets) -- FAILED.

Build FAILED.

"C:\oss\third_party\matio\CMake-hdf5-1.10.1\build\CMakeFiles\CMakeTmp\cmTC_a817f.vcxproj" (default target) (1) ->
(Link target) -> 
  CheckFunctionExists.obj : error LNK2019: unresolved external symbol flock referenced in function main [C:\oss\third_party\matio\CMake-hdf5-1.10.1\build\CMakeFiles\CMakeTmp\cmTC_a817f.vcxproj]
  C:\oss\third_party\matio\CMake-hdf5-1.10.1\build\CMakeFiles\CMakeTmp\Debug\cmTC_a817f.exe : fatal error LNK1120: 1 unresolved externals [C:\oss\third_party\matio\CMake-hdf5-1.10.1\build\CMakeFiles\CMakeTmp\cmTC_a817f.vcxproj]

    0 Warning(s)
    2 Error(s)

Time Elapsed 00:00:01.55


Determining if the function fork exists failed with the following output:
Change Dir: C:/oss/third_party/matio/CMake-hdf5-1.10.1/build/CMakeFiles/CMakeTmp

Run Build Command:"C:/Program Files (x86)/MSBuild/14.0/bin/MSBuild.exe" "cmTC_d412a.vcxproj" "/p:Configuration=Debug" "/p:VisualStudioVersion=14.0"
Microsoft (R) Build Engine version 14.0.25420.1
Copyright (C) Microsoft Corporation. All rights reserved.

Build started 1/12/2018 1:54:21 PM.
Project "C:\oss\third_party\matio\CMake-hdf5-1.10.1\build\CMakeFiles\CMakeTmp\cmTC_d412a.vcxproj" on node 1 (default targets).
PrepareForBuild:
  Creating directory "cmTC_d412a.dir\Debug\".
  Creating directory "C:\oss\third_party\matio\CMake-hdf5-1.10.1\build\CMakeFiles\CMakeTmp\Debug\".
  Creating directory "cmTC_d412a.dir\Debug\cmTC_d412a.tlog\".
InitializeBuildStatus:
  Creating "cmTC_d412a.dir\Debug\cmTC_d412a.tlog\unsuccessfulbuild" because "AlwaysCreate" was specified.
ClCompile:
  C:\Program Files (x86)\Microsoft Visual Studio 14.0\VC\bin\x86_amd64\CL.exe /c /Zi /W3 /WX- /Od /Ob0 /D WIN32 /D _WINDOWS /D CHECK_FUNCTION_EXISTS=fork /D WIN32_LEAN_AND_MEAN=1 /D NOGDI=1 /D "CMAKE_INTDIR=\"Debug\"" /D _MBCS /Gm- /RTC1 /MDd /GS /fp:precise /Zc:wchar_t /Zc:forScope /Zc:inline /Fo"cmTC_d412a.dir\Debug\\" /Fd"cmTC_d412a.dir\Debug\vc140.pdb" /Gd /TC /errorReport:queue "C:\CMake\share\cmake-3.9\Modules\CheckFunctionExists.c"
  Microsoft (R) C/C++ Optimizing Compiler Version 19.00.24215.1 for x64
  Copyright (C) Microsoft Corporation.  All rights reserved.
  
  cl /c /Zi /W3 /WX- /Od /Ob0 /D WIN32 /D _WINDOWS /D CHECK_FUNCTION_EXISTS=fork /D WIN32_LEAN_AND_MEAN=1 /D NOGDI=1 /D "CMAKE_INTDIR=\"Debug\"" /D _MBCS /Gm- /RTC1 /MDd /GS /fp:precise /Zc:wchar_t /Zc:forScope /Zc:inline /Fo"cmTC_d412a.dir\Debug\\" /Fd"cmTC_d412a.dir\Debug\vc140.pdb" /Gd /TC /errorReport:queue "C:\CMake\share\cmake-3.9\Modules\CheckFunctionExists.c"
  CheckFunctionExists.c
  
Link:
  C:\Program Files (x86)\Microsoft Visual Studio 14.0\VC\bin\x86_amd64\link.exe /ERRORREPORT:QUEUE /OUT:"C:\oss\third_party\matio\CMake-hdf5-1.10.1\build\CMakeFiles\CMakeTmp\Debug\cmTC_d412a.exe" /INCREMENTAL /NOLOGO ws2_32.lib wsock32.lib kernel32.lib user32.lib gdi32.lib winspool.lib shell32.lib ole32.lib oleaut32.lib uuid.lib comdlg32.lib advapi32.lib /MANIFEST /MANIFESTUAC:"level='asInvoker' uiAccess='false'" /manifest:embed /DEBUG /PDB:"C:/oss/third_party/matio/CMake-hdf5-1.10.1/build/CMakeFiles/CMakeTmp/Debug/cmTC_d412a.pdb" /SUBSYSTEM:CONSOLE /TLBID:1 /DYNAMICBASE /NXCOMPAT /IMPLIB:"C:/oss/third_party/matio/CMake-hdf5-1.10.1/build/CMakeFiles/CMakeTmp/Debug/cmTC_d412a.lib" /MACHINE:X64  /machine:x64 cmTC_d412a.dir\Debug\CheckFunctionExists.obj
CheckFunctionExists.obj : error LNK2019: unresolved external symbol fork referenced in function main [C:\oss\third_party\matio\CMake-hdf5-1.10.1\build\CMakeFiles\CMakeTmp\cmTC_d412a.vcxproj]
C:\oss\third_party\matio\CMake-hdf5-1.10.1\build\CMakeFiles\CMakeTmp\Debug\cmTC_d412a.exe : fatal error LNK1120: 1 unresolved externals [C:\oss\third_party\matio\CMake-hdf5-1.10.1\build\CMakeFiles\CMakeTmp\cmTC_d412a.vcxproj]
Done Building Project "C:\oss\third_party\matio\CMake-hdf5-1.10.1\build\CMakeFiles\CMakeTmp\cmTC_d412a.vcxproj" (default targets) -- FAILED.

Build FAILED.

"C:\oss\third_party\matio\CMake-hdf5-1.10.1\build\CMakeFiles\CMakeTmp\cmTC_d412a.vcxproj" (default target) (1) ->
(Link target) -> 
  CheckFunctionExists.obj : error LNK2019: unresolved external symbol fork referenced in function main [C:\oss\third_party\matio\CMake-hdf5-1.10.1\build\CMakeFiles\CMakeTmp\cmTC_d412a.vcxproj]
  C:\oss\third_party\matio\CMake-hdf5-1.10.1\build\CMakeFiles\CMakeTmp\Debug\cmTC_d412a.exe : fatal error LNK1120: 1 unresolved externals [C:\oss\third_party\matio\CMake-hdf5-1.10.1\build\CMakeFiles\CMakeTmp\cmTC_d412a.vcxproj]

    0 Warning(s)
    2 Error(s)

Time Elapsed 00:00:00.83


Determining if the function frexpf exists failed with the following output:
Change Dir: C:/oss/third_party/matio/CMake-hdf5-1.10.1/build/CMakeFiles/CMakeTmp

Run Build Command:"C:/Program Files (x86)/MSBuild/14.0/bin/MSBuild.exe" "cmTC_cd917.vcxproj" "/p:Configuration=Debug" "/p:VisualStudioVersion=14.0"
Microsoft (R) Build Engine version 14.0.25420.1
Copyright (C) Microsoft Corporation. All rights reserved.

Build started 1/12/2018 1:54:22 PM.
Project "C:\oss\third_party\matio\CMake-hdf5-1.10.1\build\CMakeFiles\CMakeTmp\cmTC_cd917.vcxproj" on node 1 (default targets).
PrepareForBuild:
  Creating directory "cmTC_cd917.dir\Debug\".
  Creating directory "C:\oss\third_party\matio\CMake-hdf5-1.10.1\build\CMakeFiles\CMakeTmp\Debug\".
  Creating directory "cmTC_cd917.dir\Debug\cmTC_cd917.tlog\".
InitializeBuildStatus:
  Creating "cmTC_cd917.dir\Debug\cmTC_cd917.tlog\unsuccessfulbuild" because "AlwaysCreate" was specified.
ClCompile:
  C:\Program Files (x86)\Microsoft Visual Studio 14.0\VC\bin\x86_amd64\CL.exe /c /Zi /W3 /WX- /Od /Ob0 /D WIN32 /D _WINDOWS /D CHECK_FUNCTION_EXISTS=frexpf /D WIN32_LEAN_AND_MEAN=1 /D NOGDI=1 /D "CMAKE_INTDIR=\"Debug\"" /D _MBCS /Gm- /RTC1 /MDd /GS /fp:precise /Zc:wchar_t /Zc:forScope /Zc:inline /Fo"cmTC_cd917.dir\Debug\\" /Fd"cmTC_cd917.dir\Debug\vc140.pdb" /Gd /TC /errorReport:queue "C:\CMake\share\cmake-3.9\Modules\CheckFunctionExists.c"
  Microsoft (R) C/C++ Optimizing Compiler Version 19.00.24215.1 for x64
  Copyright (C) Microsoft Corporation.  All rights reserved.
  
  cl /c /Zi /W3 /WX- /Od /Ob0 /D WIN32 /D _WINDOWS /D CHECK_FUNCTION_EXISTS=frexpf /D WIN32_LEAN_AND_MEAN=1 /D NOGDI=1 /D "CMAKE_INTDIR=\"Debug\"" /D _MBCS /Gm- /RTC1 /MDd /GS /fp:precise /Zc:wchar_t /Zc:forScope /Zc:inline /Fo"cmTC_cd917.dir\Debug\\" /Fd"cmTC_cd917.dir\Debug\vc140.pdb" /Gd /TC /errorReport:queue "C:\CMake\share\cmake-3.9\Modules\CheckFunctionExists.c"
  CheckFunctionExists.c
  
Link:
  C:\Program Files (x86)\Microsoft Visual Studio 14.0\VC\bin\x86_amd64\link.exe /ERRORREPORT:QUEUE /OUT:"C:\oss\third_party\matio\CMake-hdf5-1.10.1\build\CMakeFiles\CMakeTmp\Debug\cmTC_cd917.exe" /INCREMENTAL /NOLOGO ws2_32.lib wsock32.lib kernel32.lib user32.lib gdi32.lib winspool.lib shell32.lib ole32.lib oleaut32.lib uuid.lib comdlg32.lib advapi32.lib /MANIFEST /MANIFESTUAC:"level='asInvoker' uiAccess='false'" /manifest:embed /DEBUG /PDB:"C:/oss/third_party/matio/CMake-hdf5-1.10.1/build/CMakeFiles/CMakeTmp/Debug/cmTC_cd917.pdb" /SUBSYSTEM:CONSOLE /TLBID:1 /DYNAMICBASE /NXCOMPAT /IMPLIB:"C:/oss/third_party/matio/CMake-hdf5-1.10.1/build/CMakeFiles/CMakeTmp/Debug/cmTC_cd917.lib" /MACHINE:X64  /machine:x64 cmTC_cd917.dir\Debug\CheckFunctionExists.obj
CheckFunctionExists.obj : error LNK2019: unresolved external symbol frexpf referenced in function main [C:\oss\third_party\matio\CMake-hdf5-1.10.1\build\CMakeFiles\CMakeTmp\cmTC_cd917.vcxproj]
C:\oss\third_party\matio\CMake-hdf5-1.10.1\build\CMakeFiles\CMakeTmp\Debug\cmTC_cd917.exe : fatal error LNK1120: 1 unresolved externals [C:\oss\third_party\matio\CMake-hdf5-1.10.1\build\CMakeFiles\CMakeTmp\cmTC_cd917.vcxproj]
Done Building Project "C:\oss\third_party\matio\CMake-hdf5-1.10.1\build\CMakeFiles\CMakeTmp\cmTC_cd917.vcxproj" (default targets) -- FAILED.

Build FAILED.

"C:\oss\third_party\matio\CMake-hdf5-1.10.1\build\CMakeFiles\CMakeTmp\cmTC_cd917.vcxproj" (default target) (1) ->
(Link target) -> 
  CheckFunctionExists.obj : error LNK2019: unresolved external symbol frexpf referenced in function main [C:\oss\third_party\matio\CMake-hdf5-1.10.1\build\CMakeFiles\CMakeTmp\cmTC_cd917.vcxproj]
  C:\oss\third_party\matio\CMake-hdf5-1.10.1\build\CMakeFiles\CMakeTmp\Debug\cmTC_cd917.exe : fatal error LNK1120: 1 unresolved externals [C:\oss\third_party\matio\CMake-hdf5-1.10.1\build\CMakeFiles\CMakeTmp\cmTC_cd917.vcxproj]

    0 Warning(s)
    2 Error(s)

Time Elapsed 00:00:00.78


Determining if the function frexpl exists failed with the following output:
Change Dir: C:/oss/third_party/matio/CMake-hdf5-1.10.1/build/CMakeFiles/CMakeTmp

Run Build Command:"C:/Program Files (x86)/MSBuild/14.0/bin/MSBuild.exe" "cmTC_52fa3.vcxproj" "/p:Configuration=Debug" "/p:VisualStudioVersion=14.0"
Microsoft (R) Build Engine version 14.0.25420.1
Copyright (C) Microsoft Corporation. All rights reserved.

Build started 1/12/2018 1:54:23 PM.
Project "C:\oss\third_party\matio\CMake-hdf5-1.10.1\build\CMakeFiles\CMakeTmp\cmTC_52fa3.vcxproj" on node 1 (default targets).
PrepareForBuild:
  Creating directory "cmTC_52fa3.dir\Debug\".
  Creating directory "C:\oss\third_party\matio\CMake-hdf5-1.10.1\build\CMakeFiles\CMakeTmp\Debug\".
  Creating directory "cmTC_52fa3.dir\Debug\cmTC_52fa3.tlog\".
InitializeBuildStatus:
  Creating "cmTC_52fa3.dir\Debug\cmTC_52fa3.tlog\unsuccessfulbuild" because "AlwaysCreate" was specified.
ClCompile:
  C:\Program Files (x86)\Microsoft Visual Studio 14.0\VC\bin\x86_amd64\CL.exe /c /Zi /W3 /WX- /Od /Ob0 /D WIN32 /D _WINDOWS /D CHECK_FUNCTION_EXISTS=frexpl /D WIN32_LEAN_AND_MEAN=1 /D NOGDI=1 /D "CMAKE_INTDIR=\"Debug\"" /D _MBCS /Gm- /RTC1 /MDd /GS /fp:precise /Zc:wchar_t /Zc:forScope /Zc:inline /Fo"cmTC_52fa3.dir\Debug\\" /Fd"cmTC_52fa3.dir\Debug\vc140.pdb" /Gd /TC /errorReport:queue "C:\CMake\share\cmake-3.9\Modules\CheckFunctionExists.c"
  Microsoft (R) C/C++ Optimizing Compiler Version 19.00.24215.1 for x64
  Copyright (C) Microsoft Corporation.  All rights reserved.
  
  cl /c /Zi /W3 /WX- /Od /Ob0 /D WIN32 /D _WINDOWS /D CHECK_FUNCTION_EXISTS=frexpl /D WIN32_LEAN_AND_MEAN=1 /D NOGDI=1 /D "CMAKE_INTDIR=\"Debug\"" /D _MBCS /Gm- /RTC1 /MDd /GS /fp:precise /Zc:wchar_t /Zc:forScope /Zc:inline /Fo"cmTC_52fa3.dir\Debug\\" /Fd"cmTC_52fa3.dir\Debug\vc140.pdb" /Gd /TC /errorReport:queue "C:\CMake\share\cmake-3.9\Modules\CheckFunctionExists.c"
  CheckFunctionExists.c
  
Link:
  C:\Program Files (x86)\Microsoft Visual Studio 14.0\VC\bin\x86_amd64\link.exe /ERRORREPORT:QUEUE /OUT:"C:\oss\third_party\matio\CMake-hdf5-1.10.1\build\CMakeFiles\CMakeTmp\Debug\cmTC_52fa3.exe" /INCREMENTAL /NOLOGO ws2_32.lib wsock32.lib kernel32.lib user32.lib gdi32.lib winspool.lib shell32.lib ole32.lib oleaut32.lib uuid.lib comdlg32.lib advapi32.lib /MANIFEST /MANIFESTUAC:"level='asInvoker' uiAccess='false'" /manifest:embed /DEBUG /PDB:"C:/oss/third_party/matio/CMake-hdf5-1.10.1/build/CMakeFiles/CMakeTmp/Debug/cmTC_52fa3.pdb" /SUBSYSTEM:CONSOLE /TLBID:1 /DYNAMICBASE /NXCOMPAT /IMPLIB:"C:/oss/third_party/matio/CMake-hdf5-1.10.1/build/CMakeFiles/CMakeTmp/Debug/cmTC_52fa3.lib" /MACHINE:X64  /machine:x64 cmTC_52fa3.dir\Debug\CheckFunctionExists.obj
CheckFunctionExists.obj : error LNK2019: unresolved external symbol frexpl referenced in function main [C:\oss\third_party\matio\CMake-hdf5-1.10.1\build\CMakeFiles\CMakeTmp\cmTC_52fa3.vcxproj]
C:\oss\third_party\matio\CMake-hdf5-1.10.1\build\CMakeFiles\CMakeTmp\Debug\cmTC_52fa3.exe : fatal error LNK1120: 1 unresolved externals [C:\oss\third_party\matio\CMake-hdf5-1.10.1\build\CMakeFiles\CMakeTmp\cmTC_52fa3.vcxproj]
Done Building Project "C:\oss\third_party\matio\CMake-hdf5-1.10.1\build\CMakeFiles\CMakeTmp\cmTC_52fa3.vcxproj" (default targets) -- FAILED.

Build FAILED.

"C:\oss\third_party\matio\CMake-hdf5-1.10.1\build\CMakeFiles\CMakeTmp\cmTC_52fa3.vcxproj" (default target) (1) ->
(Link target) -> 
  CheckFunctionExists.obj : error LNK2019: unresolved external symbol frexpl referenced in function main [C:\oss\third_party\matio\CMake-hdf5-1.10.1\build\CMakeFiles\CMakeTmp\cmTC_52fa3.vcxproj]
  C:\oss\third_party\matio\CMake-hdf5-1.10.1\build\CMakeFiles\CMakeTmp\Debug\cmTC_52fa3.exe : fatal error LNK1120: 1 unresolved externals [C:\oss\third_party\matio\CMake-hdf5-1.10.1\build\CMakeFiles\CMakeTmp\cmTC_52fa3.vcxproj]

    0 Warning(s)
    2 Error(s)

Time Elapsed 00:00:00.78


Determining if the function getrusage exists failed with the following output:
Change Dir: C:/oss/third_party/matio/CMake-hdf5-1.10.1/build/CMakeFiles/CMakeTmp

Run Build Command:"C:/Program Files (x86)/MSBuild/14.0/bin/MSBuild.exe" "cmTC_3d268.vcxproj" "/p:Configuration=Debug" "/p:VisualStudioVersion=14.0"
Microsoft (R) Build Engine version 14.0.25420.1
Copyright (C) Microsoft Corporation. All rights reserved.

Build started 1/12/2018 1:54:24 PM.
Project "C:\oss\third_party\matio\CMake-hdf5-1.10.1\build\CMakeFiles\CMakeTmp\cmTC_3d268.vcxproj" on node 1 (default targets).
PrepareForBuild:
  Creating directory "cmTC_3d268.dir\Debug\".
  Creating directory "C:\oss\third_party\matio\CMake-hdf5-1.10.1\build\CMakeFiles\CMakeTmp\Debug\".
  Creating directory "cmTC_3d268.dir\Debug\cmTC_3d268.tlog\".
InitializeBuildStatus:
  Creating "cmTC_3d268.dir\Debug\cmTC_3d268.tlog\unsuccessfulbuild" because "AlwaysCreate" was specified.
ClCompile:
  C:\Program Files (x86)\Microsoft Visual Studio 14.0\VC\bin\x86_amd64\CL.exe /c /Zi /W3 /WX- /Od /Ob0 /D WIN32 /D _WINDOWS /D CHECK_FUNCTION_EXISTS=getrusage /D WIN32_LEAN_AND_MEAN=1 /D NOGDI=1 /D "CMAKE_INTDIR=\"Debug\"" /D _MBCS /Gm- /RTC1 /MDd /GS /fp:precise /Zc:wchar_t /Zc:forScope /Zc:inline /Fo"cmTC_3d268.dir\Debug\\" /Fd"cmTC_3d268.dir\Debug\vc140.pdb" /Gd /TC /errorReport:queue "C:\CMake\share\cmake-3.9\Modules\CheckFunctionExists.c"
  Microsoft (R) C/C++ Optimizing Compiler Version 19.00.24215.1 for x64
  Copyright (C) Microsoft Corporation.  All rights reserved.
  
  cl /c /Zi /W3 /WX- /Od /Ob0 /D WIN32 /D _WINDOWS /D CHECK_FUNCTION_EXISTS=getrusage /D WIN32_LEAN_AND_MEAN=1 /D NOGDI=1 /D "CMAKE_INTDIR=\"Debug\"" /D _MBCS /Gm- /RTC1 /MDd /GS /fp:precise /Zc:wchar_t /Zc:forScope /Zc:inline /Fo"cmTC_3d268.dir\Debug\\" /Fd"cmTC_3d268.dir\Debug\vc140.pdb" /Gd /TC /errorReport:queue "C:\CMake\share\cmake-3.9\Modules\CheckFunctionExists.c"
  CheckFunctionExists.c
  
Link:
  C:\Program Files (x86)\Microsoft Visual Studio 14.0\VC\bin\x86_amd64\link.exe /ERRORREPORT:QUEUE /OUT:"C:\oss\third_party\matio\CMake-hdf5-1.10.1\build\CMakeFiles\CMakeTmp\Debug\cmTC_3d268.exe" /INCREMENTAL /NOLOGO ws2_32.lib wsock32.lib kernel32.lib user32.lib gdi32.lib winspool.lib shell32.lib ole32.lib oleaut32.lib uuid.lib comdlg32.lib advapi32.lib /MANIFEST /MANIFESTUAC:"level='asInvoker' uiAccess='false'" /manifest:embed /DEBUG /PDB:"C:/oss/third_party/matio/CMake-hdf5-1.10.1/build/CMakeFiles/CMakeTmp/Debug/cmTC_3d268.pdb" /SUBSYSTEM:CONSOLE /TLBID:1 /DYNAMICBASE /NXCOMPAT /IMPLIB:"C:/oss/third_party/matio/CMake-hdf5-1.10.1/build/CMakeFiles/CMakeTmp/Debug/cmTC_3d268.lib" /MACHINE:X64  /machine:x64 cmTC_3d268.dir\Debug\CheckFunctionExists.obj
CheckFunctionExists.obj : error LNK2019: unresolved external symbol getrusage referenced in function main [C:\oss\third_party\matio\CMake-hdf5-1.10.1\build\CMakeFiles\CMakeTmp\cmTC_3d268.vcxproj]
C:\oss\third_party\matio\CMake-hdf5-1.10.1\build\CMakeFiles\CMakeTmp\Debug\cmTC_3d268.exe : fatal error LNK1120: 1 unresolved externals [C:\oss\third_party\matio\CMake-hdf5-1.10.1\build\CMakeFiles\CMakeTmp\cmTC_3d268.vcxproj]
Done Building Project "C:\oss\third_party\matio\CMake-hdf5-1.10.1\build\CMakeFiles\CMakeTmp\cmTC_3d268.vcxproj" (default targets) -- FAILED.

Build FAILED.

"C:\oss\third_party\matio\CMake-hdf5-1.10.1\build\CMakeFiles\CMakeTmp\cmTC_3d268.vcxproj" (default target) (1) ->
(Link target) -> 
  CheckFunctionExists.obj : error LNK2019: unresolved external symbol getrusage referenced in function main [C:\oss\third_party\matio\CMake-hdf5-1.10.1\build\CMakeFiles\CMakeTmp\cmTC_3d268.vcxproj]
  C:\oss\third_party\matio\CMake-hdf5-1.10.1\build\CMakeFiles\CMakeTmp\Debug\cmTC_3d268.exe : fatal error LNK1120: 1 unresolved externals [C:\oss\third_party\matio\CMake-hdf5-1.10.1\build\CMakeFiles\CMakeTmp\cmTC_3d268.vcxproj]

    0 Warning(s)
    2 Error(s)

Time Elapsed 00:00:00.86


Determining if the function lstat exists failed with the following output:
Change Dir: C:/oss/third_party/matio/CMake-hdf5-1.10.1/build/CMakeFiles/CMakeTmp

Run Build Command:"C:/Program Files (x86)/MSBuild/14.0/bin/MSBuild.exe" "cmTC_15739.vcxproj" "/p:Configuration=Debug" "/p:VisualStudioVersion=14.0"
Microsoft (R) Build Engine version 14.0.25420.1
Copyright (C) Microsoft Corporation. All rights reserved.

Build started 1/12/2018 1:54:32 PM.
Project "C:\oss\third_party\matio\CMake-hdf5-1.10.1\build\CMakeFiles\CMakeTmp\cmTC_15739.vcxproj" on node 1 (default targets).
PrepareForBuild:
  Creating directory "cmTC_15739.dir\Debug\".
  Creating directory "C:\oss\third_party\matio\CMake-hdf5-1.10.1\build\CMakeFiles\CMakeTmp\Debug\".
  Creating directory "cmTC_15739.dir\Debug\cmTC_15739.tlog\".
InitializeBuildStatus:
  Creating "cmTC_15739.dir\Debug\cmTC_15739.tlog\unsuccessfulbuild" because "AlwaysCreate" was specified.
ClCompile:
  C:\Program Files (x86)\Microsoft Visual Studio 14.0\VC\bin\x86_amd64\CL.exe /c /Zi /W3 /WX- /Od /Ob0 /D WIN32 /D _WINDOWS /D CHECK_FUNCTION_EXISTS=lstat /D WIN32_LEAN_AND_MEAN=1 /D NOGDI=1 /D "CMAKE_INTDIR=\"Debug\"" /D _MBCS /Gm- /RTC1 /MDd /GS /fp:precise /Zc:wchar_t /Zc:forScope /Zc:inline /Fo"cmTC_15739.dir\Debug\\" /Fd"cmTC_15739.dir\Debug\vc140.pdb" /Gd /TC /errorReport:queue "C:\CMake\share\cmake-3.9\Modules\CheckFunctionExists.c"
  Microsoft (R) C/C++ Optimizing Compiler Version 19.00.24215.1 for x64
  Copyright (C) Microsoft Corporation.  All rights reserved.
  
  cl /c /Zi /W3 /WX- /Od /Ob0 /D WIN32 /D _WINDOWS /D CHECK_FUNCTION_EXISTS=lstat /D WIN32_LEAN_AND_MEAN=1 /D NOGDI=1 /D "CMAKE_INTDIR=\"Debug\"" /D _MBCS /Gm- /RTC1 /MDd /GS /fp:precise /Zc:wchar_t /Zc:forScope /Zc:inline /Fo"cmTC_15739.dir\Debug\\" /Fd"cmTC_15739.dir\Debug\vc140.pdb" /Gd /TC /errorReport:queue "C:\CMake\share\cmake-3.9\Modules\CheckFunctionExists.c"
  CheckFunctionExists.c
  
Link:
  C:\Program Files (x86)\Microsoft Visual Studio 14.0\VC\bin\x86_amd64\link.exe /ERRORREPORT:QUEUE /OUT:"C:\oss\third_party\matio\CMake-hdf5-1.10.1\build\CMakeFiles\CMakeTmp\Debug\cmTC_15739.exe" /INCREMENTAL /NOLOGO ws2_32.lib wsock32.lib kernel32.lib user32.lib gdi32.lib winspool.lib shell32.lib ole32.lib oleaut32.lib uuid.lib comdlg32.lib advapi32.lib /MANIFEST /MANIFESTUAC:"level='asInvoker' uiAccess='false'" /manifest:embed /DEBUG /PDB:"C:/oss/third_party/matio/CMake-hdf5-1.10.1/build/CMakeFiles/CMakeTmp/Debug/cmTC_15739.pdb" /SUBSYSTEM:CONSOLE /TLBID:1 /DYNAMICBASE /NXCOMPAT /IMPLIB:"C:/oss/third_party/matio/CMake-hdf5-1.10.1/build/CMakeFiles/CMakeTmp/Debug/cmTC_15739.lib" /MACHINE:X64  /machine:x64 cmTC_15739.dir\Debug\CheckFunctionExists.obj
CheckFunctionExists.obj : error LNK2019: unresolved external symbol lstat referenced in function main [C:\oss\third_party\matio\CMake-hdf5-1.10.1\build\CMakeFiles\CMakeTmp\cmTC_15739.vcxproj]
C:\oss\third_party\matio\CMake-hdf5-1.10.1\build\CMakeFiles\CMakeTmp\Debug\cmTC_15739.exe : fatal error LNK1120: 1 unresolved externals [C:\oss\third_party\matio\CMake-hdf5-1.10.1\build\CMakeFiles\CMakeTmp\cmTC_15739.vcxproj]
Done Building Project "C:\oss\third_party\matio\CMake-hdf5-1.10.1\build\CMakeFiles\CMakeTmp\cmTC_15739.vcxproj" (default targets) -- FAILED.

Build FAILED.

"C:\oss\third_party\matio\CMake-hdf5-1.10.1\build\CMakeFiles\CMakeTmp\cmTC_15739.vcxproj" (default target) (1) ->
(Link target) -> 
  CheckFunctionExists.obj : error LNK2019: unresolved external symbol lstat referenced in function main [C:\oss\third_party\matio\CMake-hdf5-1.10.1\build\CMakeFiles\CMakeTmp\cmTC_15739.vcxproj]
  C:\oss\third_party\matio\CMake-hdf5-1.10.1\build\CMakeFiles\CMakeTmp\Debug\cmTC_15739.exe : fatal error LNK1120: 1 unresolved externals [C:\oss\third_party\matio\CMake-hdf5-1.10.1\build\CMakeFiles\CMakeTmp\cmTC_15739.vcxproj]

    0 Warning(s)
    2 Error(s)

Time Elapsed 00:00:00.79


Determining if the function rand_r exists failed with the following output:
Change Dir: C:/oss/third_party/matio/CMake-hdf5-1.10.1/build/CMakeFiles/CMakeTmp

Run Build Command:"C:/Program Files (x86)/MSBuild/14.0/bin/MSBuild.exe" "cmTC_6f4bb.vcxproj" "/p:Configuration=Debug" "/p:VisualStudioVersion=14.0"
Microsoft (R) Build Engine version 14.0.25420.1
Copyright (C) Microsoft Corporation. All rights reserved.

Build started 1/12/2018 1:54:33 PM.
Project "C:\oss\third_party\matio\CMake-hdf5-1.10.1\build\CMakeFiles\CMakeTmp\cmTC_6f4bb.vcxproj" on node 1 (default targets).
PrepareForBuild:
  Creating directory "cmTC_6f4bb.dir\Debug\".
  Creating directory "C:\oss\third_party\matio\CMake-hdf5-1.10.1\build\CMakeFiles\CMakeTmp\Debug\".
  Creating directory "cmTC_6f4bb.dir\Debug\cmTC_6f4bb.tlog\".
InitializeBuildStatus:
  Creating "cmTC_6f4bb.dir\Debug\cmTC_6f4bb.tlog\unsuccessfulbuild" because "AlwaysCreate" was specified.
ClCompile:
  C:\Program Files (x86)\Microsoft Visual Studio 14.0\VC\bin\x86_amd64\CL.exe /c /Zi /W3 /WX- /Od /Ob0 /D WIN32 /D _WINDOWS /D CHECK_FUNCTION_EXISTS=rand_r /D WIN32_LEAN_AND_MEAN=1 /D NOGDI=1 /D "CMAKE_INTDIR=\"Debug\"" /D _MBCS /Gm- /RTC1 /MDd /GS /fp:precise /Zc:wchar_t /Zc:forScope /Zc:inline /Fo"cmTC_6f4bb.dir\Debug\\" /Fd"cmTC_6f4bb.dir\Debug\vc140.pdb" /Gd /TC /errorReport:queue "C:\CMake\share\cmake-3.9\Modules\CheckFunctionExists.c"
  Microsoft (R) C/C++ Optimizing Compiler Version 19.00.24215.1 for x64
  Copyright (C) Microsoft Corporation.  All rights reserved.
  
  cl /c /Zi /W3 /WX- /Od /Ob0 /D WIN32 /D _WINDOWS /D CHECK_FUNCTION_EXISTS=rand_r /D WIN32_LEAN_AND_MEAN=1 /D NOGDI=1 /D "CMAKE_INTDIR=\"Debug\"" /D _MBCS /Gm- /RTC1 /MDd /GS /fp:precise /Zc:wchar_t /Zc:forScope /Zc:inline /Fo"cmTC_6f4bb.dir\Debug\\" /Fd"cmTC_6f4bb.dir\Debug\vc140.pdb" /Gd /TC /errorReport:queue "C:\CMake\share\cmake-3.9\Modules\CheckFunctionExists.c"
  CheckFunctionExists.c
  
Link:
  C:\Program Files (x86)\Microsoft Visual Studio 14.0\VC\bin\x86_amd64\link.exe /ERRORREPORT:QUEUE /OUT:"C:\oss\third_party\matio\CMake-hdf5-1.10.1\build\CMakeFiles\CMakeTmp\Debug\cmTC_6f4bb.exe" /INCREMENTAL /NOLOGO ws2_32.lib wsock32.lib kernel32.lib user32.lib gdi32.lib winspool.lib shell32.lib ole32.lib oleaut32.lib uuid.lib comdlg32.lib advapi32.lib /MANIFEST /MANIFESTUAC:"level='asInvoker' uiAccess='false'" /manifest:embed /DEBUG /PDB:"C:/oss/third_party/matio/CMake-hdf5-1.10.1/build/CMakeFiles/CMakeTmp/Debug/cmTC_6f4bb.pdb" /SUBSYSTEM:CONSOLE /TLBID:1 /DYNAMICBASE /NXCOMPAT /IMPLIB:"C:/oss/third_party/matio/CMake-hdf5-1.10.1/build/CMakeFiles/CMakeTmp/Debug/cmTC_6f4bb.lib" /MACHINE:X64  /machine:x64 cmTC_6f4bb.dir\Debug\CheckFunctionExists.obj
CheckFunctionExists.obj : error LNK2019: unresolved external symbol rand_r referenced in function main [C:\oss\third_party\matio\CMake-hdf5-1.10.1\build\CMakeFiles\CMakeTmp\cmTC_6f4bb.vcxproj]
C:\oss\third_party\matio\CMake-hdf5-1.10.1\build\CMakeFiles\CMakeTmp\Debug\cmTC_6f4bb.exe : fatal error LNK1120: 1 unresolved externals [C:\oss\third_party\matio\CMake-hdf5-1.10.1\build\CMakeFiles\CMakeTmp\cmTC_6f4bb.vcxproj]
Done Building Project "C:\oss\third_party\matio\CMake-hdf5-1.10.1\build\CMakeFiles\CMakeTmp\cmTC_6f4bb.vcxproj" (default targets) -- FAILED.

Build FAILED.

"C:\oss\third_party\matio\CMake-hdf5-1.10.1\build\CMakeFiles\CMakeTmp\cmTC_6f4bb.vcxproj" (default target) (1) ->
(Link target) -> 
  CheckFunctionExists.obj : error LNK2019: unresolved external symbol rand_r referenced in function main [C:\oss\third_party\matio\CMake-hdf5-1.10.1\build\CMakeFiles\CMakeTmp\cmTC_6f4bb.vcxproj]
  C:\oss\third_party\matio\CMake-hdf5-1.10.1\build\CMakeFiles\CMakeTmp\Debug\cmTC_6f4bb.exe : fatal error LNK1120: 1 unresolved externals [C:\oss\third_party\matio\CMake-hdf5-1.10.1\build\CMakeFiles\CMakeTmp\cmTC_6f4bb.vcxproj]

    0 Warning(s)
    2 Error(s)

Time Elapsed 00:00:00.77


Determining if the function random exists failed with the following output:
Change Dir: C:/oss/third_party/matio/CMake-hdf5-1.10.1/build/CMakeFiles/CMakeTmp

Run Build Command:"C:/Program Files (x86)/MSBuild/14.0/bin/MSBuild.exe" "cmTC_9b36b.vcxproj" "/p:Configuration=Debug" "/p:VisualStudioVersion=14.0"
Microsoft (R) Build Engine version 14.0.25420.1
Copyright (C) Microsoft Corporation. All rights reserved.

Build started 1/12/2018 1:54:34 PM.
Project "C:\oss\third_party\matio\CMake-hdf5-1.10.1\build\CMakeFiles\CMakeTmp\cmTC_9b36b.vcxproj" on node 1 (default targets).
PrepareForBuild:
  Creating directory "cmTC_9b36b.dir\Debug\".
  Creating directory "C:\oss\third_party\matio\CMake-hdf5-1.10.1\build\CMakeFiles\CMakeTmp\Debug\".
  Creating directory "cmTC_9b36b.dir\Debug\cmTC_9b36b.tlog\".
InitializeBuildStatus:
  Creating "cmTC_9b36b.dir\Debug\cmTC_9b36b.tlog\unsuccessfulbuild" because "AlwaysCreate" was specified.
ClCompile:
  C:\Program Files (x86)\Microsoft Visual Studio 14.0\VC\bin\x86_amd64\CL.exe /c /Zi /W3 /WX- /Od /Ob0 /D WIN32 /D _WINDOWS /D CHECK_FUNCTION_EXISTS=random /D WIN32_LEAN_AND_MEAN=1 /D NOGDI=1 /D "CMAKE_INTDIR=\"Debug\"" /D _MBCS /Gm- /RTC1 /MDd /GS /fp:precise /Zc:wchar_t /Zc:forScope /Zc:inline /Fo"cmTC_9b36b.dir\Debug\\" /Fd"cmTC_9b36b.dir\Debug\vc140.pdb" /Gd /TC /errorReport:queue "C:\CMake\share\cmake-3.9\Modules\CheckFunctionExists.c"
  Microsoft (R) C/C++ Optimizing Compiler Version 19.00.24215.1 for x64
  Copyright (C) Microsoft Corporation.  All rights reserved.
  
  cl /c /Zi /W3 /WX- /Od /Ob0 /D WIN32 /D _WINDOWS /D CHECK_FUNCTION_EXISTS=random /D WIN32_LEAN_AND_MEAN=1 /D NOGDI=1 /D "CMAKE_INTDIR=\"Debug\"" /D _MBCS /Gm- /RTC1 /MDd /GS /fp:precise /Zc:wchar_t /Zc:forScope /Zc:inline /Fo"cmTC_9b36b.dir\Debug\\" /Fd"cmTC_9b36b.dir\Debug\vc140.pdb" /Gd /TC /errorReport:queue "C:\CMake\share\cmake-3.9\Modules\CheckFunctionExists.c"
  CheckFunctionExists.c
  
Link:
  C:\Program Files (x86)\Microsoft Visual Studio 14.0\VC\bin\x86_amd64\link.exe /ERRORREPORT:QUEUE /OUT:"C:\oss\third_party\matio\CMake-hdf5-1.10.1\build\CMakeFiles\CMakeTmp\Debug\cmTC_9b36b.exe" /INCREMENTAL /NOLOGO ws2_32.lib wsock32.lib kernel32.lib user32.lib gdi32.lib winspool.lib shell32.lib ole32.lib oleaut32.lib uuid.lib comdlg32.lib advapi32.lib /MANIFEST /MANIFESTUAC:"level='asInvoker' uiAccess='false'" /manifest:embed /DEBUG /PDB:"C:/oss/third_party/matio/CMake-hdf5-1.10.1/build/CMakeFiles/CMakeTmp/Debug/cmTC_9b36b.pdb" /SUBSYSTEM:CONSOLE /TLBID:1 /DYNAMICBASE /NXCOMPAT /IMPLIB:"C:/oss/third_party/matio/CMake-hdf5-1.10.1/build/CMakeFiles/CMakeTmp/Debug/cmTC_9b36b.lib" /MACHINE:X64  /machine:x64 cmTC_9b36b.dir\Debug\CheckFunctionExists.obj
CheckFunctionExists.obj : error LNK2019: unresolved external symbol random referenced in function main [C:\oss\third_party\matio\CMake-hdf5-1.10.1\build\CMakeFiles\CMakeTmp\cmTC_9b36b.vcxproj]
C:\oss\third_party\matio\CMake-hdf5-1.10.1\build\CMakeFiles\CMakeTmp\Debug\cmTC_9b36b.exe : fatal error LNK1120: 1 unresolved externals [C:\oss\third_party\matio\CMake-hdf5-1.10.1\build\CMakeFiles\CMakeTmp\cmTC_9b36b.vcxproj]
Done Building Project "C:\oss\third_party\matio\CMake-hdf5-1.10.1\build\CMakeFiles\CMakeTmp\cmTC_9b36b.vcxproj" (default targets) -- FAILED.

Build FAILED.

"C:\oss\third_party\matio\CMake-hdf5-1.10.1\build\CMakeFiles\CMakeTmp\cmTC_9b36b.vcxproj" (default target) (1) ->
(Link target) -> 
  CheckFunctionExists.obj : error LNK2019: unresolved external symbol random referenced in function main [C:\oss\third_party\matio\CMake-hdf5-1.10.1\build\CMakeFiles\CMakeTmp\cmTC_9b36b.vcxproj]
  C:\oss\third_party\matio\CMake-hdf5-1.10.1\build\CMakeFiles\CMakeTmp\Debug\cmTC_9b36b.exe : fatal error LNK1120: 1 unresolved externals [C:\oss\third_party\matio\CMake-hdf5-1.10.1\build\CMakeFiles\CMakeTmp\cmTC_9b36b.vcxproj]

    0 Warning(s)
    2 Error(s)

Time Elapsed 00:00:00.79


Determining if the function setsysinfo exists failed with the following output:
Change Dir: C:/oss/third_party/matio/CMake-hdf5-1.10.1/build/CMakeFiles/CMakeTmp

Run Build Command:"C:/Program Files (x86)/MSBuild/14.0/bin/MSBuild.exe" "cmTC_eec87.vcxproj" "/p:Configuration=Debug" "/p:VisualStudioVersion=14.0"
Microsoft (R) Build Engine version 14.0.25420.1
Copyright (C) Microsoft Corporation. All rights reserved.

Build started 1/12/2018 1:54:38 PM.
Project "C:\oss\third_party\matio\CMake-hdf5-1.10.1\build\CMakeFiles\CMakeTmp\cmTC_eec87.vcxproj" on node 1 (default targets).
PrepareForBuild:
  Creating directory "cmTC_eec87.dir\Debug\".
  Creating directory "C:\oss\third_party\matio\CMake-hdf5-1.10.1\build\CMakeFiles\CMakeTmp\Debug\".
  Creating directory "cmTC_eec87.dir\Debug\cmTC_eec87.tlog\".
InitializeBuildStatus:
  Creating "cmTC_eec87.dir\Debug\cmTC_eec87.tlog\unsuccessfulbuild" because "AlwaysCreate" was specified.
ClCompile:
  C:\Program Files (x86)\Microsoft Visual Studio 14.0\VC\bin\x86_amd64\CL.exe /c /Zi /W3 /WX- /Od /Ob0 /D WIN32 /D _WINDOWS /D CHECK_FUNCTION_EXISTS=setsysinfo /D WIN32_LEAN_AND_MEAN=1 /D NOGDI=1 /D "CMAKE_INTDIR=\"Debug\"" /D _MBCS /Gm- /RTC1 /MDd /GS /fp:precise /Zc:wchar_t /Zc:forScope /Zc:inline /Fo"cmTC_eec87.dir\Debug\\" /Fd"cmTC_eec87.dir\Debug\vc140.pdb" /Gd /TC /errorReport:queue "C:\CMake\share\cmake-3.9\Modules\CheckFunctionExists.c"
  Microsoft (R) C/C++ Optimizing Compiler Version 19.00.24215.1 for x64
  Copyright (C) Microsoft Corporation.  All rights reserved.
  
  cl /c /Zi /W3 /WX- /Od /Ob0 /D WIN32 /D _WINDOWS /D CHECK_FUNCTION_EXISTS=setsysinfo /D WIN32_LEAN_AND_MEAN=1 /D NOGDI=1 /D "CMAKE_INTDIR=\"Debug\"" /D _MBCS /Gm- /RTC1 /MDd /GS /fp:precise /Zc:wchar_t /Zc:forScope /Zc:inline /Fo"cmTC_eec87.dir\Debug\\" /Fd"cmTC_eec87.dir\Debug\vc140.pdb" /Gd /TC /errorReport:queue "C:\CMake\share\cmake-3.9\Modules\CheckFunctionExists.c"
  CheckFunctionExists.c
  
Link:
  C:\Program Files (x86)\Microsoft Visual Studio 14.0\VC\bin\x86_amd64\link.exe /ERRORREPORT:QUEUE /OUT:"C:\oss\third_party\matio\CMake-hdf5-1.10.1\build\CMakeFiles\CMakeTmp\Debug\cmTC_eec87.exe" /INCREMENTAL /NOLOGO ws2_32.lib wsock32.lib kernel32.lib user32.lib gdi32.lib winspool.lib shell32.lib ole32.lib oleaut32.lib uuid.lib comdlg32.lib advapi32.lib /MANIFEST /MANIFESTUAC:"level='asInvoker' uiAccess='false'" /manifest:embed /DEBUG /PDB:"C:/oss/third_party/matio/CMake-hdf5-1.10.1/build/CMakeFiles/CMakeTmp/Debug/cmTC_eec87.pdb" /SUBSYSTEM:CONSOLE /TLBID:1 /DYNAMICBASE /NXCOMPAT /IMPLIB:"C:/oss/third_party/matio/CMake-hdf5-1.10.1/build/CMakeFiles/CMakeTmp/Debug/cmTC_eec87.lib" /MACHINE:X64  /machine:x64 cmTC_eec87.dir\Debug\CheckFunctionExists.obj
CheckFunctionExists.obj : error LNK2019: unresolved external symbol setsysinfo referenced in function main [C:\oss\third_party\matio\CMake-hdf5-1.10.1\build\CMakeFiles\CMakeTmp\cmTC_eec87.vcxproj]
C:\oss\third_party\matio\CMake-hdf5-1.10.1\build\CMakeFiles\CMakeTmp\Debug\cmTC_eec87.exe : fatal error LNK1120: 1 unresolved externals [C:\oss\third_party\matio\CMake-hdf5-1.10.1\build\CMakeFiles\CMakeTmp\cmTC_eec87.vcxproj]
Done Building Project "C:\oss\third_party\matio\CMake-hdf5-1.10.1\build\CMakeFiles\CMakeTmp\cmTC_eec87.vcxproj" (default targets) -- FAILED.

Build FAILED.

"C:\oss\third_party\matio\CMake-hdf5-1.10.1\build\CMakeFiles\CMakeTmp\cmTC_eec87.vcxproj" (default target) (1) ->
(Link target) -> 
  CheckFunctionExists.obj : error LNK2019: unresolved external symbol setsysinfo referenced in function main [C:\oss\third_party\matio\CMake-hdf5-1.10.1\build\CMakeFiles\CMakeTmp\cmTC_eec87.vcxproj]
  C:\oss\third_party\matio\CMake-hdf5-1.10.1\build\CMakeFiles\CMakeTmp\Debug\cmTC_eec87.exe : fatal error LNK1120: 1 unresolved externals [C:\oss\third_party\matio\CMake-hdf5-1.10.1\build\CMakeFiles\CMakeTmp\cmTC_eec87.vcxproj]

    0 Warning(s)
    2 Error(s)

Time Elapsed 00:00:00.79


Determining if the function siglongjmp exists failed with the following output:
Change Dir: C:/oss/third_party/matio/CMake-hdf5-1.10.1/build/CMakeFiles/CMakeTmp

Run Build Command:"C:/Program Files (x86)/MSBuild/14.0/bin/MSBuild.exe" "cmTC_22999.vcxproj" "/p:Configuration=Debug" "/p:VisualStudioVersion=14.0"
Microsoft (R) Build Engine version 14.0.25420.1
Copyright (C) Microsoft Corporation. All rights reserved.

Build started 1/12/2018 1:54:41 PM.
Project "C:\oss\third_party\matio\CMake-hdf5-1.10.1\build\CMakeFiles\CMakeTmp\cmTC_22999.vcxproj" on node 1 (default targets).
PrepareForBuild:
  Creating directory "cmTC_22999.dir\Debug\".
  Creating directory "C:\oss\third_party\matio\CMake-hdf5-1.10.1\build\CMakeFiles\CMakeTmp\Debug\".
  Creating directory "cmTC_22999.dir\Debug\cmTC_22999.tlog\".
InitializeBuildStatus:
  Creating "cmTC_22999.dir\Debug\cmTC_22999.tlog\unsuccessfulbuild" because "AlwaysCreate" was specified.
ClCompile:
  C:\Program Files (x86)\Microsoft Visual Studio 14.0\VC\bin\x86_amd64\CL.exe /c /Zi /W3 /WX- /Od /Ob0 /D WIN32 /D _WINDOWS /D CHECK_FUNCTION_EXISTS=siglongjmp /D WIN32_LEAN_AND_MEAN=1 /D NOGDI=1 /D "CMAKE_INTDIR=\"Debug\"" /D _MBCS /Gm- /RTC1 /MDd /GS /fp:precise /Zc:wchar_t /Zc:forScope /Zc:inline /Fo"cmTC_22999.dir\Debug\\" /Fd"cmTC_22999.dir\Debug\vc140.pdb" /Gd /TC /errorReport:queue "C:\CMake\share\cmake-3.9\Modules\CheckFunctionExists.c"
  Microsoft (R) C/C++ Optimizing Compiler Version 19.00.24215.1 for x64
  Copyright (C) Microsoft Corporation.  All rights reserved.
  
  cl /c /Zi /W3 /WX- /Od /Ob0 /D WIN32 /D _WINDOWS /D CHECK_FUNCTION_EXISTS=siglongjmp /D WIN32_LEAN_AND_MEAN=1 /D NOGDI=1 /D "CMAKE_INTDIR=\"Debug\"" /D _MBCS /Gm- /RTC1 /MDd /GS /fp:precise /Zc:wchar_t /Zc:forScope /Zc:inline /Fo"cmTC_22999.dir\Debug\\" /Fd"cmTC_22999.dir\Debug\vc140.pdb" /Gd /TC /errorReport:queue "C:\CMake\share\cmake-3.9\Modules\CheckFunctionExists.c"
  CheckFunctionExists.c
  
Link:
  C:\Program Files (x86)\Microsoft Visual Studio 14.0\VC\bin\x86_amd64\link.exe /ERRORREPORT:QUEUE /OUT:"C:\oss\third_party\matio\CMake-hdf5-1.10.1\build\CMakeFiles\CMakeTmp\Debug\cmTC_22999.exe" /INCREMENTAL /NOLOGO ws2_32.lib wsock32.lib kernel32.lib user32.lib gdi32.lib winspool.lib shell32.lib ole32.lib oleaut32.lib uuid.lib comdlg32.lib advapi32.lib /MANIFEST /MANIFESTUAC:"level='asInvoker' uiAccess='false'" /manifest:embed /DEBUG /PDB:"C:/oss/third_party/matio/CMake-hdf5-1.10.1/build/CMakeFiles/CMakeTmp/Debug/cmTC_22999.pdb" /SUBSYSTEM:CONSOLE /TLBID:1 /DYNAMICBASE /NXCOMPAT /IMPLIB:"C:/oss/third_party/matio/CMake-hdf5-1.10.1/build/CMakeFiles/CMakeTmp/Debug/cmTC_22999.lib" /MACHINE:X64  /machine:x64 cmTC_22999.dir\Debug\CheckFunctionExists.obj
CheckFunctionExists.obj : error LNK2019: unresolved external symbol siglongjmp referenced in function main [C:\oss\third_party\matio\CMake-hdf5-1.10.1\build\CMakeFiles\CMakeTmp\cmTC_22999.vcxproj]
C:\oss\third_party\matio\CMake-hdf5-1.10.1\build\CMakeFiles\CMakeTmp\Debug\cmTC_22999.exe : fatal error LNK1120: 1 unresolved externals [C:\oss\third_party\matio\CMake-hdf5-1.10.1\build\CMakeFiles\CMakeTmp\cmTC_22999.vcxproj]
Done Building Project "C:\oss\third_party\matio\CMake-hdf5-1.10.1\build\CMakeFiles\CMakeTmp\cmTC_22999.vcxproj" (default targets) -- FAILED.

Build FAILED.

"C:\oss\third_party\matio\CMake-hdf5-1.10.1\build\CMakeFiles\CMakeTmp\cmTC_22999.vcxproj" (default target) (1) ->
(Link target) -> 
  CheckFunctionExists.obj : error LNK2019: unresolved external symbol siglongjmp referenced in function main [C:\oss\third_party\matio\CMake-hdf5-1.10.1\build\CMakeFiles\CMakeTmp\cmTC_22999.vcxproj]
  C:\oss\third_party\matio\CMake-hdf5-1.10.1\build\CMakeFiles\CMakeTmp\Debug\cmTC_22999.exe : fatal error LNK1120: 1 unresolved externals [C:\oss\third_party\matio\CMake-hdf5-1.10.1\build\CMakeFiles\CMakeTmp\cmTC_22999.vcxproj]

    0 Warning(s)
    2 Error(s)

Time Elapsed 00:00:00.84


Determining if the function sigsetjmp exists failed with the following output:
Change Dir: C:/oss/third_party/matio/CMake-hdf5-1.10.1/build/CMakeFiles/CMakeTmp

Run Build Command:"C:/Program Files (x86)/MSBuild/14.0/bin/MSBuild.exe" "cmTC_e7fc6.vcxproj" "/p:Configuration=Debug" "/p:VisualStudioVersion=14.0"
Microsoft (R) Build Engine version 14.0.25420.1
Copyright (C) Microsoft Corporation. All rights reserved.

Build started 1/12/2018 1:54:43 PM.
Project "C:\oss\third_party\matio\CMake-hdf5-1.10.1\build\CMakeFiles\CMakeTmp\cmTC_e7fc6.vcxproj" on node 1 (default targets).
PrepareForBuild:
  Creating directory "cmTC_e7fc6.dir\Debug\".
  Creating directory "C:\oss\third_party\matio\CMake-hdf5-1.10.1\build\CMakeFiles\CMakeTmp\Debug\".
  Creating directory "cmTC_e7fc6.dir\Debug\cmTC_e7fc6.tlog\".
InitializeBuildStatus:
  Creating "cmTC_e7fc6.dir\Debug\cmTC_e7fc6.tlog\unsuccessfulbuild" because "AlwaysCreate" was specified.
ClCompile:
  C:\Program Files (x86)\Microsoft Visual Studio 14.0\VC\bin\x86_amd64\CL.exe /c /Zi /W3 /WX- /Od /Ob0 /D WIN32 /D _WINDOWS /D CHECK_FUNCTION_EXISTS=sigsetjmp /D WIN32_LEAN_AND_MEAN=1 /D NOGDI=1 /D "CMAKE_INTDIR=\"Debug\"" /D _MBCS /Gm- /RTC1 /MDd /GS /fp:precise /Zc:wchar_t /Zc:forScope /Zc:inline /Fo"cmTC_e7fc6.dir\Debug\\" /Fd"cmTC_e7fc6.dir\Debug\vc140.pdb" /Gd /TC /errorReport:queue "C:\CMake\share\cmake-3.9\Modules\CheckFunctionExists.c"
  Microsoft (R) C/C++ Optimizing Compiler Version 19.00.24215.1 for x64
  Copyright (C) Microsoft Corporation.  All rights reserved.
  
  cl /c /Zi /W3 /WX- /Od /Ob0 /D WIN32 /D _WINDOWS /D CHECK_FUNCTION_EXISTS=sigsetjmp /D WIN32_LEAN_AND_MEAN=1 /D NOGDI=1 /D "CMAKE_INTDIR=\"Debug\"" /D _MBCS /Gm- /RTC1 /MDd /GS /fp:precise /Zc:wchar_t /Zc:forScope /Zc:inline /Fo"cmTC_e7fc6.dir\Debug\\" /Fd"cmTC_e7fc6.dir\Debug\vc140.pdb" /Gd /TC /errorReport:queue "C:\CMake\share\cmake-3.9\Modules\CheckFunctionExists.c"
  CheckFunctionExists.c
  
Link:
  C:\Program Files (x86)\Microsoft Visual Studio 14.0\VC\bin\x86_amd64\link.exe /ERRORREPORT:QUEUE /OUT:"C:\oss\third_party\matio\CMake-hdf5-1.10.1\build\CMakeFiles\CMakeTmp\Debug\cmTC_e7fc6.exe" /INCREMENTAL /NOLOGO ws2_32.lib wsock32.lib kernel32.lib user32.lib gdi32.lib winspool.lib shell32.lib ole32.lib oleaut32.lib uuid.lib comdlg32.lib advapi32.lib /MANIFEST /MANIFESTUAC:"level='asInvoker' uiAccess='false'" /manifest:embed /DEBUG /PDB:"C:/oss/third_party/matio/CMake-hdf5-1.10.1/build/CMakeFiles/CMakeTmp/Debug/cmTC_e7fc6.pdb" /SUBSYSTEM:CONSOLE /TLBID:1 /DYNAMICBASE /NXCOMPAT /IMPLIB:"C:/oss/third_party/matio/CMake-hdf5-1.10.1/build/CMakeFiles/CMakeTmp/Debug/cmTC_e7fc6.lib" /MACHINE:X64  /machine:x64 cmTC_e7fc6.dir\Debug\CheckFunctionExists.obj
CheckFunctionExists.obj : error LNK2019: unresolved external symbol sigsetjmp referenced in function main [C:\oss\third_party\matio\CMake-hdf5-1.10.1\build\CMakeFiles\CMakeTmp\cmTC_e7fc6.vcxproj]
C:\oss\third_party\matio\CMake-hdf5-1.10.1\build\CMakeFiles\CMakeTmp\Debug\cmTC_e7fc6.exe : fatal error LNK1120: 1 unresolved externals [C:\oss\third_party\matio\CMake-hdf5-1.10.1\build\CMakeFiles\CMakeTmp\cmTC_e7fc6.vcxproj]
Done Building Project "C:\oss\third_party\matio\CMake-hdf5-1.10.1\build\CMakeFiles\CMakeTmp\cmTC_e7fc6.vcxproj" (default targets) -- FAILED.

Build FAILED.

"C:\oss\third_party\matio\CMake-hdf5-1.10.1\build\CMakeFiles\CMakeTmp\cmTC_e7fc6.vcxproj" (default target) (1) ->
(Link target) -> 
  CheckFunctionExists.obj : error LNK2019: unresolved external symbol sigsetjmp referenced in function main [C:\oss\third_party\matio\CMake-hdf5-1.10.1\build\CMakeFiles\CMakeTmp\cmTC_e7fc6.vcxproj]
  C:\oss\third_party\matio\CMake-hdf5-1.10.1\build\CMakeFiles\CMakeTmp\Debug\cmTC_e7fc6.exe : fatal error LNK1120: 1 unresolved externals [C:\oss\third_party\matio\CMake-hdf5-1.10.1\build\CMakeFiles\CMakeTmp\cmTC_e7fc6.vcxproj]

    0 Warning(s)
    2 Error(s)

Time Elapsed 00:00:00.86


Determining if the function sigprocmask exists failed with the following output:
Change Dir: C:/oss/third_party/matio/CMake-hdf5-1.10.1/build/CMakeFiles/CMakeTmp

Run Build Command:"C:/Program Files (x86)/MSBuild/14.0/bin/MSBuild.exe" "cmTC_9d93c.vcxproj" "/p:Configuration=Debug" "/p:VisualStudioVersion=14.0"
Microsoft (R) Build Engine version 14.0.25420.1
Copyright (C) Microsoft Corporation. All rights reserved.

Build started 1/12/2018 1:54:44 PM.
Project "C:\oss\third_party\matio\CMake-hdf5-1.10.1\build\CMakeFiles\CMakeTmp\cmTC_9d93c.vcxproj" on node 1 (default targets).
PrepareForBuild:
  Creating directory "cmTC_9d93c.dir\Debug\".
  Creating directory "C:\oss\third_party\matio\CMake-hdf5-1.10.1\build\CMakeFiles\CMakeTmp\Debug\".
  Creating directory "cmTC_9d93c.dir\Debug\cmTC_9d93c.tlog\".
InitializeBuildStatus:
  Creating "cmTC_9d93c.dir\Debug\cmTC_9d93c.tlog\unsuccessfulbuild" because "AlwaysCreate" was specified.
ClCompile:
  C:\Program Files (x86)\Microsoft Visual Studio 14.0\VC\bin\x86_amd64\CL.exe /c /Zi /W3 /WX- /Od /Ob0 /D WIN32 /D _WINDOWS /D CHECK_FUNCTION_EXISTS=sigprocmask /D WIN32_LEAN_AND_MEAN=1 /D NOGDI=1 /D "CMAKE_INTDIR=\"Debug\"" /D _MBCS /Gm- /RTC1 /MDd /GS /fp:precise /Zc:wchar_t /Zc:forScope /Zc:inline /Fo"cmTC_9d93c.dir\Debug\\" /Fd"cmTC_9d93c.dir\Debug\vc140.pdb" /Gd /TC /errorReport:queue "C:\CMake\share\cmake-3.9\Modules\CheckFunctionExists.c"
  Microsoft (R) C/C++ Optimizing Compiler Version 19.00.24215.1 for x64
  Copyright (C) Microsoft Corporation.  All rights reserved.
  
  cl /c /Zi /W3 /WX- /Od /Ob0 /D WIN32 /D _WINDOWS /D CHECK_FUNCTION_EXISTS=sigprocmask /D WIN32_LEAN_AND_MEAN=1 /D NOGDI=1 /D "CMAKE_INTDIR=\"Debug\"" /D _MBCS /Gm- /RTC1 /MDd /GS /fp:precise /Zc:wchar_t /Zc:forScope /Zc:inline /Fo"cmTC_9d93c.dir\Debug\\" /Fd"cmTC_9d93c.dir\Debug\vc140.pdb" /Gd /TC /errorReport:queue "C:\CMake\share\cmake-3.9\Modules\CheckFunctionExists.c"
  CheckFunctionExists.c
  
Link:
  C:\Program Files (x86)\Microsoft Visual Studio 14.0\VC\bin\x86_amd64\link.exe /ERRORREPORT:QUEUE /OUT:"C:\oss\third_party\matio\CMake-hdf5-1.10.1\build\CMakeFiles\CMakeTmp\Debug\cmTC_9d93c.exe" /INCREMENTAL /NOLOGO ws2_32.lib wsock32.lib kernel32.lib user32.lib gdi32.lib winspool.lib shell32.lib ole32.lib oleaut32.lib uuid.lib comdlg32.lib advapi32.lib /MANIFEST /MANIFESTUAC:"level='asInvoker' uiAccess='false'" /manifest:embed /DEBUG /PDB:"C:/oss/third_party/matio/CMake-hdf5-1.10.1/build/CMakeFiles/CMakeTmp/Debug/cmTC_9d93c.pdb" /SUBSYSTEM:CONSOLE /TLBID:1 /DYNAMICBASE /NXCOMPAT /IMPLIB:"C:/oss/third_party/matio/CMake-hdf5-1.10.1/build/CMakeFiles/CMakeTmp/Debug/cmTC_9d93c.lib" /MACHINE:X64  /machine:x64 cmTC_9d93c.dir\Debug\CheckFunctionExists.obj
CheckFunctionExists.obj : error LNK2019: unresolved external symbol sigprocmask referenced in function main [C:\oss\third_party\matio\CMake-hdf5-1.10.1\build\CMakeFiles\CMakeTmp\cmTC_9d93c.vcxproj]
C:\oss\third_party\matio\CMake-hdf5-1.10.1\build\CMakeFiles\CMakeTmp\Debug\cmTC_9d93c.exe : fatal error LNK1120: 1 unresolved externals [C:\oss\third_party\matio\CMake-hdf5-1.10.1\build\CMakeFiles\CMakeTmp\cmTC_9d93c.vcxproj]
Done Building Project "C:\oss\third_party\matio\CMake-hdf5-1.10.1\build\CMakeFiles\CMakeTmp\cmTC_9d93c.vcxproj" (default targets) -- FAILED.

Build FAILED.

"C:\oss\third_party\matio\CMake-hdf5-1.10.1\build\CMakeFiles\CMakeTmp\cmTC_9d93c.vcxproj" (default target) (1) ->
(Link target) -> 
  CheckFunctionExists.obj : error LNK2019: unresolved external symbol sigprocmask referenced in function main [C:\oss\third_party\matio\CMake-hdf5-1.10.1\build\CMakeFiles\CMakeTmp\cmTC_9d93c.vcxproj]
  C:\oss\third_party\matio\CMake-hdf5-1.10.1\build\CMakeFiles\CMakeTmp\Debug\cmTC_9d93c.exe : fatal error LNK1120: 1 unresolved externals [C:\oss\third_party\matio\CMake-hdf5-1.10.1\build\CMakeFiles\CMakeTmp\cmTC_9d93c.vcxproj]

    0 Warning(s)
    2 Error(s)

Time Elapsed 00:00:00.84


Determining if the function snprintf exists failed with the following output:
Change Dir: C:/oss/third_party/matio/CMake-hdf5-1.10.1/build/CMakeFiles/CMakeTmp

Run Build Command:"C:/Program Files (x86)/MSBuild/14.0/bin/MSBuild.exe" "cmTC_fd92c.vcxproj" "/p:Configuration=Debug" "/p:VisualStudioVersion=14.0"
Microsoft (R) Build Engine version 14.0.25420.1
Copyright (C) Microsoft Corporation. All rights reserved.

Build started 1/12/2018 1:54:45 PM.
Project "C:\oss\third_party\matio\CMake-hdf5-1.10.1\build\CMakeFiles\CMakeTmp\cmTC_fd92c.vcxproj" on node 1 (default targets).
PrepareForBuild:
  Creating directory "cmTC_fd92c.dir\Debug\".
  Creating directory "C:\oss\third_party\matio\CMake-hdf5-1.10.1\build\CMakeFiles\CMakeTmp\Debug\".
  Creating directory "cmTC_fd92c.dir\Debug\cmTC_fd92c.tlog\".
InitializeBuildStatus:
  Creating "cmTC_fd92c.dir\Debug\cmTC_fd92c.tlog\unsuccessfulbuild" because "AlwaysCreate" was specified.
ClCompile:
  C:\Program Files (x86)\Microsoft Visual Studio 14.0\VC\bin\x86_amd64\CL.exe /c /Zi /W3 /WX- /Od /Ob0 /D WIN32 /D _WINDOWS /D CHECK_FUNCTION_EXISTS=snprintf /D WIN32_LEAN_AND_MEAN=1 /D NOGDI=1 /D "CMAKE_INTDIR=\"Debug\"" /D _MBCS /Gm- /RTC1 /MDd /GS /fp:precise /Zc:wchar_t /Zc:forScope /Zc:inline /Fo"cmTC_fd92c.dir\Debug\\" /Fd"cmTC_fd92c.dir\Debug\vc140.pdb" /Gd /TC /errorReport:queue "C:\CMake\share\cmake-3.9\Modules\CheckFunctionExists.c"
  Microsoft (R) C/C++ Optimizing Compiler Version 19.00.24215.1 for x64
  Copyright (C) Microsoft Corporation.  All rights reserved.
  
  cl /c /Zi /W3 /WX- /Od /Ob0 /D WIN32 /D _WINDOWS /D CHECK_FUNCTION_EXISTS=snprintf /D WIN32_LEAN_AND_MEAN=1 /D NOGDI=1 /D "CMAKE_INTDIR=\"Debug\"" /D _MBCS /Gm- /RTC1 /MDd /GS /fp:precise /Zc:wchar_t /Zc:forScope /Zc:inline /Fo"cmTC_fd92c.dir\Debug\\" /Fd"cmTC_fd92c.dir\Debug\vc140.pdb" /Gd /TC /errorReport:queue "C:\CMake\share\cmake-3.9\Modules\CheckFunctionExists.c"
  CheckFunctionExists.c
  
Link:
  C:\Program Files (x86)\Microsoft Visual Studio 14.0\VC\bin\x86_amd64\link.exe /ERRORREPORT:QUEUE /OUT:"C:\oss\third_party\matio\CMake-hdf5-1.10.1\build\CMakeFiles\CMakeTmp\Debug\cmTC_fd92c.exe" /INCREMENTAL /NOLOGO ws2_32.lib wsock32.lib kernel32.lib user32.lib gdi32.lib winspool.lib shell32.lib ole32.lib oleaut32.lib uuid.lib comdlg32.lib advapi32.lib /MANIFEST /MANIFESTUAC:"level='asInvoker' uiAccess='false'" /manifest:embed /DEBUG /PDB:"C:/oss/third_party/matio/CMake-hdf5-1.10.1/build/CMakeFiles/CMakeTmp/Debug/cmTC_fd92c.pdb" /SUBSYSTEM:CONSOLE /TLBID:1 /DYNAMICBASE /NXCOMPAT /IMPLIB:"C:/oss/third_party/matio/CMake-hdf5-1.10.1/build/CMakeFiles/CMakeTmp/Debug/cmTC_fd92c.lib" /MACHINE:X64  /machine:x64 cmTC_fd92c.dir\Debug\CheckFunctionExists.obj
CheckFunctionExists.obj : error LNK2019: unresolved external symbol snprintf referenced in function main [C:\oss\third_party\matio\CMake-hdf5-1.10.1\build\CMakeFiles\CMakeTmp\cmTC_fd92c.vcxproj]
C:\oss\third_party\matio\CMake-hdf5-1.10.1\build\CMakeFiles\CMakeTmp\Debug\cmTC_fd92c.exe : fatal error LNK1120: 1 unresolved externals [C:\oss\third_party\matio\CMake-hdf5-1.10.1\build\CMakeFiles\CMakeTmp\cmTC_fd92c.vcxproj]
Done Building Project "C:\oss\third_party\matio\CMake-hdf5-1.10.1\build\CMakeFiles\CMakeTmp\cmTC_fd92c.vcxproj" (default targets) -- FAILED.

Build FAILED.

"C:\oss\third_party\matio\CMake-hdf5-1.10.1\build\CMakeFiles\CMakeTmp\cmTC_fd92c.vcxproj" (default target) (1) ->
(Link target) -> 
  CheckFunctionExists.obj : error LNK2019: unresolved external symbol snprintf referenced in function main [C:\oss\third_party\matio\CMake-hdf5-1.10.1\build\CMakeFiles\CMakeTmp\cmTC_fd92c.vcxproj]
  C:\oss\third_party\matio\CMake-hdf5-1.10.1\build\CMakeFiles\CMakeTmp\Debug\cmTC_fd92c.exe : fatal error LNK1120: 1 unresolved externals [C:\oss\third_party\matio\CMake-hdf5-1.10.1\build\CMakeFiles\CMakeTmp\cmTC_fd92c.vcxproj]

    0 Warning(s)
    2 Error(s)

Time Elapsed 00:00:00.85


Determining if the function srandom exists failed with the following output:
Change Dir: C:/oss/third_party/matio/CMake-hdf5-1.10.1/build/CMakeFiles/CMakeTmp

Run Build Command:"C:/Program Files (x86)/MSBuild/14.0/bin/MSBuild.exe" "cmTC_a5483.vcxproj" "/p:Configuration=Debug" "/p:VisualStudioVersion=14.0"
Microsoft (R) Build Engine version 14.0.25420.1
Copyright (C) Microsoft Corporation. All rights reserved.

Build started 1/12/2018 1:54:46 PM.
Project "C:\oss\third_party\matio\CMake-hdf5-1.10.1\build\CMakeFiles\CMakeTmp\cmTC_a5483.vcxproj" on node 1 (default targets).
PrepareForBuild:
  Creating directory "cmTC_a5483.dir\Debug\".
  Creating directory "C:\oss\third_party\matio\CMake-hdf5-1.10.1\build\CMakeFiles\CMakeTmp\Debug\".
  Creating directory "cmTC_a5483.dir\Debug\cmTC_a5483.tlog\".
InitializeBuildStatus:
  Creating "cmTC_a5483.dir\Debug\cmTC_a5483.tlog\unsuccessfulbuild" because "AlwaysCreate" was specified.
ClCompile:
  C:\Program Files (x86)\Microsoft Visual Studio 14.0\VC\bin\x86_amd64\CL.exe /c /Zi /W3 /WX- /Od /Ob0 /D WIN32 /D _WINDOWS /D CHECK_FUNCTION_EXISTS=srandom /D WIN32_LEAN_AND_MEAN=1 /D NOGDI=1 /D "CMAKE_INTDIR=\"Debug\"" /D _MBCS /Gm- /RTC1 /MDd /GS /fp:precise /Zc:wchar_t /Zc:forScope /Zc:inline /Fo"cmTC_a5483.dir\Debug\\" /Fd"cmTC_a5483.dir\Debug\vc140.pdb" /Gd /TC /errorReport:queue "C:\CMake\share\cmake-3.9\Modules\CheckFunctionExists.c"
  Microsoft (R) C/C++ Optimizing Compiler Version 19.00.24215.1 for x64
  Copyright (C) Microsoft Corporation.  All rights reserved.
  
  cl /c /Zi /W3 /WX- /Od /Ob0 /D WIN32 /D _WINDOWS /D CHECK_FUNCTION_EXISTS=srandom /D WIN32_LEAN_AND_MEAN=1 /D NOGDI=1 /D "CMAKE_INTDIR=\"Debug\"" /D _MBCS /Gm- /RTC1 /MDd /GS /fp:precise /Zc:wchar_t /Zc:forScope /Zc:inline /Fo"cmTC_a5483.dir\Debug\\" /Fd"cmTC_a5483.dir\Debug\vc140.pdb" /Gd /TC /errorReport:queue "C:\CMake\share\cmake-3.9\Modules\CheckFunctionExists.c"
  CheckFunctionExists.c
  
Link:
  C:\Program Files (x86)\Microsoft Visual Studio 14.0\VC\bin\x86_amd64\link.exe /ERRORREPORT:QUEUE /OUT:"C:\oss\third_party\matio\CMake-hdf5-1.10.1\build\CMakeFiles\CMakeTmp\Debug\cmTC_a5483.exe" /INCREMENTAL /NOLOGO ws2_32.lib wsock32.lib kernel32.lib user32.lib gdi32.lib winspool.lib shell32.lib ole32.lib oleaut32.lib uuid.lib comdlg32.lib advapi32.lib /MANIFEST /MANIFESTUAC:"level='asInvoker' uiAccess='false'" /manifest:embed /DEBUG /PDB:"C:/oss/third_party/matio/CMake-hdf5-1.10.1/build/CMakeFiles/CMakeTmp/Debug/cmTC_a5483.pdb" /SUBSYSTEM:CONSOLE /TLBID:1 /DYNAMICBASE /NXCOMPAT /IMPLIB:"C:/oss/third_party/matio/CMake-hdf5-1.10.1/build/CMakeFiles/CMakeTmp/Debug/cmTC_a5483.lib" /MACHINE:X64  /machine:x64 cmTC_a5483.dir\Debug\CheckFunctionExists.obj
CheckFunctionExists.obj : error LNK2019: unresolved external symbol srandom referenced in function main [C:\oss\third_party\matio\CMake-hdf5-1.10.1\build\CMakeFiles\CMakeTmp\cmTC_a5483.vcxproj]
C:\oss\third_party\matio\CMake-hdf5-1.10.1\build\CMakeFiles\CMakeTmp\Debug\cmTC_a5483.exe : fatal error LNK1120: 1 unresolved externals [C:\oss\third_party\matio\CMake-hdf5-1.10.1\build\CMakeFiles\CMakeTmp\cmTC_a5483.vcxproj]
Done Building Project "C:\oss\third_party\matio\CMake-hdf5-1.10.1\build\CMakeFiles\CMakeTmp\cmTC_a5483.vcxproj" (default targets) -- FAILED.

Build FAILED.

"C:\oss\third_party\matio\CMake-hdf5-1.10.1\build\CMakeFiles\CMakeTmp\cmTC_a5483.vcxproj" (default target) (1) ->
(Link target) -> 
  CheckFunctionExists.obj : error LNK2019: unresolved external symbol srandom referenced in function main [C:\oss\third_party\matio\CMake-hdf5-1.10.1\build\CMakeFiles\CMakeTmp\cmTC_a5483.vcxproj]
  C:\oss\third_party\matio\CMake-hdf5-1.10.1\build\CMakeFiles\CMakeTmp\Debug\cmTC_a5483.exe : fatal error LNK1120: 1 unresolved externals [C:\oss\third_party\matio\CMake-hdf5-1.10.1\build\CMakeFiles\CMakeTmp\cmTC_a5483.vcxproj]

    0 Warning(s)
    2 Error(s)

Time Elapsed 00:00:00.84


Determining if the function symlink exists failed with the following output:
Change Dir: C:/oss/third_party/matio/CMake-hdf5-1.10.1/build/CMakeFiles/CMakeTmp

Run Build Command:"C:/Program Files (x86)/MSBuild/14.0/bin/MSBuild.exe" "cmTC_641ee.vcxproj" "/p:Configuration=Debug" "/p:VisualStudioVersion=14.0"
Microsoft (R) Build Engine version 14.0.25420.1
Copyright (C) Microsoft Corporation. All rights reserved.

Build started 1/12/2018 1:54:50 PM.
Project "C:\oss\third_party\matio\CMake-hdf5-1.10.1\build\CMakeFiles\CMakeTmp\cmTC_641ee.vcxproj" on node 1 (default targets).
PrepareForBuild:
  Creating directory "cmTC_641ee.dir\Debug\".
  Creating directory "C:\oss\third_party\matio\CMake-hdf5-1.10.1\build\CMakeFiles\CMakeTmp\Debug\".
  Creating directory "cmTC_641ee.dir\Debug\cmTC_641ee.tlog\".
InitializeBuildStatus:
  Creating "cmTC_641ee.dir\Debug\cmTC_641ee.tlog\unsuccessfulbuild" because "AlwaysCreate" was specified.
ClCompile:
  C:\Program Files (x86)\Microsoft Visual Studio 14.0\VC\bin\x86_amd64\CL.exe /c /Zi /W3 /WX- /Od /Ob0 /D WIN32 /D _WINDOWS /D CHECK_FUNCTION_EXISTS=symlink /D WIN32_LEAN_AND_MEAN=1 /D NOGDI=1 /D "CMAKE_INTDIR=\"Debug\"" /D _MBCS /Gm- /RTC1 /MDd /GS /fp:precise /Zc:wchar_t /Zc:forScope /Zc:inline /Fo"cmTC_641ee.dir\Debug\\" /Fd"cmTC_641ee.dir\Debug\vc140.pdb" /Gd /TC /errorReport:queue "C:\CMake\share\cmake-3.9\Modules\CheckFunctionExists.c"
  Microsoft (R) C/C++ Optimizing Compiler Version 19.00.24215.1 for x64
  Copyright (C) Microsoft Corporation.  All rights reserved.
  
  cl /c /Zi /W3 /WX- /Od /Ob0 /D WIN32 /D _WINDOWS /D CHECK_FUNCTION_EXISTS=symlink /D WIN32_LEAN_AND_MEAN=1 /D NOGDI=1 /D "CMAKE_INTDIR=\"Debug\"" /D _MBCS /Gm- /RTC1 /MDd /GS /fp:precise /Zc:wchar_t /Zc:forScope /Zc:inline /Fo"cmTC_641ee.dir\Debug\\" /Fd"cmTC_641ee.dir\Debug\vc140.pdb" /Gd /TC /errorReport:queue "C:\CMake\share\cmake-3.9\Modules\CheckFunctionExists.c"
  CheckFunctionExists.c
  
Link:
  C:\Program Files (x86)\Microsoft Visual Studio 14.0\VC\bin\x86_amd64\link.exe /ERRORREPORT:QUEUE /OUT:"C:\oss\third_party\matio\CMake-hdf5-1.10.1\build\CMakeFiles\CMakeTmp\Debug\cmTC_641ee.exe" /INCREMENTAL /NOLOGO ws2_32.lib wsock32.lib kernel32.lib user32.lib gdi32.lib winspool.lib shell32.lib ole32.lib oleaut32.lib uuid.lib comdlg32.lib advapi32.lib /MANIFEST /MANIFESTUAC:"level='asInvoker' uiAccess='false'" /manifest:embed /DEBUG /PDB:"C:/oss/third_party/matio/CMake-hdf5-1.10.1/build/CMakeFiles/CMakeTmp/Debug/cmTC_641ee.pdb" /SUBSYSTEM:CONSOLE /TLBID:1 /DYNAMICBASE /NXCOMPAT /IMPLIB:"C:/oss/third_party/matio/CMake-hdf5-1.10.1/build/CMakeFiles/CMakeTmp/Debug/cmTC_641ee.lib" /MACHINE:X64  /machine:x64 cmTC_641ee.dir\Debug\CheckFunctionExists.obj
CheckFunctionExists.obj : error LNK2019: unresolved external symbol symlink referenced in function main [C:\oss\third_party\matio\CMake-hdf5-1.10.1\build\CMakeFiles\CMakeTmp\cmTC_641ee.vcxproj]
C:\oss\third_party\matio\CMake-hdf5-1.10.1\build\CMakeFiles\CMakeTmp\Debug\cmTC_641ee.exe : fatal error LNK1120: 1 unresolved externals [C:\oss\third_party\matio\CMake-hdf5-1.10.1\build\CMakeFiles\CMakeTmp\cmTC_641ee.vcxproj]
Done Building Project "C:\oss\third_party\matio\CMake-hdf5-1.10.1\build\CMakeFiles\CMakeTmp\cmTC_641ee.vcxproj" (default targets) -- FAILED.

Build FAILED.

"C:\oss\third_party\matio\CMake-hdf5-1.10.1\build\CMakeFiles\CMakeTmp\cmTC_641ee.vcxproj" (default target) (1) ->
(Link target) -> 
  CheckFunctionExists.obj : error LNK2019: unresolved external symbol symlink referenced in function main [C:\oss\third_party\matio\CMake-hdf5-1.10.1\build\CMakeFiles\CMakeTmp\cmTC_641ee.vcxproj]
  C:\oss\third_party\matio\CMake-hdf5-1.10.1\build\CMakeFiles\CMakeTmp\Debug\cmTC_641ee.exe : fatal error LNK1120: 1 unresolved externals [C:\oss\third_party\matio\CMake-hdf5-1.10.1\build\CMakeFiles\CMakeTmp\cmTC_641ee.vcxproj]

    0 Warning(s)
    2 Error(s)

Time Elapsed 00:00:00.77


Determining if the function asprintf exists failed with the following output:
Change Dir: C:/oss/third_party/matio/CMake-hdf5-1.10.1/build/CMakeFiles/CMakeTmp

Run Build Command:"C:/Program Files (x86)/MSBuild/14.0/bin/MSBuild.exe" "cmTC_e1edc.vcxproj" "/p:Configuration=Debug" "/p:VisualStudioVersion=14.0"
Microsoft (R) Build Engine version 14.0.25420.1
Copyright (C) Microsoft Corporation. All rights reserved.

Build started 1/12/2018 1:54:52 PM.
Project "C:\oss\third_party\matio\CMake-hdf5-1.10.1\build\CMakeFiles\CMakeTmp\cmTC_e1edc.vcxproj" on node 1 (default targets).
PrepareForBuild:
  Creating directory "cmTC_e1edc.dir\Debug\".
  Creating directory "C:\oss\third_party\matio\CMake-hdf5-1.10.1\build\CMakeFiles\CMakeTmp\Debug\".
  Creating directory "cmTC_e1edc.dir\Debug\cmTC_e1edc.tlog\".
InitializeBuildStatus:
  Creating "cmTC_e1edc.dir\Debug\cmTC_e1edc.tlog\unsuccessfulbuild" because "AlwaysCreate" was specified.
ClCompile:
  C:\Program Files (x86)\Microsoft Visual Studio 14.0\VC\bin\x86_amd64\CL.exe /c /Zi /W3 /WX- /Od /Ob0 /D WIN32 /D _WINDOWS /D CHECK_FUNCTION_EXISTS=asprintf /D WIN32_LEAN_AND_MEAN=1 /D NOGDI=1 /D "CMAKE_INTDIR=\"Debug\"" /D _MBCS /Gm- /RTC1 /MDd /GS /fp:precise /Zc:wchar_t /Zc:forScope /Zc:inline /Fo"cmTC_e1edc.dir\Debug\\" /Fd"cmTC_e1edc.dir\Debug\vc140.pdb" /Gd /TC /errorReport:queue "C:\CMake\share\cmake-3.9\Modules\CheckFunctionExists.c"
  Microsoft (R) C/C++ Optimizing Compiler Version 19.00.24215.1 for x64
  Copyright (C) Microsoft Corporation.  All rights reserved.
  
  cl /c /Zi /W3 /WX- /Od /Ob0 /D WIN32 /D _WINDOWS /D CHECK_FUNCTION_EXISTS=asprintf /D WIN32_LEAN_AND_MEAN=1 /D NOGDI=1 /D "CMAKE_INTDIR=\"Debug\"" /D _MBCS /Gm- /RTC1 /MDd /GS /fp:precise /Zc:wchar_t /Zc:forScope /Zc:inline /Fo"cmTC_e1edc.dir\Debug\\" /Fd"cmTC_e1edc.dir\Debug\vc140.pdb" /Gd /TC /errorReport:queue "C:\CMake\share\cmake-3.9\Modules\CheckFunctionExists.c"
  CheckFunctionExists.c
  
Link:
  C:\Program Files (x86)\Microsoft Visual Studio 14.0\VC\bin\x86_amd64\link.exe /ERRORREPORT:QUEUE /OUT:"C:\oss\third_party\matio\CMake-hdf5-1.10.1\build\CMakeFiles\CMakeTmp\Debug\cmTC_e1edc.exe" /INCREMENTAL /NOLOGO ws2_32.lib wsock32.lib kernel32.lib user32.lib gdi32.lib winspool.lib shell32.lib ole32.lib oleaut32.lib uuid.lib comdlg32.lib advapi32.lib /MANIFEST /MANIFESTUAC:"level='asInvoker' uiAccess='false'" /manifest:embed /DEBUG /PDB:"C:/oss/third_party/matio/CMake-hdf5-1.10.1/build/CMakeFiles/CMakeTmp/Debug/cmTC_e1edc.pdb" /SUBSYSTEM:CONSOLE /TLBID:1 /DYNAMICBASE /NXCOMPAT /IMPLIB:"C:/oss/third_party/matio/CMake-hdf5-1.10.1/build/CMakeFiles/CMakeTmp/Debug/cmTC_e1edc.lib" /MACHINE:X64  /machine:x64 cmTC_e1edc.dir\Debug\CheckFunctionExists.obj
CheckFunctionExists.obj : error LNK2019: unresolved external symbol asprintf referenced in function main [C:\oss\third_party\matio\CMake-hdf5-1.10.1\build\CMakeFiles\CMakeTmp\cmTC_e1edc.vcxproj]
C:\oss\third_party\matio\CMake-hdf5-1.10.1\build\CMakeFiles\CMakeTmp\Debug\cmTC_e1edc.exe : fatal error LNK1120: 1 unresolved externals [C:\oss\third_party\matio\CMake-hdf5-1.10.1\build\CMakeFiles\CMakeTmp\cmTC_e1edc.vcxproj]
Done Building Project "C:\oss\third_party\matio\CMake-hdf5-1.10.1\build\CMakeFiles\CMakeTmp\cmTC_e1edc.vcxproj" (default targets) -- FAILED.

Build FAILED.

"C:\oss\third_party\matio\CMake-hdf5-1.10.1\build\CMakeFiles\CMakeTmp\cmTC_e1edc.vcxproj" (default target) (1) ->
(Link target) -> 
  CheckFunctionExists.obj : error LNK2019: unresolved external symbol asprintf referenced in function main [C:\oss\third_party\matio\CMake-hdf5-1.10.1\build\CMakeFiles\CMakeTmp\cmTC_e1edc.vcxproj]
  C:\oss\third_party\matio\CMake-hdf5-1.10.1\build\CMakeFiles\CMakeTmp\Debug\cmTC_e1edc.exe : fatal error LNK1120: 1 unresolved externals [C:\oss\third_party\matio\CMake-hdf5-1.10.1\build\CMakeFiles\CMakeTmp\cmTC_e1edc.vcxproj]

    0 Warning(s)
    2 Error(s)

Time Elapsed 00:00:00.86


Determining if the function vasprintf exists failed with the following output:
Change Dir: C:/oss/third_party/matio/CMake-hdf5-1.10.1/build/CMakeFiles/CMakeTmp

Run Build Command:"C:/Program Files (x86)/MSBuild/14.0/bin/MSBuild.exe" "cmTC_b09f1.vcxproj" "/p:Configuration=Debug" "/p:VisualStudioVersion=14.0"
Microsoft (R) Build Engine version 14.0.25420.1
Copyright (C) Microsoft Corporation. All rights reserved.

Build started 1/12/2018 1:54:53 PM.
Project "C:\oss\third_party\matio\CMake-hdf5-1.10.1\build\CMakeFiles\CMakeTmp\cmTC_b09f1.vcxproj" on node 1 (default targets).
PrepareForBuild:
  Creating directory "cmTC_b09f1.dir\Debug\".
  Creating directory "C:\oss\third_party\matio\CMake-hdf5-1.10.1\build\CMakeFiles\CMakeTmp\Debug\".
  Creating directory "cmTC_b09f1.dir\Debug\cmTC_b09f1.tlog\".
InitializeBuildStatus:
  Creating "cmTC_b09f1.dir\Debug\cmTC_b09f1.tlog\unsuccessfulbuild" because "AlwaysCreate" was specified.
ClCompile:
  C:\Program Files (x86)\Microsoft Visual Studio 14.0\VC\bin\x86_amd64\CL.exe /c /Zi /W3 /WX- /Od /Ob0 /D WIN32 /D _WINDOWS /D CHECK_FUNCTION_EXISTS=vasprintf /D WIN32_LEAN_AND_MEAN=1 /D NOGDI=1 /D "CMAKE_INTDIR=\"Debug\"" /D _MBCS /Gm- /RTC1 /MDd /GS /fp:precise /Zc:wchar_t /Zc:forScope /Zc:inline /Fo"cmTC_b09f1.dir\Debug\\" /Fd"cmTC_b09f1.dir\Debug\vc140.pdb" /Gd /TC /errorReport:queue "C:\CMake\share\cmake-3.9\Modules\CheckFunctionExists.c"
  Microsoft (R) C/C++ Optimizing Compiler Version 19.00.24215.1 for x64
  Copyright (C) Microsoft Corporation.  All rights reserved.
  
  cl /c /Zi /W3 /WX- /Od /Ob0 /D WIN32 /D _WINDOWS /D CHECK_FUNCTION_EXISTS=vasprintf /D WIN32_LEAN_AND_MEAN=1 /D NOGDI=1 /D "CMAKE_INTDIR=\"Debug\"" /D _MBCS /Gm- /RTC1 /MDd /GS /fp:precise /Zc:wchar_t /Zc:forScope /Zc:inline /Fo"cmTC_b09f1.dir\Debug\\" /Fd"cmTC_b09f1.dir\Debug\vc140.pdb" /Gd /TC /errorReport:queue "C:\CMake\share\cmake-3.9\Modules\CheckFunctionExists.c"
  CheckFunctionExists.c
  
Link:
  C:\Program Files (x86)\Microsoft Visual Studio 14.0\VC\bin\x86_amd64\link.exe /ERRORREPORT:QUEUE /OUT:"C:\oss\third_party\matio\CMake-hdf5-1.10.1\build\CMakeFiles\CMakeTmp\Debug\cmTC_b09f1.exe" /INCREMENTAL /NOLOGO ws2_32.lib wsock32.lib kernel32.lib user32.lib gdi32.lib winspool.lib shell32.lib ole32.lib oleaut32.lib uuid.lib comdlg32.lib advapi32.lib /MANIFEST /MANIFESTUAC:"level='asInvoker' uiAccess='false'" /manifest:embed /DEBUG /PDB:"C:/oss/third_party/matio/CMake-hdf5-1.10.1/build/CMakeFiles/CMakeTmp/Debug/cmTC_b09f1.pdb" /SUBSYSTEM:CONSOLE /TLBID:1 /DYNAMICBASE /NXCOMPAT /IMPLIB:"C:/oss/third_party/matio/CMake-hdf5-1.10.1/build/CMakeFiles/CMakeTmp/Debug/cmTC_b09f1.lib" /MACHINE:X64  /machine:x64 cmTC_b09f1.dir\Debug\CheckFunctionExists.obj
CheckFunctionExists.obj : error LNK2019: unresolved external symbol vasprintf referenced in function main [C:\oss\third_party\matio\CMake-hdf5-1.10.1\build\CMakeFiles\CMakeTmp\cmTC_b09f1.vcxproj]
C:\oss\third_party\matio\CMake-hdf5-1.10.1\build\CMakeFiles\CMakeTmp\Debug\cmTC_b09f1.exe : fatal error LNK1120: 1 unresolved externals [C:\oss\third_party\matio\CMake-hdf5-1.10.1\build\CMakeFiles\CMakeTmp\cmTC_b09f1.vcxproj]
Done Building Project "C:\oss\third_party\matio\CMake-hdf5-1.10.1\build\CMakeFiles\CMakeTmp\cmTC_b09f1.vcxproj" (default targets) -- FAILED.

Build FAILED.

"C:\oss\third_party\matio\CMake-hdf5-1.10.1\build\CMakeFiles\CMakeTmp\cmTC_b09f1.vcxproj" (default target) (1) ->
(Link target) -> 
  CheckFunctionExists.obj : error LNK2019: unresolved external symbol vasprintf referenced in function main [C:\oss\third_party\matio\CMake-hdf5-1.10.1\build\CMakeFiles\CMakeTmp\cmTC_b09f1.vcxproj]
  C:\oss\third_party\matio\CMake-hdf5-1.10.1\build\CMakeFiles\CMakeTmp\Debug\cmTC_b09f1.exe : fatal error LNK1120: 1 unresolved externals [C:\oss\third_party\matio\CMake-hdf5-1.10.1\build\CMakeFiles\CMakeTmp\cmTC_b09f1.vcxproj]

    0 Warning(s)
    2 Error(s)

Time Elapsed 00:00:00.86


Determining if the function waitpid exists failed with the following output:
Change Dir: C:/oss/third_party/matio/CMake-hdf5-1.10.1/build/CMakeFiles/CMakeTmp

Run Build Command:"C:/Program Files (x86)/MSBuild/14.0/bin/MSBuild.exe" "cmTC_3ef79.vcxproj" "/p:Configuration=Debug" "/p:VisualStudioVersion=14.0"
Microsoft (R) Build Engine version 14.0.25420.1
Copyright (C) Microsoft Corporation. All rights reserved.

Build started 1/12/2018 1:54:54 PM.
Project "C:\oss\third_party\matio\CMake-hdf5-1.10.1\build\CMakeFiles\CMakeTmp\cmTC_3ef79.vcxproj" on node 1 (default targets).
PrepareForBuild:
  Creating directory "cmTC_3ef79.dir\Debug\".
  Creating directory "C:\oss\third_party\matio\CMake-hdf5-1.10.1\build\CMakeFiles\CMakeTmp\Debug\".
  Creating directory "cmTC_3ef79.dir\Debug\cmTC_3ef79.tlog\".
InitializeBuildStatus:
  Creating "cmTC_3ef79.dir\Debug\cmTC_3ef79.tlog\unsuccessfulbuild" because "AlwaysCreate" was specified.
ClCompile:
  C:\Program Files (x86)\Microsoft Visual Studio 14.0\VC\bin\x86_amd64\CL.exe /c /Zi /W3 /WX- /Od /Ob0 /D WIN32 /D _WINDOWS /D CHECK_FUNCTION_EXISTS=waitpid /D WIN32_LEAN_AND_MEAN=1 /D NOGDI=1 /D "CMAKE_INTDIR=\"Debug\"" /D _MBCS /Gm- /RTC1 /MDd /GS /fp:precise /Zc:wchar_t /Zc:forScope /Zc:inline /Fo"cmTC_3ef79.dir\Debug\\" /Fd"cmTC_3ef79.dir\Debug\vc140.pdb" /Gd /TC /errorReport:queue "C:\CMake\share\cmake-3.9\Modules\CheckFunctionExists.c"
  Microsoft (R) C/C++ Optimizing Compiler Version 19.00.24215.1 for x64
  Copyright (C) Microsoft Corporation.  All rights reserved.
  
  cl /c /Zi /W3 /WX- /Od /Ob0 /D WIN32 /D _WINDOWS /D CHECK_FUNCTION_EXISTS=waitpid /D WIN32_LEAN_AND_MEAN=1 /D NOGDI=1 /D "CMAKE_INTDIR=\"Debug\"" /D _MBCS /Gm- /RTC1 /MDd /GS /fp:precise /Zc:wchar_t /Zc:forScope /Zc:inline /Fo"cmTC_3ef79.dir\Debug\\" /Fd"cmTC_3ef79.dir\Debug\vc140.pdb" /Gd /TC /errorReport:queue "C:\CMake\share\cmake-3.9\Modules\CheckFunctionExists.c"
  CheckFunctionExists.c
  
Link:
  C:\Program Files (x86)\Microsoft Visual Studio 14.0\VC\bin\x86_amd64\link.exe /ERRORREPORT:QUEUE /OUT:"C:\oss\third_party\matio\CMake-hdf5-1.10.1\build\CMakeFiles\CMakeTmp\Debug\cmTC_3ef79.exe" /INCREMENTAL /NOLOGO ws2_32.lib wsock32.lib kernel32.lib user32.lib gdi32.lib winspool.lib shell32.lib ole32.lib oleaut32.lib uuid.lib comdlg32.lib advapi32.lib /MANIFEST /MANIFESTUAC:"level='asInvoker' uiAccess='false'" /manifest:embed /DEBUG /PDB:"C:/oss/third_party/matio/CMake-hdf5-1.10.1/build/CMakeFiles/CMakeTmp/Debug/cmTC_3ef79.pdb" /SUBSYSTEM:CONSOLE /TLBID:1 /DYNAMICBASE /NXCOMPAT /IMPLIB:"C:/oss/third_party/matio/CMake-hdf5-1.10.1/build/CMakeFiles/CMakeTmp/Debug/cmTC_3ef79.lib" /MACHINE:X64  /machine:x64 cmTC_3ef79.dir\Debug\CheckFunctionExists.obj
CheckFunctionExists.obj : error LNK2019: unresolved external symbol waitpid referenced in function main [C:\oss\third_party\matio\CMake-hdf5-1.10.1\build\CMakeFiles\CMakeTmp\cmTC_3ef79.vcxproj]
C:\oss\third_party\matio\CMake-hdf5-1.10.1\build\CMakeFiles\CMakeTmp\Debug\cmTC_3ef79.exe : fatal error LNK1120: 1 unresolved externals [C:\oss\third_party\matio\CMake-hdf5-1.10.1\build\CMakeFiles\CMakeTmp\cmTC_3ef79.vcxproj]
Done Building Project "C:\oss\third_party\matio\CMake-hdf5-1.10.1\build\CMakeFiles\CMakeTmp\cmTC_3ef79.vcxproj" (default targets) -- FAILED.

Build FAILED.

"C:\oss\third_party\matio\CMake-hdf5-1.10.1\build\CMakeFiles\CMakeTmp\cmTC_3ef79.vcxproj" (default target) (1) ->
(Link target) -> 
  CheckFunctionExists.obj : error LNK2019: unresolved external symbol waitpid referenced in function main [C:\oss\third_party\matio\CMake-hdf5-1.10.1\build\CMakeFiles\CMakeTmp\cmTC_3ef79.vcxproj]
  C:\oss\third_party\matio\CMake-hdf5-1.10.1\build\CMakeFiles\CMakeTmp\Debug\cmTC_3ef79.exe : fatal error LNK1120: 1 unresolved externals [C:\oss\third_party\matio\CMake-hdf5-1.10.1\build\CMakeFiles\CMakeTmp\cmTC_3ef79.vcxproj]

    0 Warning(s)
    2 Error(s)

Time Elapsed 00:00:00.78


Determining if the function vsnprintf exists failed with the following output:
Change Dir: C:/oss/third_party/matio/CMake-hdf5-1.10.1/build/CMakeFiles/CMakeTmp

Run Build Command:"C:/Program Files (x86)/MSBuild/14.0/bin/MSBuild.exe" "cmTC_89d24.vcxproj" "/p:Configuration=Debug" "/p:VisualStudioVersion=14.0"
Microsoft (R) Build Engine version 14.0.25420.1
Copyright (C) Microsoft Corporation. All rights reserved.

Build started 1/12/2018 1:54:55 PM.
Project "C:\oss\third_party\matio\CMake-hdf5-1.10.1\build\CMakeFiles\CMakeTmp\cmTC_89d24.vcxproj" on node 1 (default targets).
PrepareForBuild:
  Creating directory "cmTC_89d24.dir\Debug\".
  Creating directory "C:\oss\third_party\matio\CMake-hdf5-1.10.1\build\CMakeFiles\CMakeTmp\Debug\".
  Creating directory "cmTC_89d24.dir\Debug\cmTC_89d24.tlog\".
InitializeBuildStatus:
  Creating "cmTC_89d24.dir\Debug\cmTC_89d24.tlog\unsuccessfulbuild" because "AlwaysCreate" was specified.
ClCompile:
  C:\Program Files (x86)\Microsoft Visual Studio 14.0\VC\bin\x86_amd64\CL.exe /c /Zi /W3 /WX- /Od /Ob0 /D WIN32 /D _WINDOWS /D CHECK_FUNCTION_EXISTS=vsnprintf /D WIN32_LEAN_AND_MEAN=1 /D NOGDI=1 /D "CMAKE_INTDIR=\"Debug\"" /D _MBCS /Gm- /RTC1 /MDd /GS /fp:precise /Zc:wchar_t /Zc:forScope /Zc:inline /Fo"cmTC_89d24.dir\Debug\\" /Fd"cmTC_89d24.dir\Debug\vc140.pdb" /Gd /TC /errorReport:queue "C:\CMake\share\cmake-3.9\Modules\CheckFunctionExists.c"
  Microsoft (R) C/C++ Optimizing Compiler Version 19.00.24215.1 for x64
  Copyright (C) Microsoft Corporation.  All rights reserved.
  
  cl /c /Zi /W3 /WX- /Od /Ob0 /D WIN32 /D _WINDOWS /D CHECK_FUNCTION_EXISTS=vsnprintf /D WIN32_LEAN_AND_MEAN=1 /D NOGDI=1 /D "CMAKE_INTDIR=\"Debug\"" /D _MBCS /Gm- /RTC1 /MDd /GS /fp:precise /Zc:wchar_t /Zc:forScope /Zc:inline /Fo"cmTC_89d24.dir\Debug\\" /Fd"cmTC_89d24.dir\Debug\vc140.pdb" /Gd /TC /errorReport:queue "C:\CMake\share\cmake-3.9\Modules\CheckFunctionExists.c"
  CheckFunctionExists.c
  
Link:
  C:\Program Files (x86)\Microsoft Visual Studio 14.0\VC\bin\x86_amd64\link.exe /ERRORREPORT:QUEUE /OUT:"C:\oss\third_party\matio\CMake-hdf5-1.10.1\build\CMakeFiles\CMakeTmp\Debug\cmTC_89d24.exe" /INCREMENTAL /NOLOGO ws2_32.lib wsock32.lib kernel32.lib user32.lib gdi32.lib winspool.lib shell32.lib ole32.lib oleaut32.lib uuid.lib comdlg32.lib advapi32.lib /MANIFEST /MANIFESTUAC:"level='asInvoker' uiAccess='false'" /manifest:embed /DEBUG /PDB:"C:/oss/third_party/matio/CMake-hdf5-1.10.1/build/CMakeFiles/CMakeTmp/Debug/cmTC_89d24.pdb" /SUBSYSTEM:CONSOLE /TLBID:1 /DYNAMICBASE /NXCOMPAT /IMPLIB:"C:/oss/third_party/matio/CMake-hdf5-1.10.1/build/CMakeFiles/CMakeTmp/Debug/cmTC_89d24.lib" /MACHINE:X64  /machine:x64 cmTC_89d24.dir\Debug\CheckFunctionExists.obj
CheckFunctionExists.obj : error LNK2019: unresolved external symbol vsnprintf referenced in function main [C:\oss\third_party\matio\CMake-hdf5-1.10.1\build\CMakeFiles\CMakeTmp\cmTC_89d24.vcxproj]
MSVCRTD.lib(vsnprintf.obj) : error LNK2001: unresolved external symbol vsnprintf [C:\oss\third_party\matio\CMake-hdf5-1.10.1\build\CMakeFiles\CMakeTmp\cmTC_89d24.vcxproj]
MSVCRTD.lib(vsnprintf.obj) : error LNK2001: unresolved external symbol _vsnprintf [C:\oss\third_party\matio\CMake-hdf5-1.10.1\build\CMakeFiles\CMakeTmp\cmTC_89d24.vcxproj]
C:\oss\third_party\matio\CMake-hdf5-1.10.1\build\CMakeFiles\CMakeTmp\Debug\cmTC_89d24.exe : fatal error LNK1120: 2 unresolved externals [C:\oss\third_party\matio\CMake-hdf5-1.10.1\build\CMakeFiles\CMakeTmp\cmTC_89d24.vcxproj]
Done Building Project "C:\oss\third_party\matio\CMake-hdf5-1.10.1\build\CMakeFiles\CMakeTmp\cmTC_89d24.vcxproj" (default targets) -- FAILED.

Build FAILED.

"C:\oss\third_party\matio\CMake-hdf5-1.10.1\build\CMakeFiles\CMakeTmp\cmTC_89d24.vcxproj" (default target) (1) ->
(Link target) -> 
  CheckFunctionExists.obj : error LNK2019: unresolved external symbol vsnprintf referenced in function main [C:\oss\third_party\matio\CMake-hdf5-1.10.1\build\CMakeFiles\CMakeTmp\cmTC_89d24.vcxproj]
  MSVCRTD.lib(vsnprintf.obj) : error LNK2001: unresolved external symbol vsnprintf [C:\oss\third_party\matio\CMake-hdf5-1.10.1\build\CMakeFiles\CMakeTmp\cmTC_89d24.vcxproj]
  MSVCRTD.lib(vsnprintf.obj) : error LNK2001: unresolved external symbol _vsnprintf [C:\oss\third_party\matio\CMake-hdf5-1.10.1\build\CMakeFiles\CMakeTmp\cmTC_89d24.vcxproj]
  C:\oss\third_party\matio\CMake-hdf5-1.10.1\build\CMakeFiles\CMakeTmp\Debug\cmTC_89d24.exe : fatal error LNK1120: 2 unresolved externals [C:\oss\third_party\matio\CMake-hdf5-1.10.1\build\CMakeFiles\CMakeTmp\cmTC_89d24.vcxproj]

    0 Warning(s)
    4 Error(s)

Time Elapsed 00:00:00.79


Determining if the sigsetjmp exist failed with the following output:
Change Dir: C:/oss/third_party/matio/CMake-hdf5-1.10.1/build/CMakeFiles/CMakeTmp

Run Build Command:"C:/Program Files (x86)/MSBuild/14.0/bin/MSBuild.exe" "cmTC_19076.vcxproj" "/p:Configuration=Debug" "/p:VisualStudioVersion=14.0"
Microsoft (R) Build Engine version 14.0.25420.1
Copyright (C) Microsoft Corporation. All rights reserved.

Build started 1/12/2018 1:54:56 PM.
Project "C:\oss\third_party\matio\CMake-hdf5-1.10.1\build\CMakeFiles\CMakeTmp\cmTC_19076.vcxproj" on node 1 (default targets).
PrepareForBuild:
  Creating directory "cmTC_19076.dir\Debug\".
  Creating directory "C:\oss\third_party\matio\CMake-hdf5-1.10.1\build\CMakeFiles\CMakeTmp\Debug\".
  Creating directory "cmTC_19076.dir\Debug\cmTC_19076.tlog\".
InitializeBuildStatus:
  Creating "cmTC_19076.dir\Debug\cmTC_19076.tlog\unsuccessfulbuild" because "AlwaysCreate" was specified.
ClCompile:
  C:\Program Files (x86)\Microsoft Visual Studio 14.0\VC\bin\x86_amd64\CL.exe /c /Zi /W3 /WX- /Od /Ob0 /D WIN32 /D _WINDOWS /D WIN32_LEAN_AND_MEAN=1 /D NOGDI=1 /D "CMAKE_INTDIR=\"Debug\"" /D _MBCS /Gm- /RTC1 /MDd /GS /fp:precise /Zc:wchar_t /Zc:forScope /Zc:inline /Fo"cmTC_19076.dir\Debug\\" /Fd"cmTC_19076.dir\Debug\vc140.pdb" /Gd /TC /errorReport:queue "C:\oss\third_party\matio\CMake-hdf5-1.10.1\build\CMakeFiles\CMakeTmp\CheckSymbolExists.c"
  Microsoft (R) C/C++ Optimizing Compiler Version 19.00.24215.1 for x64
  Copyright (C) Microsoft Corporation.  All rights reserved.
  
  cl /c /Zi /W3 /WX- /Od /Ob0 /D WIN32 /D _WINDOWS /D WIN32_LEAN_AND_MEAN=1 /D NOGDI=1 /D "CMAKE_INTDIR=\"Debug\"" /D _MBCS /Gm- /RTC1 /MDd /GS /fp:precise /Zc:wchar_t /Zc:forScope /Zc:inline /Fo"cmTC_19076.dir\Debug\\" /Fd"cmTC_19076.dir\Debug\vc140.pdb" /Gd /TC /errorReport:queue "C:\oss\third_party\matio\CMake-hdf5-1.10.1\build\CMakeFiles\CMakeTmp\CheckSymbolExists.c"
  CheckSymbolExists.c
  
C:\oss\third_party\matio\CMake-hdf5-1.10.1\build\CMakeFiles\CMakeTmp\CheckSymbolExists.c(8): error C2065: 'sigsetjmp': undeclared identifier [C:\oss\third_party\matio\CMake-hdf5-1.10.1\build\CMakeFiles\CMakeTmp\cmTC_19076.vcxproj]
Done Building Project "C:\oss\third_party\matio\CMake-hdf5-1.10.1\build\CMakeFiles\CMakeTmp\cmTC_19076.vcxproj" (default targets) -- FAILED.

Build FAILED.

"C:\oss\third_party\matio\CMake-hdf5-1.10.1\build\CMakeFiles\CMakeTmp\cmTC_19076.vcxproj" (default target) (1) ->
(ClCompile target) -> 
  C:\oss\third_party\matio\CMake-hdf5-1.10.1\build\CMakeFiles\CMakeTmp\CheckSymbolExists.c(8): error C2065: 'sigsetjmp': undeclared identifier [C:\oss\third_party\matio\CMake-hdf5-1.10.1\build\CMakeFiles\CMakeTmp\cmTC_19076.vcxproj]

    0 Warning(s)
    1 Error(s)

Time Elapsed 00:00:00.52

File C:/oss/third_party/matio/CMake-hdf5-1.10.1/build/CMakeFiles/CMakeTmp/CheckSymbolExists.c:
/* */
#include <setjmp.h>

int main(int argc, char** argv)
{
  (void)argv;
#ifndef sigsetjmp
  return ((int*)(&sigsetjmp))[argc];
#else
  (void)argc;
  return 0;
#endif
}

Performing CXX Test OLD_HEADER_FILENAME failed with the following output:
Change Dir: C:/oss/third_party/matio/CMake-hdf5-1.10.1/build/CMakeFiles/CMakeTmp

Run Build Command:"C:/Program Files (x86)/MSBuild/14.0/bin/MSBuild.exe" "cmTC_ac9a2.vcxproj" "/p:Configuration=Debug" "/p:VisualStudioVersion=14.0"
Microsoft (R) Build Engine version 14.0.25420.1
Copyright (C) Microsoft Corporation. All rights reserved.

Build started 1/12/2018 1:54:57 PM.
Project "C:\oss\third_party\matio\CMake-hdf5-1.10.1\build\CMakeFiles\CMakeTmp\cmTC_ac9a2.vcxproj" on node 1 (default targets).
PrepareForBuild:
  Creating directory "cmTC_ac9a2.dir\Debug\".
  Creating directory "C:\oss\third_party\matio\CMake-hdf5-1.10.1\build\CMakeFiles\CMakeTmp\Debug\".
  Creating directory "cmTC_ac9a2.dir\Debug\cmTC_ac9a2.tlog\".
InitializeBuildStatus:
  Creating "cmTC_ac9a2.dir\Debug\cmTC_ac9a2.tlog\unsuccessfulbuild" because "AlwaysCreate" was specified.
ClCompile:
  C:\Program Files (x86)\Microsoft Visual Studio 14.0\VC\bin\x86_amd64\CL.exe /c /Zi /W3 /WX- /Od /Ob0 /D WIN32 /D _WINDOWS /D OLD_HEADER_FILENAME /D WIN32_LEAN_AND_MEAN=1 /D NOGDI=1 /D HAVE_SYS_TYPES_H /D "CMAKE_INTDIR=\"Debug\"" /D _MBCS /Gm- /EHsc /RTC1 /MDd /GS /fp:precise /Zc:wchar_t /Zc:forScope /Zc:inline /GR /Fo"cmTC_ac9a2.dir\Debug\\" /Fd"cmTC_ac9a2.dir\Debug\vc140.pdb" /Gd /TP /errorReport:queue "C:\oss\third_party\matio\CMake-hdf5-1.10.1\hdf5-1.10.1\config\cmake_ext_mod\HDFCXXTests.cpp"
  Microsoft (R) C/C++ Optimizing Compiler Version 19.00.24215.1 for x64
  Copyright (C) Microsoft Corporation.  All rights reserved.
  
  cl /c /Zi /W3 /WX- /Od /Ob0 /D WIN32 /D _WINDOWS /D OLD_HEADER_FILENAME /D WIN32_LEAN_AND_MEAN=1 /D NOGDI=1 /D HAVE_SYS_TYPES_H /D "CMAKE_INTDIR=\"Debug\"" /D _MBCS /Gm- /EHsc /RTC1 /MDd /GS /fp:precise /Zc:wchar_t /Zc:forScope /Zc:inline /GR /Fo"cmTC_ac9a2.dir\Debug\\" /Fd"cmTC_ac9a2.dir\Debug\vc140.pdb" /Gd /TP /errorReport:queue "C:\oss\third_party\matio\CMake-hdf5-1.10.1\hdf5-1.10.1\config\cmake_ext_mod\HDFCXXTests.cpp"
  HDFCXXTests.cpp
  
Link:
  C:\Program Files (x86)\Microsoft Visual Studio 14.0\VC\bin\x86_amd64\link.exe /ERRORREPORT:QUEUE /OUT:"C:\oss\third_party\matio\CMake-hdf5-1.10.1\build\CMakeFiles\CMakeTmp\Debug\cmTC_ac9a2.exe" /INCREMENTAL /NOLOGO ws2_32.lib wsock32.lib kernel32.lib user32.lib gdi32.lib winspool.lib shell32.lib ole32.lib oleaut32.lib uuid.lib comdlg32.lib advapi32.lib /MANIFEST /MANIFESTUAC:"level='asInvoker' uiAccess='false'" /manifest:embed /DEBUG /PDB:"C:/oss/third_party/matio/CMake-hdf5-1.10.1/build/CMakeFiles/CMakeTmp/Debug/cmTC_ac9a2.pdb" /SUBSYSTEM:CONSOLE /TLBID:1 /DYNAMICBASE /NXCOMPAT /IMPLIB:"C:/oss/third_party/matio/CMake-hdf5-1.10.1/build/CMakeFiles/CMakeTmp/Debug/cmTC_ac9a2.lib" /MACHINE:X64  /machine:x64 cmTC_ac9a2.dir\Debug\HDFCXXTests.obj
  cmTC_ac9a2.vcxproj -> C:\oss\third_party\matio\CMake-hdf5-1.10.1\build\CMakeFiles\CMakeTmp\Debug\cmTC_ac9a2.exe
  cmTC_ac9a2.vcxproj -> C:/oss/third_party/matio/CMake-hdf5-1.10.1/build/CMakeFiles/CMakeTmp/Debug/cmTC_ac9a2.pdb (Full PDB)
FinalizeBuildStatus:
  Deleting file "cmTC_ac9a2.dir\Debug\cmTC_ac9a2.tlog\unsuccessfulbuild".
  Touching "cmTC_ac9a2.dir\Debug\cmTC_ac9a2.tlog\cmTC_ac9a2.lastbuildstate".
Done Building Project "C:\oss\third_party\matio\CMake-hdf5-1.10.1\build\CMakeFiles\CMakeTmp\cmTC_ac9a2.vcxproj" (default targets).

Build succeeded.
    0 Warning(s)
    0 Error(s)

Time Elapsed 00:00:01.19

Performing CXX Test H5_NO_NAMESPACE failed with the following output:
Change Dir: C:/oss/third_party/matio/CMake-hdf5-1.10.1/build/CMakeFiles/CMakeTmp

Run Build Command:"C:/Program Files (x86)/MSBuild/14.0/bin/MSBuild.exe" "cmTC_d719f.vcxproj" "/p:Configuration=Debug" "/p:VisualStudioVersion=14.0"
Microsoft (R) Build Engine version 14.0.25420.1
Copyright (C) Microsoft Corporation. All rights reserved.

Build started 1/12/2018 1:54:58 PM.
Project "C:\oss\third_party\matio\CMake-hdf5-1.10.1\build\CMakeFiles\CMakeTmp\cmTC_d719f.vcxproj" on node 1 (default targets).
PrepareForBuild:
  Creating directory "cmTC_d719f.dir\Debug\".
  Creating directory "C:\oss\third_party\matio\CMake-hdf5-1.10.1\build\CMakeFiles\CMakeTmp\Debug\".
  Creating directory "cmTC_d719f.dir\Debug\cmTC_d719f.tlog\".
InitializeBuildStatus:
  Creating "cmTC_d719f.dir\Debug\cmTC_d719f.tlog\unsuccessfulbuild" because "AlwaysCreate" was specified.
ClCompile:
  C:\Program Files (x86)\Microsoft Visual Studio 14.0\VC\bin\x86_amd64\CL.exe /c /Zi /W3 /WX- /Od /Ob0 /D WIN32 /D _WINDOWS /D H5_NO_NAMESPACE /D WIN32_LEAN_AND_MEAN=1 /D NOGDI=1 /D HAVE_SYS_TYPES_H /D "CMAKE_INTDIR=\"Debug\"" /D _MBCS /Gm- /EHsc /RTC1 /MDd /GS /fp:precise /Zc:wchar_t /Zc:forScope /Zc:inline /GR /Fo"cmTC_d719f.dir\Debug\\" /Fd"cmTC_d719f.dir\Debug\vc140.pdb" /Gd /TP /errorReport:queue "C:\oss\third_party\matio\CMake-hdf5-1.10.1\hdf5-1.10.1\config\cmake_ext_mod\HDFCXXTests.cpp"
  Microsoft (R) C/C++ Optimizing Compiler Version 19.00.24215.1 for x64
  Copyright (C) Microsoft Corporation.  All rights reserved.
  
  cl /c /Zi /W3 /WX- /Od /Ob0 /D WIN32 /D _WINDOWS /D H5_NO_NAMESPACE /D WIN32_LEAN_AND_MEAN=1 /D NOGDI=1 /D HAVE_SYS_TYPES_H /D "CMAKE_INTDIR=\"Debug\"" /D _MBCS /Gm- /EHsc /RTC1 /MDd /GS /fp:precise /Zc:wchar_t /Zc:forScope /Zc:inline /GR /Fo"cmTC_d719f.dir\Debug\\" /Fd"cmTC_d719f.dir\Debug\vc140.pdb" /Gd /TP /errorReport:queue "C:\oss\third_party\matio\CMake-hdf5-1.10.1\hdf5-1.10.1\config\cmake_ext_mod\HDFCXXTests.cpp"
  HDFCXXTests.cpp
  
Link:
  C:\Program Files (x86)\Microsoft Visual Studio 14.0\VC\bin\x86_amd64\link.exe /ERRORREPORT:QUEUE /OUT:"C:\oss\third_party\matio\CMake-hdf5-1.10.1\build\CMakeFiles\CMakeTmp\Debug\cmTC_d719f.exe" /INCREMENTAL /NOLOGO ws2_32.lib wsock32.lib kernel32.lib user32.lib gdi32.lib winspool.lib shell32.lib ole32.lib oleaut32.lib uuid.lib comdlg32.lib advapi32.lib /MANIFEST /MANIFESTUAC:"level='asInvoker' uiAccess='false'" /manifest:embed /DEBUG /PDB:"C:/oss/third_party/matio/CMake-hdf5-1.10.1/build/CMakeFiles/CMakeTmp/Debug/cmTC_d719f.pdb" /SUBSYSTEM:CONSOLE /TLBID:1 /DYNAMICBASE /NXCOMPAT /IMPLIB:"C:/oss/third_party/matio/CMake-hdf5-1.10.1/build/CMakeFiles/CMakeTmp/Debug/cmTC_d719f.lib" /MACHINE:X64  /machine:x64 cmTC_d719f.dir\Debug\HDFCXXTests.obj
MSVCRTD.lib(exe_main.obj) : error LNK2019: unresolved external symbol main referenced in function "int __cdecl invoke_main(void)" (?invoke_main@@YAHXZ) [C:\oss\third_party\matio\CMake-hdf5-1.10.1\build\CMakeFiles\CMakeTmp\cmTC_d719f.vcxproj]
C:\oss\third_party\matio\CMake-hdf5-1.10.1\build\CMakeFiles\CMakeTmp\Debug\cmTC_d719f.exe : fatal error LNK1120: 1 unresolved externals [C:\oss\third_party\matio\CMake-hdf5-1.10.1\build\CMakeFiles\CMakeTmp\cmTC_d719f.vcxproj]
Done Building Project "C:\oss\third_party\matio\CMake-hdf5-1.10.1\build\CMakeFiles\CMakeTmp\cmTC_d719f.vcxproj" (default targets) -- FAILED.

Build FAILED.

"C:\oss\third_party\matio\CMake-hdf5-1.10.1\build\CMakeFiles\CMakeTmp\cmTC_d719f.vcxproj" (default target) (1) ->
(Link target) -> 
  MSVCRTD.lib(exe_main.obj) : error LNK2019: unresolved external symbol main referenced in function "int __cdecl invoke_main(void)" (?invoke_main@@YAHXZ) [C:\oss\third_party\matio\CMake-hdf5-1.10.1\build\CMakeFiles\CMakeTmp\cmTC_d719f.vcxproj]
  C:\oss\third_party\matio\CMake-hdf5-1.10.1\build\CMakeFiles\CMakeTmp\Debug\cmTC_d719f.exe : fatal error LNK1120: 1 unresolved externals [C:\oss\third_party\matio\CMake-hdf5-1.10.1\build\CMakeFiles\CMakeTmp\cmTC_d719f.vcxproj]

    0 Warning(s)
    2 Error(s)

Time Elapsed 00:00:00.78

Performing CXX Test H5_NO_STD failed with the following output:
Change Dir: C:/oss/third_party/matio/CMake-hdf5-1.10.1/build/CMakeFiles/CMakeTmp

Run Build Command:"C:/Program Files (x86)/MSBuild/14.0/bin/MSBuild.exe" "cmTC_b8f28.vcxproj" "/p:Configuration=Debug" "/p:VisualStudioVersion=14.0"
Microsoft (R) Build Engine version 14.0.25420.1
Copyright (C) Microsoft Corporation. All rights reserved.

Build started 1/12/2018 1:54:59 PM.
Project "C:\oss\third_party\matio\CMake-hdf5-1.10.1\build\CMakeFiles\CMakeTmp\cmTC_b8f28.vcxproj" on node 1 (default targets).
PrepareForBuild:
  Creating directory "cmTC_b8f28.dir\Debug\".
  Creating directory "C:\oss\third_party\matio\CMake-hdf5-1.10.1\build\CMakeFiles\CMakeTmp\Debug\".
  Creating directory "cmTC_b8f28.dir\Debug\cmTC_b8f28.tlog\".
InitializeBuildStatus:
  Creating "cmTC_b8f28.dir\Debug\cmTC_b8f28.tlog\unsuccessfulbuild" because "AlwaysCreate" was specified.
ClCompile:
  C:\Program Files (x86)\Microsoft Visual Studio 14.0\VC\bin\x86_amd64\CL.exe /c /Zi /W3 /WX- /Od /Ob0 /D WIN32 /D _WINDOWS /D H5_NO_STD /D WIN32_LEAN_AND_MEAN=1 /D NOGDI=1 /D HAVE_SYS_TYPES_H /D "CMAKE_INTDIR=\"Debug\"" /D _MBCS /Gm- /EHsc /RTC1 /MDd /GS /fp:precise /Zc:wchar_t /Zc:forScope /Zc:inline /GR /Fo"cmTC_b8f28.dir\Debug\\" /Fd"cmTC_b8f28.dir\Debug\vc140.pdb" /Gd /TP /errorReport:queue "C:\oss\third_party\matio\CMake-hdf5-1.10.1\hdf5-1.10.1\config\cmake_ext_mod\HDFCXXTests.cpp"
  Microsoft (R) C/C++ Optimizing Compiler Version 19.00.24215.1 for x64
  Copyright (C) Microsoft Corporation.  All rights reserved.
  
  cl /c /Zi /W3 /WX- /Od /Ob0 /D WIN32 /D _WINDOWS /D H5_NO_STD /D WIN32_LEAN_AND_MEAN=1 /D NOGDI=1 /D HAVE_SYS_TYPES_H /D "CMAKE_INTDIR=\"Debug\"" /D _MBCS /Gm- /EHsc /RTC1 /MDd /GS /fp:precise /Zc:wchar_t /Zc:forScope /Zc:inline /GR /Fo"cmTC_b8f28.dir\Debug\\" /Fd"cmTC_b8f28.dir\Debug\vc140.pdb" /Gd /TP /errorReport:queue "C:\oss\third_party\matio\CMake-hdf5-1.10.1\hdf5-1.10.1\config\cmake_ext_mod\HDFCXXTests.cpp"
  HDFCXXTests.cpp
  
Link:
  C:\Program Files (x86)\Microsoft Visual Studio 14.0\VC\bin\x86_amd64\link.exe /ERRORREPORT:QUEUE /OUT:"C:\oss\third_party\matio\CMake-hdf5-1.10.1\build\CMakeFiles\CMakeTmp\Debug\cmTC_b8f28.exe" /INCREMENTAL /NOLOGO ws2_32.lib wsock32.lib kernel32.lib user32.lib gdi32.lib winspool.lib shell32.lib ole32.lib oleaut32.lib uuid.lib comdlg32.lib advapi32.lib /MANIFEST /MANIFESTUAC:"level='asInvoker' uiAccess='false'" /manifest:embed /DEBUG /PDB:"C:/oss/third_party/matio/CMake-hdf5-1.10.1/build/CMakeFiles/CMakeTmp/Debug/cmTC_b8f28.pdb" /SUBSYSTEM:CONSOLE /TLBID:1 /DYNAMICBASE /NXCOMPAT /IMPLIB:"C:/oss/third_party/matio/CMake-hdf5-1.10.1/build/CMakeFiles/CMakeTmp/Debug/cmTC_b8f28.lib" /MACHINE:X64  /machine:x64 cmTC_b8f28.dir\Debug\HDFCXXTests.obj
MSVCRTD.lib(exe_main.obj) : error LNK2019: unresolved external symbol main referenced in function "int __cdecl invoke_main(void)" (?invoke_main@@YAHXZ) [C:\oss\third_party\matio\CMake-hdf5-1.10.1\build\CMakeFiles\CMakeTmp\cmTC_b8f28.vcxproj]
C:\oss\third_party\matio\CMake-hdf5-1.10.1\build\CMakeFiles\CMakeTmp\Debug\cmTC_b8f28.exe : fatal error LNK1120: 1 unresolved externals [C:\oss\third_party\matio\CMake-hdf5-1.10.1\build\CMakeFiles\CMakeTmp\cmTC_b8f28.vcxproj]
Done Building Project "C:\oss\third_party\matio\CMake-hdf5-1.10.1\build\CMakeFiles\CMakeTmp\cmTC_b8f28.vcxproj" (default targets) -- FAILED.

Build FAILED.

"C:\oss\third_party\matio\CMake-hdf5-1.10.1\build\CMakeFiles\CMakeTmp\cmTC_b8f28.vcxproj" (default target) (1) ->
(Link target) -> 
  MSVCRTD.lib(exe_main.obj) : error LNK2019: unresolved external symbol main referenced in function "int __cdecl invoke_main(void)" (?invoke_main@@YAHXZ) [C:\oss\third_party\matio\CMake-hdf5-1.10.1\build\CMakeFiles\CMakeTmp\cmTC_b8f28.vcxproj]
  C:\oss\third_party\matio\CMake-hdf5-1.10.1\build\CMakeFiles\CMakeTmp\Debug\cmTC_b8f28.exe : fatal error LNK1120: 1 unresolved externals [C:\oss\third_party\matio\CMake-hdf5-1.10.1\build\CMakeFiles\CMakeTmp\cmTC_b8f28.vcxproj]

    0 Warning(s)
    2 Error(s)

Time Elapsed 00:00:01.44

Performing CXX Test BOOL_NOTDEFINED failed with the following output:
Change Dir: C:/oss/third_party/matio/CMake-hdf5-1.10.1/build/CMakeFiles/CMakeTmp

Run Build Command:"C:/Program Files (x86)/MSBuild/14.0/bin/MSBuild.exe" "cmTC_54b7a.vcxproj" "/p:Configuration=Debug" "/p:VisualStudioVersion=14.0"
Microsoft (R) Build Engine version 14.0.25420.1
Copyright (C) Microsoft Corporation. All rights reserved.

Build started 1/12/2018 1:55:00 PM.
Project "C:\oss\third_party\matio\CMake-hdf5-1.10.1\build\CMakeFiles\CMakeTmp\cmTC_54b7a.vcxproj" on node 1 (default targets).
PrepareForBuild:
  Creating directory "cmTC_54b7a.dir\Debug\".
  Creating directory "C:\oss\third_party\matio\CMake-hdf5-1.10.1\build\CMakeFiles\CMakeTmp\Debug\".
  Creating directory "cmTC_54b7a.dir\Debug\cmTC_54b7a.tlog\".
InitializeBuildStatus:
  Creating "cmTC_54b7a.dir\Debug\cmTC_54b7a.tlog\unsuccessfulbuild" because "AlwaysCreate" was specified.
ClCompile:
  C:\Program Files (x86)\Microsoft Visual Studio 14.0\VC\bin\x86_amd64\CL.exe /c /Zi /W3 /WX- /Od /Ob0 /D WIN32 /D _WINDOWS /D BOOL_NOTDEFINED /D WIN32_LEAN_AND_MEAN=1 /D NOGDI=1 /D HAVE_SYS_TYPES_H /D "CMAKE_INTDIR=\"Debug\"" /D _MBCS /Gm- /EHsc /RTC1 /MDd /GS /fp:precise /Zc:wchar_t /Zc:forScope /Zc:inline /GR /Fo"cmTC_54b7a.dir\Debug\\" /Fd"cmTC_54b7a.dir\Debug\vc140.pdb" /Gd /TP /errorReport:queue "C:\oss\third_party\matio\CMake-hdf5-1.10.1\hdf5-1.10.1\config\cmake_ext_mod\HDFCXXTests.cpp"
  Microsoft (R) C/C++ Optimizing Compiler Version 19.00.24215.1 for x64
  Copyright (C) Microsoft Corporation.  All rights reserved.
  
  HDFCXXTests.cpp
  cl /c /Zi /W3 /WX- /Od /Ob0 /D WIN32 /D _WINDOWS /D BOOL_NOTDEFINED /D WIN32_LEAN_AND_MEAN=1 /D NOGDI=1 /D HAVE_SYS_TYPES_H /D "CMAKE_INTDIR=\"Debug\"" /D _MBCS /Gm- /EHsc /RTC1 /MDd /GS /fp:precise /Zc:wchar_t /Zc:forScope /Zc:inline /GR /Fo"cmTC_54b7a.dir\Debug\\" /Fd"cmTC_54b7a.dir\Debug\vc140.pdb" /Gd /TP /errorReport:queue "C:\oss\third_party\matio\CMake-hdf5-1.10.1\hdf5-1.10.1\config\cmake_ext_mod\HDFCXXTests.cpp"
  
C:\oss\third_party\matio\CMake-hdf5-1.10.1\hdf5-1.10.1\config\cmake_ext_mod\HDFCXXTests.cpp(51): warning C4101: 'flag': unreferenced local variable [C:\oss\third_party\matio\CMake-hdf5-1.10.1\build\CMakeFiles\CMakeTmp\cmTC_54b7a.vcxproj]
Link:
  C:\Program Files (x86)\Microsoft Visual Studio 14.0\VC\bin\x86_amd64\link.exe /ERRORREPORT:QUEUE /OUT:"C:\oss\third_party\matio\CMake-hdf5-1.10.1\build\CMakeFiles\CMakeTmp\Debug\cmTC_54b7a.exe" /INCREMENTAL /NOLOGO ws2_32.lib wsock32.lib kernel32.lib user32.lib gdi32.lib winspool.lib shell32.lib ole32.lib oleaut32.lib uuid.lib comdlg32.lib advapi32.lib /MANIFEST /MANIFESTUAC:"level='asInvoker' uiAccess='false'" /manifest:embed /DEBUG /PDB:"C:/oss/third_party/matio/CMake-hdf5-1.10.1/build/CMakeFiles/CMakeTmp/Debug/cmTC_54b7a.pdb" /SUBSYSTEM:CONSOLE /TLBID:1 /DYNAMICBASE /NXCOMPAT /IMPLIB:"C:/oss/third_party/matio/CMake-hdf5-1.10.1/build/CMakeFiles/CMakeTmp/Debug/cmTC_54b7a.lib" /MACHINE:X64  /machine:x64 cmTC_54b7a.dir\Debug\HDFCXXTests.obj
  cmTC_54b7a.vcxproj -> C:\oss\third_party\matio\CMake-hdf5-1.10.1\build\CMakeFiles\CMakeTmp\Debug\cmTC_54b7a.exe
  cmTC_54b7a.vcxproj -> C:/oss/third_party/matio/CMake-hdf5-1.10.1/build/CMakeFiles/CMakeTmp/Debug/cmTC_54b7a.pdb (Full PDB)
FinalizeBuildStatus:
  Deleting file "cmTC_54b7a.dir\Debug\cmTC_54b7a.tlog\unsuccessfulbuild".
  Touching "cmTC_54b7a.dir\Debug\cmTC_54b7a.tlog\cmTC_54b7a.lastbuildstate".
Done Building Project "C:\oss\third_party\matio\CMake-hdf5-1.10.1\build\CMakeFiles\CMakeTmp\cmTC_54b7a.vcxproj" (default targets).

Build succeeded.

"C:\oss\third_party\matio\CMake-hdf5-1.10.1\build\CMakeFiles\CMakeTmp\cmTC_54b7a.vcxproj" (default target) (1) ->
(ClCompile target) -> 
  C:\oss\third_party\matio\CMake-hdf5-1.10.1\hdf5-1.10.1\config\cmake_ext_mod\HDFCXXTests.cpp(51): warning C4101: 'flag': unreferenced local variable [C:\oss\third_party\matio\CMake-hdf5-1.10.1\build\CMakeFiles\CMakeTmp\cmTC_54b7a.vcxproj]

    1 Warning(s)
    0 Error(s)

Time Elapsed 00:00:00.85

Performing CXX Test NO_STATIC_CAST failed with the following output:
Change Dir: C:/oss/third_party/matio/CMake-hdf5-1.10.1/build/CMakeFiles/CMakeTmp

Run Build Command:"C:/Program Files (x86)/MSBuild/14.0/bin/MSBuild.exe" "cmTC_5509e.vcxproj" "/p:Configuration=Debug" "/p:VisualStudioVersion=14.0"
Microsoft (R) Build Engine version 14.0.25420.1
Copyright (C) Microsoft Corporation. All rights reserved.

Build started 1/12/2018 1:55:01 PM.
Project "C:\oss\third_party\matio\CMake-hdf5-1.10.1\build\CMakeFiles\CMakeTmp\cmTC_5509e.vcxproj" on node 1 (default targets).
PrepareForBuild:
  Creating directory "cmTC_5509e.dir\Debug\".
  Creating directory "C:\oss\third_party\matio\CMake-hdf5-1.10.1\build\CMakeFiles\CMakeTmp\Debug\".
  Creating directory "cmTC_5509e.dir\Debug\cmTC_5509e.tlog\".
InitializeBuildStatus:
  Creating "cmTC_5509e.dir\Debug\cmTC_5509e.tlog\unsuccessfulbuild" because "AlwaysCreate" was specified.
ClCompile:
  C:\Program Files (x86)\Microsoft Visual Studio 14.0\VC\bin\x86_amd64\CL.exe /c /Zi /W3 /WX- /Od /Ob0 /D WIN32 /D _WINDOWS /D NO_STATIC_CAST /D WIN32_LEAN_AND_MEAN=1 /D NOGDI=1 /D HAVE_SYS_TYPES_H /D "CMAKE_INTDIR=\"Debug\"" /D _MBCS /Gm- /EHsc /RTC1 /MDd /GS /fp:precise /Zc:wchar_t /Zc:forScope /Zc:inline /GR /Fo"cmTC_5509e.dir\Debug\\" /Fd"cmTC_5509e.dir\Debug\vc140.pdb" /Gd /TP /errorReport:queue "C:\oss\third_party\matio\CMake-hdf5-1.10.1\hdf5-1.10.1\config\cmake_ext_mod\HDFCXXTests.cpp"
  Microsoft (R) C/C++ Optimizing Compiler Version 19.00.24215.1 for x64
  Copyright (C) Microsoft Corporation.  All rights reserved.
  
  cl /c /Zi /W3 /WX- /Od /Ob0 /D WIN32 /D _WINDOWS /D NO_STATIC_CAST /D WIN32_LEAN_AND_MEAN=1 /D NOGDI=1 /D HAVE_SYS_TYPES_H /D "CMAKE_INTDIR=\"Debug\"" /D _MBCS /Gm- /EHsc /RTC1 /MDd /GS /fp:precise /Zc:wchar_t /Zc:forScope /Zc:inline /GR /Fo"cmTC_5509e.dir\Debug\\" /Fd"cmTC_5509e.dir\Debug\vc140.pdb" /Gd /TP /errorReport:queue "C:\oss\third_party\matio\CMake-hdf5-1.10.1\hdf5-1.10.1\config\cmake_ext_mod\HDFCXXTests.cpp"
  HDFCXXTests.cpp
  
Link:
  C:\Program Files (x86)\Microsoft Visual Studio 14.0\VC\bin\x86_amd64\link.exe /ERRORREPORT:QUEUE /OUT:"C:\oss\third_party\matio\CMake-hdf5-1.10.1\build\CMakeFiles\CMakeTmp\Debug\cmTC_5509e.exe" /INCREMENTAL /NOLOGO ws2_32.lib wsock32.lib kernel32.lib user32.lib gdi32.lib winspool.lib shell32.lib ole32.lib oleaut32.lib uuid.lib comdlg32.lib advapi32.lib /MANIFEST /MANIFESTUAC:"level='asInvoker' uiAccess='false'" /manifest:embed /DEBUG /PDB:"C:/oss/third_party/matio/CMake-hdf5-1.10.1/build/CMakeFiles/CMakeTmp/Debug/cmTC_5509e.pdb" /SUBSYSTEM:CONSOLE /TLBID:1 /DYNAMICBASE /NXCOMPAT /IMPLIB:"C:/oss/third_party/matio/CMake-hdf5-1.10.1/build/CMakeFiles/CMakeTmp/Debug/cmTC_5509e.lib" /MACHINE:X64  /machine:x64 cmTC_5509e.dir\Debug\HDFCXXTests.obj
  cmTC_5509e.vcxproj -> C:\oss\third_party\matio\CMake-hdf5-1.10.1\build\CMakeFiles\CMakeTmp\Debug\cmTC_5509e.exe
  cmTC_5509e.vcxproj -> C:/oss/third_party/matio/CMake-hdf5-1.10.1/build/CMakeFiles/CMakeTmp/Debug/cmTC_5509e.pdb (Full PDB)
FinalizeBuildStatus:
  Deleting file "cmTC_5509e.dir\Debug\cmTC_5509e.tlog\unsuccessfulbuild".
  Touching "cmTC_5509e.dir\Debug\cmTC_5509e.tlog\cmTC_5509e.lastbuildstate".
Done Building Project "C:\oss\third_party\matio\CMake-hdf5-1.10.1\build\CMakeFiles\CMakeTmp\cmTC_5509e.vcxproj" (default targets).

Build succeeded.
    0 Warning(s)
    0 Error(s)

Time Elapsed 00:00:00.91

Performing CXX Test CXX_HAVE_OFFSETOF failed with the following output:
Change Dir: C:/oss/third_party/matio/CMake-hdf5-1.10.1/build/CMakeFiles/CMakeTmp

Run Build Command:"C:/Program Files (x86)/MSBuild/14.0/bin/MSBuild.exe" "cmTC_e2d2c.vcxproj" "/p:Configuration=Debug" "/p:VisualStudioVersion=14.0"
Microsoft (R) Build Engine version 14.0.25420.1
Copyright (C) Microsoft Corporation. All rights reserved.

Build started 1/12/2018 1:55:03 PM.
Project "C:\oss\third_party\matio\CMake-hdf5-1.10.1\build\CMakeFiles\CMakeTmp\cmTC_e2d2c.vcxproj" on node 1 (default targets).
PrepareForBuild:
  Creating directory "cmTC_e2d2c.dir\Debug\".
  Creating directory "C:\oss\third_party\matio\CMake-hdf5-1.10.1\build\CMakeFiles\CMakeTmp\Debug\".
  Creating directory "cmTC_e2d2c.dir\Debug\cmTC_e2d2c.tlog\".
InitializeBuildStatus:
  Creating "cmTC_e2d2c.dir\Debug\cmTC_e2d2c.tlog\unsuccessfulbuild" because "AlwaysCreate" was specified.
ClCompile:
  C:\Program Files (x86)\Microsoft Visual Studio 14.0\VC\bin\x86_amd64\CL.exe /c /Zi /W3 /WX- /Od /Ob0 /D WIN32 /D _WINDOWS /D CXX_HAVE_OFFSETOF /D WIN32_LEAN_AND_MEAN=1 /D NOGDI=1 /D HAVE_SYS_TYPES_H /D "CMAKE_INTDIR=\"Debug\"" /D _MBCS /Gm- /EHsc /RTC1 /MDd /GS /fp:precise /Zc:wchar_t /Zc:forScope /Zc:inline /GR /Fo"cmTC_e2d2c.dir\Debug\\" /Fd"cmTC_e2d2c.dir\Debug\vc140.pdb" /Gd /TP /errorReport:queue "C:\oss\third_party\matio\CMake-hdf5-1.10.1\hdf5-1.10.1\config\cmake_ext_mod\HDFCXXTests.cpp"
  Microsoft (R) C/C++ Optimizing Compiler Version 19.00.24215.1 for x64
  Copyright (C) Microsoft Corporation.  All rights reserved.
  
  cl /c /Zi /W3 /WX- /Od /Ob0 /D WIN32 /D _WINDOWS /D CXX_HAVE_OFFSETOF /D WIN32_LEAN_AND_MEAN=1 /D NOGDI=1 /D HAVE_SYS_TYPES_H /D "CMAKE_INTDIR=\"Debug\"" /D _MBCS /Gm- /EHsc /RTC1 /MDd /GS /fp:precise /Zc:wchar_t /Zc:forScope /Zc:inline /GR /Fo"cmTC_e2d2c.dir\Debug\\" /Fd"cmTC_e2d2c.dir\Debug\vc140.pdb" /Gd /TP /errorReport:queue "C:\oss\third_party\matio\CMake-hdf5-1.10.1\hdf5-1.10.1\config\cmake_ext_mod\HDFCXXTests.cpp"
  HDFCXXTests.cpp
  
Link:
  C:\Program Files (x86)\Microsoft Visual Studio 14.0\VC\bin\x86_amd64\link.exe /ERRORREPORT:QUEUE /OUT:"C:\oss\third_party\matio\CMake-hdf5-1.10.1\build\CMakeFiles\CMakeTmp\Debug\cmTC_e2d2c.exe" /INCREMENTAL /NOLOGO ws2_32.lib wsock32.lib kernel32.lib user32.lib gdi32.lib winspool.lib shell32.lib ole32.lib oleaut32.lib uuid.lib comdlg32.lib advapi32.lib /MANIFEST /MANIFESTUAC:"level='asInvoker' uiAccess='false'" /manifest:embed /DEBUG /PDB:"C:/oss/third_party/matio/CMake-hdf5-1.10.1/build/CMakeFiles/CMakeTmp/Debug/cmTC_e2d2c.pdb" /SUBSYSTEM:CONSOLE /TLBID:1 /DYNAMICBASE /NXCOMPAT /IMPLIB:"C:/oss/third_party/matio/CMake-hdf5-1.10.1/build/CMakeFiles/CMakeTmp/Debug/cmTC_e2d2c.lib" /MACHINE:X64  /machine:x64 cmTC_e2d2c.dir\Debug\HDFCXXTests.obj
  cmTC_e2d2c.vcxproj -> C:\oss\third_party\matio\CMake-hdf5-1.10.1\build\CMakeFiles\CMakeTmp\Debug\cmTC_e2d2c.exe
  cmTC_e2d2c.vcxproj -> C:/oss/third_party/matio/CMake-hdf5-1.10.1/build/CMakeFiles/CMakeTmp/Debug/cmTC_e2d2c.pdb (Full PDB)
FinalizeBuildStatus:
  Deleting file "cmTC_e2d2c.dir\Debug\cmTC_e2d2c.tlog\unsuccessfulbuild".
  Touching "cmTC_e2d2c.dir\Debug\cmTC_e2d2c.tlog\cmTC_e2d2c.lastbuildstate".
Done Building Project "C:\oss\third_party\matio\CMake-hdf5-1.10.1\build\CMakeFiles\CMakeTmp\cmTC_e2d2c.vcxproj" (default targets).

Build succeeded.
    0 Warning(s)
    0 Error(s)

Time Elapsed 00:00:00.92

Performing Other Test HAVE___INLINE__ failed with the following output:
Change Dir: C:/oss/third_party/matio/CMake-hdf5-1.10.1/build/CMakeFiles/CMakeTmp

Run Build Command:"C:/Program Files (x86)/MSBuild/14.0/bin/MSBuild.exe" "cmTC_4f3d9.vcxproj" "/p:Configuration=Debug" "/p:VisualStudioVersion=14.0"
Microsoft (R) Build Engine version 14.0.25420.1
Copyright (C) Microsoft Corporation. All rights reserved.

Build started 1/12/2018 1:55:07 PM.
Project "C:\oss\third_party\matio\CMake-hdf5-1.10.1\build\CMakeFiles\CMakeTmp\cmTC_4f3d9.vcxproj" on node 1 (default targets).
PrepareForBuild:
  Creating directory "cmTC_4f3d9.dir\Debug\".
  Creating directory "C:\oss\third_party\matio\CMake-hdf5-1.10.1\build\CMakeFiles\CMakeTmp\Debug\".
  Creating directory "cmTC_4f3d9.dir\Debug\cmTC_4f3d9.tlog\".
InitializeBuildStatus:
  Creating "cmTC_4f3d9.dir\Debug\cmTC_4f3d9.tlog\unsuccessfulbuild" because "AlwaysCreate" was specified.
ClCompile:
  C:\Program Files (x86)\Microsoft Visual Studio 14.0\VC\bin\x86_amd64\CL.exe /c /Zi /W3 /WX- /Od /Ob0 /D WIN32 /D _WINDOWS /D HAVE___INLINE__ /D WIN32_LEAN_AND_MEAN=1 /D NOGDI=1 /D HAVE_SYS_TYPES_H /D "CMAKE_INTDIR=\"Debug\"" /D _MBCS /Gm- /RTC1 /MDd /GS /fp:precise /Zc:wchar_t /Zc:forScope /Zc:inline /Fo"cmTC_4f3d9.dir\Debug\\" /Fd"cmTC_4f3d9.dir\Debug\vc140.pdb" /Gd /TC /errorReport:queue "C:\oss\third_party\matio\CMake-hdf5-1.10.1\hdf5-1.10.1\config\cmake_ext_mod\HDFTests.c"
  Microsoft (R) C/C++ Optimizing Compiler Version 19.00.24215.1 for x64
  Copyright (C) Microsoft Corporation.  All rights reserved.
  
  cl /c /Zi /W3 /WX- /Od /Ob0 /D WIN32 /D _WINDOWS /D HAVE___INLINE__ /D WIN32_LEAN_AND_MEAN=1 /D NOGDI=1 /D HAVE_SYS_TYPES_H /D "CMAKE_INTDIR=\"Debug\"" /D _MBCS /Gm- /RTC1 /MDd /GS /fp:precise /Zc:wchar_t /Zc:forScope /Zc:inline /Fo"cmTC_4f3d9.dir\Debug\\" /Fd"cmTC_4f3d9.dir\Debug\vc140.pdb" /Gd /TC /errorReport:queue "C:\oss\third_party\matio\CMake-hdf5-1.10.1\hdf5-1.10.1\config\cmake_ext_mod\HDFTests.c"
  HDFTests.c
  
C:\oss\third_party\matio\CMake-hdf5-1.10.1\hdf5-1.10.1\config\cmake_ext_mod\HDFTests.c(443): error C2054: expected '(' to follow '__inline__' [C:\oss\third_party\matio\CMake-hdf5-1.10.1\build\CMakeFiles\CMakeTmp\cmTC_4f3d9.vcxproj]
C:\oss\third_party\matio\CMake-hdf5-1.10.1\hdf5-1.10.1\config\cmake_ext_mod\HDFTests.c(443): error C2085: 'static_foo': not in formal parameter list [C:\oss\third_party\matio\CMake-hdf5-1.10.1\build\CMakeFiles\CMakeTmp\cmTC_4f3d9.vcxproj]
C:\oss\third_party\matio\CMake-hdf5-1.10.1\hdf5-1.10.1\config\cmake_ext_mod\HDFTests.c(443): error C2143: syntax error: missing ';' before '{' [C:\oss\third_party\matio\CMake-hdf5-1.10.1\build\CMakeFiles\CMakeTmp\cmTC_4f3d9.vcxproj]
C:\oss\third_party\matio\CMake-hdf5-1.10.1\hdf5-1.10.1\config\cmake_ext_mod\HDFTests.c(444): error C2054: expected '(' to follow '__inline__' [C:\oss\third_party\matio\CMake-hdf5-1.10.1\build\CMakeFiles\CMakeTmp\cmTC_4f3d9.vcxproj]
C:\oss\third_party\matio\CMake-hdf5-1.10.1\hdf5-1.10.1\config\cmake_ext_mod\HDFTests.c(444): error C2085: 'foo': not in formal parameter list [C:\oss\third_party\matio\CMake-hdf5-1.10.1\build\CMakeFiles\CMakeTmp\cmTC_4f3d9.vcxproj]
C:\oss\third_party\matio\CMake-hdf5-1.10.1\hdf5-1.10.1\config\cmake_ext_mod\HDFTests.c(444): error C2143: syntax error: missing ';' before '{' [C:\oss\third_party\matio\CMake-hdf5-1.10.1\build\CMakeFiles\CMakeTmp\cmTC_4f3d9.vcxproj]
Done Building Project "C:\oss\third_party\matio\CMake-hdf5-1.10.1\build\CMakeFiles\CMakeTmp\cmTC_4f3d9.vcxproj" (default targets) -- FAILED.

Build FAILED.

"C:\oss\third_party\matio\CMake-hdf5-1.10.1\build\CMakeFiles\CMakeTmp\cmTC_4f3d9.vcxproj" (default target) (1) ->
(ClCompile target) -> 
  C:\oss\third_party\matio\CMake-hdf5-1.10.1\hdf5-1.10.1\config\cmake_ext_mod\HDFTests.c(443): error C2054: expected '(' to follow '__inline__' [C:\oss\third_party\matio\CMake-hdf5-1.10.1\build\CMakeFiles\CMakeTmp\cmTC_4f3d9.vcxproj]
  C:\oss\third_party\matio\CMake-hdf5-1.10.1\hdf5-1.10.1\config\cmake_ext_mod\HDFTests.c(443): error C2085: 'static_foo': not in formal parameter list [C:\oss\third_party\matio\CMake-hdf5-1.10.1\build\CMakeFiles\CMakeTmp\cmTC_4f3d9.vcxproj]
  C:\oss\third_party\matio\CMake-hdf5-1.10.1\hdf5-1.10.1\config\cmake_ext_mod\HDFTests.c(443): error C2143: syntax error: missing ';' before '{' [C:\oss\third_party\matio\CMake-hdf5-1.10.1\build\CMakeFiles\CMakeTmp\cmTC_4f3d9.vcxproj]
  C:\oss\third_party\matio\CMake-hdf5-1.10.1\hdf5-1.10.1\config\cmake_ext_mod\HDFTests.c(444): error C2054: expected '(' to follow '__inline__' [C:\oss\third_party\matio\CMake-hdf5-1.10.1\build\CMakeFiles\CMakeTmp\cmTC_4f3d9.vcxproj]
  C:\oss\third_party\matio\CMake-hdf5-1.10.1\hdf5-1.10.1\config\cmake_ext_mod\HDFTests.c(444): error C2085: 'foo': not in formal parameter list [C:\oss\third_party\matio\CMake-hdf5-1.10.1\build\CMakeFiles\CMakeTmp\cmTC_4f3d9.vcxproj]
  C:\oss\third_party\matio\CMake-hdf5-1.10.1\hdf5-1.10.1\config\cmake_ext_mod\HDFTests.c(444): error C2143: syntax error: missing ';' before '{' [C:\oss\third_party\matio\CMake-hdf5-1.10.1\build\CMakeFiles\CMakeTmp\cmTC_4f3d9.vcxproj]

    0 Warning(s)
    6 Error(s)

Time Elapsed 00:00:00.51

Determining size of __float128 failed with the following output:
Change Dir: C:/oss/third_party/matio/CMake-hdf5-1.10.1/build/CMakeFiles/CMakeTmp

Run Build Command:"C:/Program Files (x86)/MSBuild/14.0/bin/MSBuild.exe" "cmTC_8c8ed.vcxproj" "/p:Configuration=Debug" "/p:VisualStudioVersion=14.0"
Microsoft (R) Build Engine version 14.0.25420.1
Copyright (C) Microsoft Corporation. All rights reserved.

Build started 1/12/2018 1:55:12 PM.
Project "C:\oss\third_party\matio\CMake-hdf5-1.10.1\build\CMakeFiles\CMakeTmp\cmTC_8c8ed.vcxproj" on node 1 (default targets).
PrepareForBuild:
  Creating directory "cmTC_8c8ed.dir\Debug\".
  Creating directory "C:\oss\third_party\matio\CMake-hdf5-1.10.1\build\CMakeFiles\CMakeTmp\Debug\".
  Creating directory "cmTC_8c8ed.dir\Debug\cmTC_8c8ed.tlog\".
InitializeBuildStatus:
  Creating "cmTC_8c8ed.dir\Debug\cmTC_8c8ed.tlog\unsuccessfulbuild" because "AlwaysCreate" was specified.
ClCompile:
  C:\Program Files (x86)\Microsoft Visual Studio 14.0\VC\bin\x86_amd64\CL.exe /c /Zi /W3 /WX- /Od /Ob0 /D WIN32 /D _WINDOWS /D WIN32_LEAN_AND_MEAN=1 /D NOGDI=1 /D "CMAKE_INTDIR=\"Debug\"" /D _MBCS /Gm- /RTC1 /MDd /GS /fp:precise /Zc:wchar_t /Zc:forScope /Zc:inline /Fo"cmTC_8c8ed.dir\Debug\\" /Fd"cmTC_8c8ed.dir\Debug\vc140.pdb" /Gd /TC /errorReport:queue "C:\oss\third_party\matio\CMake-hdf5-1.10.1\build\CMakeFiles\CheckTypeSize\SIZEOF___FLOAT128.c"
  Microsoft (R) C/C++ Optimizing Compiler Version 19.00.24215.1 for x64
  Copyright (C) Microsoft Corporation.  All rights reserved.
  
  cl /c /Zi /W3 /WX- /Od /Ob0 /D WIN32 /D _WINDOWS /D WIN32_LEAN_AND_MEAN=1 /D NOGDI=1 /D "CMAKE_INTDIR=\"Debug\"" /D _MBCS /Gm- /RTC1 /MDd /GS /fp:precise /Zc:wchar_t /Zc:forScope /Zc:inline /Fo"cmTC_8c8ed.dir\Debug\\" /Fd"cmTC_8c8ed.dir\Debug\vc140.pdb" /Gd /TC /errorReport:queue "C:\oss\third_party\matio\CMake-hdf5-1.10.1\build\CMakeFiles\CheckTypeSize\SIZEOF___FLOAT128.c"
  SIZEOF___FLOAT128.c
  
C:\oss\third_party\matio\CMake-hdf5-1.10.1\build\CMakeFiles\CheckTypeSize\SIZEOF___FLOAT128.c(19): error C2065: '__float128': undeclared identifier [C:\oss\third_party\matio\CMake-hdf5-1.10.1\build\CMakeFiles\CMakeTmp\cmTC_8c8ed.vcxproj]
C:\oss\third_party\matio\CMake-hdf5-1.10.1\build\CMakeFiles\CheckTypeSize\SIZEOF___FLOAT128.c(20): error C2065: '__float128': undeclared identifier [C:\oss\third_party\matio\CMake-hdf5-1.10.1\build\CMakeFiles\CMakeTmp\cmTC_8c8ed.vcxproj]
C:\oss\third_party\matio\CMake-hdf5-1.10.1\build\CMakeFiles\CheckTypeSize\SIZEOF___FLOAT128.c(21): error C2065: '__float128': undeclared identifier [C:\oss\third_party\matio\CMake-hdf5-1.10.1\build\CMakeFiles\CMakeTmp\cmTC_8c8ed.vcxproj]
C:\oss\third_party\matio\CMake-hdf5-1.10.1\build\CMakeFiles\CheckTypeSize\SIZEOF___FLOAT128.c(22): error C2065: '__float128': undeclared identifier [C:\oss\third_party\matio\CMake-hdf5-1.10.1\build\CMakeFiles\CMakeTmp\cmTC_8c8ed.vcxproj]
C:\oss\third_party\matio\CMake-hdf5-1.10.1\build\CMakeFiles\CheckTypeSize\SIZEOF___FLOAT128.c(23): error C2065: '__float128': undeclared identifier [C:\oss\third_party\matio\CMake-hdf5-1.10.1\build\CMakeFiles\CMakeTmp\cmTC_8c8ed.vcxproj]
Done Building Project "C:\oss\third_party\matio\CMake-hdf5-1.10.1\build\CMakeFiles\CMakeTmp\cmTC_8c8ed.vcxproj" (default targets) -- FAILED.

Build FAILED.

"C:\oss\third_party\matio\CMake-hdf5-1.10.1\build\CMakeFiles\CMakeTmp\cmTC_8c8ed.vcxproj" (default target) (1) ->
(ClCompile target) -> 
  C:\oss\third_party\matio\CMake-hdf5-1.10.1\build\CMakeFiles\CheckTypeSize\SIZEOF___FLOAT128.c(19): error C2065: '__float128': undeclared identifier [C:\oss\third_party\matio\CMake-hdf5-1.10.1\build\CMakeFiles\CMakeTmp\cmTC_8c8ed.vcxproj]
  C:\oss\third_party\matio\CMake-hdf5-1.10.1\build\CMakeFiles\CheckTypeSize\SIZEOF___FLOAT128.c(20): error C2065: '__float128': undeclared identifier [C:\oss\third_party\matio\CMake-hdf5-1.10.1\build\CMakeFiles\CMakeTmp\cmTC_8c8ed.vcxproj]
  C:\oss\third_party\matio\CMake-hdf5-1.10.1\build\CMakeFiles\CheckTypeSize\SIZEOF___FLOAT128.c(21): error C2065: '__float128': undeclared identifier [C:\oss\third_party\matio\CMake-hdf5-1.10.1\build\CMakeFiles\CMakeTmp\cmTC_8c8ed.vcxproj]
  C:\oss\third_party\matio\CMake-hdf5-1.10.1\build\CMakeFiles\CheckTypeSize\SIZEOF___FLOAT128.c(22): error C2065: '__float128': undeclared identifier [C:\oss\third_party\matio\CMake-hdf5-1.10.1\build\CMakeFiles\CMakeTmp\cmTC_8c8ed.vcxproj]
  C:\oss\third_party\matio\CMake-hdf5-1.10.1\build\CMakeFiles\CheckTypeSize\SIZEOF___FLOAT128.c(23): error C2065: '__float128': undeclared identifier [C:\oss\third_party\matio\CMake-hdf5-1.10.1\build\CMakeFiles\CMakeTmp\cmTC_8c8ed.vcxproj]

    0 Warning(s)
    5 Error(s)

Time Elapsed 00:00:00.53

C:/oss/third_party/matio/CMake-hdf5-1.10.1/build/CMakeFiles/CheckTypeSize/SIZEOF___FLOAT128.c:
#include <sys/types.h>
#include <stdint.h>
#include <stddef.h>


#undef KEY
#if defined(__i386)
# define KEY '_','_','i','3','8','6'
#elif defined(__x86_64)
# define KEY '_','_','x','8','6','_','6','4'
#elif defined(__ppc__)
# define KEY '_','_','p','p','c','_','_'
#elif defined(__ppc64__)
# define KEY '_','_','p','p','c','6','4','_','_'
#endif

#define SIZE (sizeof(__float128))
char info_size[] =  {'I', 'N', 'F', 'O', ':', 's','i','z','e','[',
  ('0' + ((SIZE / 10000)%10)),
  ('0' + ((SIZE / 1000)%10)),
  ('0' + ((SIZE / 100)%10)),
  ('0' + ((SIZE / 10)%10)),
  ('0' +  (SIZE    % 10)),
  ']',
#ifdef KEY
  ' ','k','e','y','[', KEY, ']',
#endif
  '\0'};

#ifdef __CLASSIC_C__
int main(argc, argv) int argc; char *argv[];
#else
int main(int argc, char *argv[])
#endif
{
  int require = 0;
  require += info_size[argc];
  (void)argv;
  return require;
}


Test H5_LDOUBLE_TO_LONG_SPECIAL Run failed with the following output and exit code:
 Change Dir: C:/oss/third_party/matio/CMake-hdf5-1.10.1/build/CMakeFiles/CMakeTmp

Run Build Command:"C:/Program Files (x86)/MSBuild/14.0/bin/MSBuild.exe" "cmTC_3f5dc.vcxproj" "/p:Configuration=Debug" "/p:VisualStudioVersion=14.0"
Microsoft (R) Build Engine version 14.0.25420.1
Copyright (C) Microsoft Corporation. All rights reserved.

Build started 1/12/2018 1:55:12 PM.
Project "C:\oss\third_party\matio\CMake-hdf5-1.10.1\build\CMakeFiles\CMakeTmp\cmTC_3f5dc.vcxproj" on node 1 (default targets).
PrepareForBuild:
  Creating directory "cmTC_3f5dc.dir\Debug\".
  Creating directory "C:\oss\third_party\matio\CMake-hdf5-1.10.1\build\CMakeFiles\CMakeTmp\Debug\".
  Creating directory "cmTC_3f5dc.dir\Debug\cmTC_3f5dc.tlog\".
InitializeBuildStatus:
  Creating "cmTC_3f5dc.dir\Debug\cmTC_3f5dc.tlog\unsuccessfulbuild" because "AlwaysCreate" was specified.
ClCompile:
  C:\Program Files (x86)\Microsoft Visual Studio 14.0\VC\bin\x86_amd64\CL.exe /c /Zi /W3 /WX- /Od /Ob0 /D WIN32 /D _WINDOWS /D H5_LDOUBLE_TO_LONG_SPECIAL_TEST /D "CMAKE_INTDIR=\"Debug\"" /D _MBCS /Gm- /RTC1 /MDd /GS /fp:precise /Zc:wchar_t /Zc:forScope /Zc:inline /Fo"cmTC_3f5dc.dir\Debug\\" /Fd"cmTC_3f5dc.dir\Debug\vc140.pdb" /Gd /TC /errorReport:queue "C:\oss\third_party\matio\CMake-hdf5-1.10.1\hdf5-1.10.1\config\cmake\ConversionTests.c"
  Microsoft (R) C/C++ Optimizing Compiler Version 19.00.24215.1 for x64
  Copyright (C) Microsoft Corporation.  All rights reserved.
  
  cl /c /Zi /W3 /WX- /Od /Ob0 /D WIN32 /D _WINDOWS /D H5_LDOUBLE_TO_LONG_SPECIAL_TEST /D "CMAKE_INTDIR=\"Debug\"" /D _MBCS /Gm- /RTC1 /MDd /GS /fp:precise /Zc:wchar_t /Zc:forScope /Zc:inline /Fo"cmTC_3f5dc.dir\Debug\\" /Fd"cmTC_3f5dc.dir\Debug\vc140.pdb" /Gd /TC /errorReport:queue "C:\oss\third_party\matio\CMake-hdf5-1.10.1\hdf5-1.10.1\config\cmake\ConversionTests.c"
  ConversionTests.c
  
C:\oss\third_party\matio\CMake-hdf5-1.10.1\hdf5-1.10.1\config\cmake\ConversionTests.c(67): warning C4102: 'done': unreferenced label [C:\oss\third_party\matio\CMake-hdf5-1.10.1\build\CMakeFiles\CMakeTmp\cmTC_3f5dc.vcxproj]
Link:
  C:\Program Files (x86)\Microsoft Visual Studio 14.0\VC\bin\x86_amd64\link.exe /ERRORREPORT:QUEUE /OUT:"C:\oss\third_party\matio\CMake-hdf5-1.10.1\build\CMakeFiles\CMakeTmp\Debug\cmTC_3f5dc.exe" /INCREMENTAL /NOLOGO kernel32.lib user32.lib gdi32.lib winspool.lib shell32.lib ole32.lib oleaut32.lib uuid.lib comdlg32.lib advapi32.lib /MANIFEST /MANIFESTUAC:"level='asInvoker' uiAccess='false'" /manifest:embed /DEBUG /PDB:"C:/oss/third_party/matio/CMake-hdf5-1.10.1/build/CMakeFiles/CMakeTmp/Debug/cmTC_3f5dc.pdb" /SUBSYSTEM:CONSOLE /TLBID:1 /DYNAMICBASE /NXCOMPAT /IMPLIB:"C:/oss/third_party/matio/CMake-hdf5-1.10.1/build/CMakeFiles/CMakeTmp/Debug/cmTC_3f5dc.lib" /MACHINE:X64  /machine:x64 cmTC_3f5dc.dir\Debug\ConversionTests.obj
  cmTC_3f5dc.vcxproj -> C:\oss\third_party\matio\CMake-hdf5-1.10.1\build\CMakeFiles\CMakeTmp\Debug\cmTC_3f5dc.exe
  cmTC_3f5dc.vcxproj -> C:/oss/third_party/matio/CMake-hdf5-1.10.1/build/CMakeFiles/CMakeTmp/Debug/cmTC_3f5dc.pdb (Full PDB)
FinalizeBuildStatus:
  Deleting file "cmTC_3f5dc.dir\Debug\cmTC_3f5dc.tlog\unsuccessfulbuild".
  Touching "cmTC_3f5dc.dir\Debug\cmTC_3f5dc.tlog\cmTC_3f5dc.lastbuildstate".
Done Building Project "C:\oss\third_party\matio\CMake-hdf5-1.10.1\build\CMakeFiles\CMakeTmp\cmTC_3f5dc.vcxproj" (default targets).

Build succeeded.

"C:\oss\third_party\matio\CMake-hdf5-1.10.1\build\CMakeFiles\CMakeTmp\cmTC_3f5dc.vcxproj" (default target) (1) ->
(ClCompile target) -> 
  C:\oss\third_party\matio\CMake-hdf5-1.10.1\hdf5-1.10.1\config\cmake\ConversionTests.c(67): warning C4102: 'done': unreferenced label [C:\oss\third_party\matio\CMake-hdf5-1.10.1\build\CMakeFiles\CMakeTmp\cmTC_3f5dc.vcxproj]

    1 Warning(s)
    0 Error(s)

Time Elapsed 00:00:00.87

Test H5_LONG_TO_LDOUBLE_SPECIAL Run failed with the following output and exit code:
 Change Dir: C:/oss/third_party/matio/CMake-hdf5-1.10.1/build/CMakeFiles/CMakeTmp

Run Build Command:"C:/Program Files (x86)/MSBuild/14.0/bin/MSBuild.exe" "cmTC_0254d.vcxproj" "/p:Configuration=Debug" "/p:VisualStudioVersion=14.0"
Microsoft (R) Build Engine version 14.0.25420.1
Copyright (C) Microsoft Corporation. All rights reserved.

Build started 1/12/2018 1:55:13 PM.
Project "C:\oss\third_party\matio\CMake-hdf5-1.10.1\build\CMakeFiles\CMakeTmp\cmTC_0254d.vcxproj" on node 1 (default targets).
PrepareForBuild:
  Creating directory "cmTC_0254d.dir\Debug\".
  Creating directory "C:\oss\third_party\matio\CMake-hdf5-1.10.1\build\CMakeFiles\CMakeTmp\Debug\".
  Creating directory "cmTC_0254d.dir\Debug\cmTC_0254d.tlog\".
InitializeBuildStatus:
  Creating "cmTC_0254d.dir\Debug\cmTC_0254d.tlog\unsuccessfulbuild" because "AlwaysCreate" was specified.
ClCompile:
  C:\Program Files (x86)\Microsoft Visual Studio 14.0\VC\bin\x86_amd64\CL.exe /c /Zi /W3 /WX- /Od /Ob0 /D WIN32 /D _WINDOWS /D H5_LONG_TO_LDOUBLE_SPECIAL_TEST /D "CMAKE_INTDIR=\"Debug\"" /D _MBCS /Gm- /RTC1 /MDd /GS /fp:precise /Zc:wchar_t /Zc:forScope /Zc:inline /Fo"cmTC_0254d.dir\Debug\\" /Fd"cmTC_0254d.dir\Debug\vc140.pdb" /Gd /TC /errorReport:queue "C:\oss\third_party\matio\CMake-hdf5-1.10.1\hdf5-1.10.1\config\cmake\ConversionTests.c"
  Microsoft (R) C/C++ Optimizing Compiler Version 19.00.24215.1 for x64
  Copyright (C) Microsoft Corporation.  All rights reserved.
  
  cl /c /Zi /W3 /WX- /Od /Ob0 /D WIN32 /D _WINDOWS /D H5_LONG_TO_LDOUBLE_SPECIAL_TEST /D "CMAKE_INTDIR=\"Debug\"" /D _MBCS /Gm- /RTC1 /MDd /GS /fp:precise /Zc:wchar_t /Zc:forScope /Zc:inline /Fo"cmTC_0254d.dir\Debug\\" /Fd"cmTC_0254d.dir\Debug\vc140.pdb" /Gd /TC /errorReport:queue "C:\oss\third_party\matio\CMake-hdf5-1.10.1\hdf5-1.10.1\config\cmake\ConversionTests.c"
  ConversionTests.c
  
C:\oss\third_party\matio\CMake-hdf5-1.10.1\hdf5-1.10.1\config\cmake\ConversionTests.c(97): warning C4305: '=': truncation from '__int64' to 'long' [C:\oss\third_party\matio\CMake-hdf5-1.10.1\build\CMakeFiles\CMakeTmp\cmTC_0254d.vcxproj]
C:\oss\third_party\matio\CMake-hdf5-1.10.1\hdf5-1.10.1\config\cmake\ConversionTests.c(130): warning C4102: 'done': unreferenced label [C:\oss\third_party\matio\CMake-hdf5-1.10.1\build\CMakeFiles\CMakeTmp\cmTC_0254d.vcxproj]
Link:
  C:\Program Files (x86)\Microsoft Visual Studio 14.0\VC\bin\x86_amd64\link.exe /ERRORREPORT:QUEUE /OUT:"C:\oss\third_party\matio\CMake-hdf5-1.10.1\build\CMakeFiles\CMakeTmp\Debug\cmTC_0254d.exe" /INCREMENTAL /NOLOGO kernel32.lib user32.lib gdi32.lib winspool.lib shell32.lib ole32.lib oleaut32.lib uuid.lib comdlg32.lib advapi32.lib /MANIFEST /MANIFESTUAC:"level='asInvoker' uiAccess='false'" /manifest:embed /DEBUG /PDB:"C:/oss/third_party/matio/CMake-hdf5-1.10.1/build/CMakeFiles/CMakeTmp/Debug/cmTC_0254d.pdb" /SUBSYSTEM:CONSOLE /TLBID:1 /DYNAMICBASE /NXCOMPAT /IMPLIB:"C:/oss/third_party/matio/CMake-hdf5-1.10.1/build/CMakeFiles/CMakeTmp/Debug/cmTC_0254d.lib" /MACHINE:X64  /machine:x64 cmTC_0254d.dir\Debug\ConversionTests.obj
  cmTC_0254d.vcxproj -> C:\oss\third_party\matio\CMake-hdf5-1.10.1\build\CMakeFiles\CMakeTmp\Debug\cmTC_0254d.exe
  cmTC_0254d.vcxproj -> C:/oss/third_party/matio/CMake-hdf5-1.10.1/build/CMakeFiles/CMakeTmp/Debug/cmTC_0254d.pdb (Full PDB)
FinalizeBuildStatus:
  Deleting file "cmTC_0254d.dir\Debug\cmTC_0254d.tlog\unsuccessfulbuild".
  Touching "cmTC_0254d.dir\Debug\cmTC_0254d.tlog\cmTC_0254d.lastbuildstate".
Done Building Project "C:\oss\third_party\matio\CMake-hdf5-1.10.1\build\CMakeFiles\CMakeTmp\cmTC_0254d.vcxproj" (default targets).

Build succeeded.

"C:\oss\third_party\matio\CMake-hdf5-1.10.1\build\CMakeFiles\CMakeTmp\cmTC_0254d.vcxproj" (default target) (1) ->
(ClCompile target) -> 
  C:\oss\third_party\matio\CMake-hdf5-1.10.1\hdf5-1.10.1\config\cmake\ConversionTests.c(97): warning C4305: '=': truncation from '__int64' to 'long' [C:\oss\third_party\matio\CMake-hdf5-1.10.1\build\CMakeFiles\CMakeTmp\cmTC_0254d.vcxproj]
  C:\oss\third_party\matio\CMake-hdf5-1.10.1\hdf5-1.10.1\config\cmake\ConversionTests.c(130): warning C4102: 'done': unreferenced label [C:\oss\third_party\matio\CMake-hdf5-1.10.1\build\CMakeFiles\CMakeTmp\cmTC_0254d.vcxproj]

    2 Warning(s)
    0 Error(s)

Time Elapsed 00:00:01.88

